[2023-09-29 12:09:57.406 AM] error: 	uncaughtException: aftr is not defined
ReferenceError: aftr is not defined
    at Object.<anonymous> (D:\Tirta Hakim Pambudhi\Tirta Hakim P XI SIJA 2\NodeJs\Clean Code Projects\Projects\src\models\db\db.invoices.models.js:70:9)
    at Module._compile (node:internal/modules/cjs/loader:1159:14)
    at Module._extensions..js (node:internal/modules/cjs/loader:1213:10)
    at Module.load (node:internal/modules/cjs/loader:1037:32)
    at Module._load (node:internal/modules/cjs/loader:878:12)
    at Module.require (node:internal/modules/cjs/loader:1061:19)
    at require (node:internal/modules/cjs/helpers:103:18)
    at Object.<anonymous> (D:\Tirta Hakim Pambudhi\Tirta Hakim P XI SIJA 2\NodeJs\Clean Code Projects\Projects\src\models\models.js:5:17)
    at Module._compile (node:internal/modules/cjs/loader:1159:14)
    at Module._extensions..js (node:internal/modules/cjs/loader:1213:10)
[2023-09-29 12:09:59.757 AM] error: 	uncaughtException: after is not defined
ReferenceError: after is not defined
    at Object.<anonymous> (D:\Tirta Hakim Pambudhi\Tirta Hakim P XI SIJA 2\NodeJs\Clean Code Projects\Projects\src\models\db\db.invoices.models.js:70:9)
    at Module._compile (node:internal/modules/cjs/loader:1159:14)
    at Module._extensions..js (node:internal/modules/cjs/loader:1213:10)
    at Module.load (node:internal/modules/cjs/loader:1037:32)
    at Module._load (node:internal/modules/cjs/loader:878:12)
    at Module.require (node:internal/modules/cjs/loader:1061:19)
    at require (node:internal/modules/cjs/helpers:103:18)
    at Object.<anonymous> (D:\Tirta Hakim Pambudhi\Tirta Hakim P XI SIJA 2\NodeJs\Clean Code Projects\Projects\src\models\models.js:5:17)
    at Module._compile (node:internal/modules/cjs/loader:1159:14)
    at Module._extensions..js (node:internal/modules/cjs/loader:1213:10)
[2023-09-29 12:10:03.699 AM] error: 	uncaughtException: Unexpected token ')'
D:\Tirta Hakim Pambudhi\Tirta Hakim P XI SIJA 2\NodeJs\Clean Code Projects\Projects\src\models\db\db.invoices.models.js:70
        afterCreate : ()
                       ^

SyntaxError: Unexpected token ')'
    at Object.compileFunction (node:vm:360:18)
    at wrapSafe (node:internal/modules/cjs/loader:1088:15)
    at Module._compile (node:internal/modules/cjs/loader:1123:27)
    at Module._extensions..js (node:internal/modules/cjs/loader:1213:10)
    at Module.load (node:internal/modules/cjs/loader:1037:32)
    at Module._load (node:internal/modules/cjs/loader:878:12)
    at Module.require (node:internal/modules/cjs/loader:1061:19)
    at require (node:internal/modules/cjs/helpers:103:18)
    at Object.<anonymous> (D:\Tirta Hakim Pambudhi\Tirta Hakim P XI SIJA 2\NodeJs\Clean Code Projects\Projects\src\models\models.js:5:17)
    at Module._compile (node:internal/modules/cjs/loader:1159:14)
[2023-09-29 12:10:09.829 AM] error: 	uncaughtException: Unexpected token '}'
D:\Tirta Hakim Pambudhi\Tirta Hakim P XI SIJA 2\NodeJs\Clean Code Projects\Projects\src\models\db\db.invoices.models.js:71
    }
    ^

SyntaxError: Unexpected token '}'
    at Object.compileFunction (node:vm:360:18)
    at wrapSafe (node:internal/modules/cjs/loader:1088:15)
    at Module._compile (node:internal/modules/cjs/loader:1123:27)
    at Module._extensions..js (node:internal/modules/cjs/loader:1213:10)
    at Module.load (node:internal/modules/cjs/loader:1037:32)
    at Module._load (node:internal/modules/cjs/loader:878:12)
    at Module.require (node:internal/modules/cjs/loader:1061:19)
    at require (node:internal/modules/cjs/helpers:103:18)
    at Object.<anonymous> (D:\Tirta Hakim Pambudhi\Tirta Hakim P XI SIJA 2\NodeJs\Clean Code Projects\Projects\src\models\models.js:5:17)
    at Module._compile (node:internal/modules/cjs/loader:1159:14)
[2023-09-29 12:10:13.980 AM] error: 	uncaughtException: async is not defined
ReferenceError: async is not defined
    at Object.<anonymous> (D:\Tirta Hakim Pambudhi\Tirta Hakim P XI SIJA 2\NodeJs\Clean Code Projects\Projects\src\models\db\db.invoices.models.js:70:23)
    at Module._compile (node:internal/modules/cjs/loader:1159:14)
    at Module._extensions..js (node:internal/modules/cjs/loader:1213:10)
    at Module.load (node:internal/modules/cjs/loader:1037:32)
    at Module._load (node:internal/modules/cjs/loader:878:12)
    at Module.require (node:internal/modules/cjs/loader:1061:19)
    at require (node:internal/modules/cjs/helpers:103:18)
    at Object.<anonymous> (D:\Tirta Hakim Pambudhi\Tirta Hakim P XI SIJA 2\NodeJs\Clean Code Projects\Projects\src\models\models.js:5:17)
    at Module._compile (node:internal/modules/cjs/loader:1159:14)
    at Module._extensions..js (node:internal/modules/cjs/loader:1213:10)
[2023-09-29 12:11:42.592 AM] error: 	uncaughtException: async is not defined
ReferenceError: async is not defined
    at Object.<anonymous> (D:\Tirta Hakim Pambudhi\Tirta Hakim P XI SIJA 2\NodeJs\Clean Code Projects\Projects\src\models\db\db.invoices.models.js:85:25)
    at Module._compile (node:internal/modules/cjs/loader:1159:14)
    at Module._extensions..js (node:internal/modules/cjs/loader:1213:10)
    at Module.load (node:internal/modules/cjs/loader:1037:32)
    at Module._load (node:internal/modules/cjs/loader:878:12)
    at Module.require (node:internal/modules/cjs/loader:1061:19)
    at require (node:internal/modules/cjs/helpers:103:18)
    at Object.<anonymous> (D:\Tirta Hakim Pambudhi\Tirta Hakim P XI SIJA 2\NodeJs\Clean Code Projects\Projects\src\models\models.js:5:17)
    at Module._compile (node:internal/modules/cjs/loader:1159:14)
    at Module._extensions..js (node:internal/modules/cjs/loader:1213:10)
[2023-09-29 01:36:05.079 AM] error: 	uncaughtException: In is not defined
ReferenceError: In is not defined
    at Object.<anonymous> (D:\Tirta Hakim Pambudhi\Tirta Hakim P XI SIJA 2\NodeJs\Clean Code Projects\Projects\src\models\db\db.invoices.models.js:104:1)
    at Module._compile (node:internal/modules/cjs/loader:1159:14)
    at Module._extensions..js (node:internal/modules/cjs/loader:1213:10)
    at Module.load (node:internal/modules/cjs/loader:1037:32)
    at Module._load (node:internal/modules/cjs/loader:878:12)
    at Module.require (node:internal/modules/cjs/loader:1061:19)
    at require (node:internal/modules/cjs/helpers:103:18)
    at Object.<anonymous> (D:\Tirta Hakim Pambudhi\Tirta Hakim P XI SIJA 2\NodeJs\Clean Code Projects\Projects\src\models\models.js:5:17)
    at Module._compile (node:internal/modules/cjs/loader:1159:14)
    at Module._extensions..js (node:internal/modules/cjs/loader:1213:10)
[2023-09-29 01:36:09.172 AM] error: 	uncaughtException: Cannot read properties of undefined (reading 'proxies')
TypeError: Cannot read properties of undefined (reading 'proxies')
    at getProxiedHooks (D:\Tirta Hakim Pambudhi\Tirta Hakim P XI SIJA 2\NodeJs\Clean Code Projects\Projects\node_modules\sequelize\lib\hooks.js:54:59)
    at invoice.addHook (D:\Tirta Hakim Pambudhi\Tirta Hakim P XI SIJA 2\NodeJs\Clean Code Projects\Projects\node_modules\sequelize\lib\hooks.js:105:16)
    at Object.<anonymous> (D:\Tirta Hakim Pambudhi\Tirta Hakim P XI SIJA 2\NodeJs\Clean Code Projects\Projects\src\models\db\db.invoices.models.js:104:9)
    at Module._compile (node:internal/modules/cjs/loader:1159:14)
    at Module._extensions..js (node:internal/modules/cjs/loader:1213:10)
    at Module.load (node:internal/modules/cjs/loader:1037:32)
    at Module._load (node:internal/modules/cjs/loader:878:12)
    at Module.require (node:internal/modules/cjs/loader:1061:19)
    at require (node:internal/modules/cjs/helpers:103:18)
    at Object.<anonymous> (D:\Tirta Hakim Pambudhi\Tirta Hakim P XI SIJA 2\NodeJs\Clean Code Projects\Projects\src\models\models.js:5:17)
[2023-09-29 01:36:25.619 AM] error: 	uncaughtException: Cannot read properties of undefined (reading 'proxies')
TypeError: Cannot read properties of undefined (reading 'proxies')
    at getProxiedHooks (D:\Tirta Hakim Pambudhi\Tirta Hakim P XI SIJA 2\NodeJs\Clean Code Projects\Projects\node_modules\sequelize\lib\hooks.js:54:59)
    at invoice.addHook (D:\Tirta Hakim Pambudhi\Tirta Hakim P XI SIJA 2\NodeJs\Clean Code Projects\Projects\node_modules\sequelize\lib\hooks.js:105:16)
    at Object.<anonymous> (D:\Tirta Hakim Pambudhi\Tirta Hakim P XI SIJA 2\NodeJs\Clean Code Projects\Projects\src\models\db\db.invoices.models.js:104:9)
    at Module._compile (node:internal/modules/cjs/loader:1159:14)
    at Module._extensions..js (node:internal/modules/cjs/loader:1213:10)
    at Module.load (node:internal/modules/cjs/loader:1037:32)
    at Module._load (node:internal/modules/cjs/loader:878:12)
    at Module.require (node:internal/modules/cjs/loader:1061:19)
    at require (node:internal/modules/cjs/helpers:103:18)
    at Object.<anonymous> (D:\Tirta Hakim Pambudhi\Tirta Hakim P XI SIJA 2\NodeJs\Clean Code Projects\Projects\src\models\models.js:5:17)
[2023-09-29 01:36:52.061 AM] error: 	uncaughtException: await is only valid in async functions and the top level bodies of modules
D:\Tirta Hakim Pambudhi\Tirta Hakim P XI SIJA 2\NodeJs\Clean Code Projects\Projects\src\models\db\db.invoices.models.js:105
    let cars = await Cars.findByPk(inv.carsId)
               ^^^^^

SyntaxError: await is only valid in async functions and the top level bodies of modules
    at Object.compileFunction (node:vm:360:18)
    at wrapSafe (node:internal/modules/cjs/loader:1088:15)
    at Module._compile (node:internal/modules/cjs/loader:1123:27)
    at Module._extensions..js (node:internal/modules/cjs/loader:1213:10)
    at Module.load (node:internal/modules/cjs/loader:1037:32)
    at Module._load (node:internal/modules/cjs/loader:878:12)
    at Module.require (node:internal/modules/cjs/loader:1061:19)
    at require (node:internal/modules/cjs/helpers:103:18)
    at Object.<anonymous> (D:\Tirta Hakim Pambudhi\Tirta Hakim P XI SIJA 2\NodeJs\Clean Code Projects\Projects\src\models\models.js:5:17)
    at Module._compile (node:internal/modules/cjs/loader:1159:14)
[2023-09-29 01:40:59.580 AM] error: 	uncaughtException: missing ) after argument list
D:\Tirta Hakim Pambudhi\Tirta Hakim P XI SIJA 2\NodeJs\Clean Code Projects\Projects\src\services\invoices.services.js:92
            await this.Invoice.destroy({where : {id : is_Inv.id}},individualHooks: true, // Pastikan ini disetel ke true)
                                                                  ^^^^^^^^^^^^^^^

SyntaxError: missing ) after argument list
    at Object.compileFunction (node:vm:360:18)
    at wrapSafe (node:internal/modules/cjs/loader:1088:15)
    at Module._compile (node:internal/modules/cjs/loader:1123:27)
    at Module._extensions..js (node:internal/modules/cjs/loader:1213:10)
    at Module.load (node:internal/modules/cjs/loader:1037:32)
    at Module._load (node:internal/modules/cjs/loader:878:12)
    at Module.require (node:internal/modules/cjs/loader:1061:19)
    at require (node:internal/modules/cjs/helpers:103:18)
    at Object.<anonymous> (D:\Tirta Hakim Pambudhi\Tirta Hakim P XI SIJA 2\NodeJs\Clean Code Projects\Projects\src\controllers\invoice.controller.js:5:30)
    at Module._compile (node:internal/modules/cjs/loader:1159:14)
[2023-09-29 01:41:05.392 AM] error: 	uncaughtException: missing ) after argument list
D:\Tirta Hakim Pambudhi\Tirta Hakim P XI SIJA 2\NodeJs\Clean Code Projects\Projects\src\services\invoices.services.js:92
            await this.Invoice.destroy({where : {id : is_Inv.id}},individualHooks: true)
                                                                  ^^^^^^^^^^^^^^^

SyntaxError: missing ) after argument list
    at Object.compileFunction (node:vm:360:18)
    at wrapSafe (node:internal/modules/cjs/loader:1088:15)
    at Module._compile (node:internal/modules/cjs/loader:1123:27)
    at Module._extensions..js (node:internal/modules/cjs/loader:1213:10)
    at Module.load (node:internal/modules/cjs/loader:1037:32)
    at Module._load (node:internal/modules/cjs/loader:878:12)
    at Module.require (node:internal/modules/cjs/loader:1061:19)
    at require (node:internal/modules/cjs/helpers:103:18)
    at Object.<anonymous> (D:\Tirta Hakim Pambudhi\Tirta Hakim P XI SIJA 2\NodeJs\Clean Code Projects\Projects\src\controllers\invoice.controller.js:5:30)
    at Module._compile (node:internal/modules/cjs/loader:1159:14)
[2023-09-29 01:51:05.734 AM] error: 	uncaughtException: Unexpected token '}'
D:\Tirta Hakim Pambudhi\Tirta Hakim P XI SIJA 2\NodeJs\Clean Code Projects\Projects\src\services\seller.services.js:258
}
^

SyntaxError: Unexpected token '}'
    at Object.compileFunction (node:vm:360:18)
    at wrapSafe (node:internal/modules/cjs/loader:1088:15)
    at Module._compile (node:internal/modules/cjs/loader:1123:27)
    at Module._extensions..js (node:internal/modules/cjs/loader:1213:10)
    at Module.load (node:internal/modules/cjs/loader:1037:32)
    at Module._load (node:internal/modules/cjs/loader:878:12)
    at Module.require (node:internal/modules/cjs/loader:1061:19)
    at require (node:internal/modules/cjs/helpers:103:18)
    at Object.<anonymous> (D:\Tirta Hakim Pambudhi\Tirta Hakim P XI SIJA 2\NodeJs\Clean Code Projects\Projects\src\controllers\seller.controller.js:3:24)
    at Module._compile (node:internal/modules/cjs/loader:1159:14)
[2023-09-29 01:51:10.413 AM] error: 	uncaughtException: Unexpected token '}'
D:\Tirta Hakim Pambudhi\Tirta Hakim P XI SIJA 2\NodeJs\Clean Code Projects\Projects\src\services\seller.services.js:258
}
^

SyntaxError: Unexpected token '}'
    at Object.compileFunction (node:vm:360:18)
    at wrapSafe (node:internal/modules/cjs/loader:1088:15)
    at Module._compile (node:internal/modules/cjs/loader:1123:27)
    at Module._extensions..js (node:internal/modules/cjs/loader:1213:10)
    at Module.load (node:internal/modules/cjs/loader:1037:32)
    at Module._load (node:internal/modules/cjs/loader:878:12)
    at Module.require (node:internal/modules/cjs/loader:1061:19)
    at require (node:internal/modules/cjs/helpers:103:18)
    at Object.<anonymous> (D:\Tirta Hakim Pambudhi\Tirta Hakim P XI SIJA 2\NodeJs\Clean Code Projects\Projects\src\controllers\seller.controller.js:3:24)
    at Module._compile (node:internal/modules/cjs/loader:1159:14)
[2023-09-29 01:51:36.117 AM] error: 	uncaughtException: Missing initializer in const declaration
D:\Tirta Hakim Pambudhi\Tirta Hakim P XI SIJA 2\NodeJs\Clean Code Projects\Projects\src\services\seller.services.js:257
      const url
            ^^^

SyntaxError: Missing initializer in const declaration
    at Object.compileFunction (node:vm:360:18)
    at wrapSafe (node:internal/modules/cjs/loader:1088:15)
    at Module._compile (node:internal/modules/cjs/loader:1123:27)
    at Module._extensions..js (node:internal/modules/cjs/loader:1213:10)
    at Module.load (node:internal/modules/cjs/loader:1037:32)
    at Module._load (node:internal/modules/cjs/loader:878:12)
    at Module.require (node:internal/modules/cjs/loader:1061:19)
    at require (node:internal/modules/cjs/helpers:103:18)
    at Object.<anonymous> (D:\Tirta Hakim Pambudhi\Tirta Hakim P XI SIJA 2\NodeJs\Clean Code Projects\Projects\src\controllers\seller.controller.js:3:24)
    at Module._compile (node:internal/modules/cjs/loader:1159:14)
[2023-09-29 01:51:40.012 AM] error: 	uncaughtException: Unexpected token '}'
D:\Tirta Hakim Pambudhi\Tirta Hakim P XI SIJA 2\NodeJs\Clean Code Projects\Projects\src\services\seller.services.js:258
    } catch (error) {
    ^

SyntaxError: Unexpected token '}'
    at Object.compileFunction (node:vm:360:18)
    at wrapSafe (node:internal/modules/cjs/loader:1088:15)
    at Module._compile (node:internal/modules/cjs/loader:1123:27)
    at Module._extensions..js (node:internal/modules/cjs/loader:1213:10)
    at Module.load (node:internal/modules/cjs/loader:1037:32)
    at Module._load (node:internal/modules/cjs/loader:878:12)
    at Module.require (node:internal/modules/cjs/loader:1061:19)
    at require (node:internal/modules/cjs/helpers:103:18)
    at Object.<anonymous> (D:\Tirta Hakim Pambudhi\Tirta Hakim P XI SIJA 2\NodeJs\Clean Code Projects\Projects\src\controllers\seller.controller.js:3:24)
    at Module._compile (node:internal/modules/cjs/loader:1159:14)
[2023-09-29 01:51:55.180 AM] error: 	uncaughtException: Unexpected token ')'
D:\Tirta Hakim Pambudhi\Tirta Hakim P XI SIJA 2\NodeJs\Clean Code Projects\Projects\src\services\seller.services.js:258
      if()
         ^

SyntaxError: Unexpected token ')'
    at Object.compileFunction (node:vm:360:18)
    at wrapSafe (node:internal/modules/cjs/loader:1088:15)
    at Module._compile (node:internal/modules/cjs/loader:1123:27)
    at Module._extensions..js (node:internal/modules/cjs/loader:1213:10)
    at Module.load (node:internal/modules/cjs/loader:1037:32)
    at Module._load (node:internal/modules/cjs/loader:878:12)
    at Module.require (node:internal/modules/cjs/loader:1061:19)
    at require (node:internal/modules/cjs/helpers:103:18)
    at Object.<anonymous> (D:\Tirta Hakim Pambudhi\Tirta Hakim P XI SIJA 2\NodeJs\Clean Code Projects\Projects\src\controllers\seller.controller.js:3:24)
    at Module._compile (node:internal/modules/cjs/loader:1159:14)
[2023-09-29 01:52:02.645 AM] error: 	uncaughtException: Unexpected token '}'
D:\Tirta Hakim Pambudhi\Tirta Hakim P XI SIJA 2\NodeJs\Clean Code Projects\Projects\src\services\seller.services.js:259
    } catch (error) {
    ^

SyntaxError: Unexpected token '}'
    at Object.compileFunction (node:vm:360:18)
    at wrapSafe (node:internal/modules/cjs/loader:1088:15)
    at Module._compile (node:internal/modules/cjs/loader:1123:27)
    at Module._extensions..js (node:internal/modules/cjs/loader:1213:10)
    at Module.load (node:internal/modules/cjs/loader:1037:32)
    at Module._load (node:internal/modules/cjs/loader:878:12)
    at Module.require (node:internal/modules/cjs/loader:1061:19)
    at require (node:internal/modules/cjs/helpers:103:18)
    at Object.<anonymous> (D:\Tirta Hakim Pambudhi\Tirta Hakim P XI SIJA 2\NodeJs\Clean Code Projects\Projects\src\controllers\seller.controller.js:3:24)
    at Module._compile (node:internal/modules/cjs/loader:1159:14)
[2023-09-29 01:52:24.763 AM] error: 	uncaughtException: Unexpected token '}'
D:\Tirta Hakim Pambudhi\Tirta Hakim P XI SIJA 2\NodeJs\Clean Code Projects\Projects\src\services\seller.services.js:260
    } catch (error) {
    ^

SyntaxError: Unexpected token '}'
    at Object.compileFunction (node:vm:360:18)
    at wrapSafe (node:internal/modules/cjs/loader:1088:15)
    at Module._compile (node:internal/modules/cjs/loader:1123:27)
    at Module._extensions..js (node:internal/modules/cjs/loader:1213:10)
    at Module.load (node:internal/modules/cjs/loader:1037:32)
    at Module._load (node:internal/modules/cjs/loader:878:12)
    at Module.require (node:internal/modules/cjs/loader:1061:19)
    at require (node:internal/modules/cjs/helpers:103:18)
    at Object.<anonymous> (D:\Tirta Hakim Pambudhi\Tirta Hakim P XI SIJA 2\NodeJs\Clean Code Projects\Projects\src\controllers\seller.controller.js:3:24)
    at Module._compile (node:internal/modules/cjs/loader:1159:14)
[2023-09-29 01:52:28.730 AM] error: 	uncaughtException: Unexpected token '}'
D:\Tirta Hakim Pambudhi\Tirta Hakim P XI SIJA 2\NodeJs\Clean Code Projects\Projects\src\services\seller.services.js:260
    } catch (error) {
    ^

SyntaxError: Unexpected token '}'
    at Object.compileFunction (node:vm:360:18)
    at wrapSafe (node:internal/modules/cjs/loader:1088:15)
    at Module._compile (node:internal/modules/cjs/loader:1123:27)
    at Module._extensions..js (node:internal/modules/cjs/loader:1213:10)
    at Module.load (node:internal/modules/cjs/loader:1037:32)
    at Module._load (node:internal/modules/cjs/loader:878:12)
    at Module.require (node:internal/modules/cjs/loader:1061:19)
    at require (node:internal/modules/cjs/helpers:103:18)
    at Object.<anonymous> (D:\Tirta Hakim Pambudhi\Tirta Hakim P XI SIJA 2\NodeJs\Clean Code Projects\Projects\src\controllers\seller.controller.js:3:24)
    at Module._compile (node:internal/modules/cjs/loader:1159:14)
[2023-09-29 01:54:02.702 AM] error: 	uncaughtException: Unexpected token '}'
D:\Tirta Hakim Pambudhi\Tirta Hakim P XI SIJA 2\NodeJs\Clean Code Projects\Projects\src\services\seller.services.js:262
    } catch (error) {
    ^

SyntaxError: Unexpected token '}'
    at Object.compileFunction (node:vm:360:18)
    at wrapSafe (node:internal/modules/cjs/loader:1088:15)
    at Module._compile (node:internal/modules/cjs/loader:1123:27)
    at Module._extensions..js (node:internal/modules/cjs/loader:1213:10)
    at Module.load (node:internal/modules/cjs/loader:1037:32)
    at Module._load (node:internal/modules/cjs/loader:878:12)
    at Module.require (node:internal/modules/cjs/loader:1061:19)
    at require (node:internal/modules/cjs/helpers:103:18)
    at Object.<anonymous> (D:\Tirta Hakim Pambudhi\Tirta Hakim P XI SIJA 2\NodeJs\Clean Code Projects\Projects\src\controllers\seller.controller.js:3:24)
    at Module._compile (node:internal/modules/cjs/loader:1159:14)
[2023-09-29 01:56:53.128 AM] error: 	uncaughtException: Unexpected token '}'
D:\Tirta Hakim Pambudhi\Tirta Hakim P XI SIJA 2\NodeJs\Clean Code Projects\Projects\src\services\seller.services.js:273
}
^

SyntaxError: Unexpected token '}'
    at Object.compileFunction (node:vm:360:18)
    at wrapSafe (node:internal/modules/cjs/loader:1088:15)
    at Module._compile (node:internal/modules/cjs/loader:1123:27)
    at Module._extensions..js (node:internal/modules/cjs/loader:1213:10)
    at Module.load (node:internal/modules/cjs/loader:1037:32)
    at Module._load (node:internal/modules/cjs/loader:878:12)
    at Module.require (node:internal/modules/cjs/loader:1061:19)
    at require (node:internal/modules/cjs/helpers:103:18)
    at Object.<anonymous> (D:\Tirta Hakim Pambudhi\Tirta Hakim P XI SIJA 2\NodeJs\Clean Code Projects\Projects\src\controllers\seller.controller.js:3:24)
    at Module._compile (node:internal/modules/cjs/loader:1159:14)
[2023-09-29 01:56:57.758 AM] error: 	uncaughtException: Unexpected token '}'
D:\Tirta Hakim Pambudhi\Tirta Hakim P XI SIJA 2\NodeJs\Clean Code Projects\Projects\src\services\seller.services.js:273
}
^

SyntaxError: Unexpected token '}'
    at Object.compileFunction (node:vm:360:18)
    at wrapSafe (node:internal/modules/cjs/loader:1088:15)
    at Module._compile (node:internal/modules/cjs/loader:1123:27)
    at Module._extensions..js (node:internal/modules/cjs/loader:1213:10)
    at Module.load (node:internal/modules/cjs/loader:1037:32)
    at Module._load (node:internal/modules/cjs/loader:878:12)
    at Module.require (node:internal/modules/cjs/loader:1061:19)
    at require (node:internal/modules/cjs/helpers:103:18)
    at Object.<anonymous> (D:\Tirta Hakim Pambudhi\Tirta Hakim P XI SIJA 2\NodeJs\Clean Code Projects\Projects\src\controllers\seller.controller.js:3:24)
    at Module._compile (node:internal/modules/cjs/loader:1159:14)
[2023-09-29 01:57:49.772 AM] error: 	uncaughtException: Unexpected token '}'
D:\Tirta Hakim Pambudhi\Tirta Hakim P XI SIJA 2\NodeJs\Clean Code Projects\Projects\src\services\seller.services.js:275
    } catch (error) {
    ^

SyntaxError: Unexpected token '}'
    at Object.compileFunction (node:vm:360:18)
    at wrapSafe (node:internal/modules/cjs/loader:1088:15)
    at Module._compile (node:internal/modules/cjs/loader:1123:27)
    at Module._extensions..js (node:internal/modules/cjs/loader:1213:10)
    at Module.load (node:internal/modules/cjs/loader:1037:32)
    at Module._load (node:internal/modules/cjs/loader:878:12)
    at Module.require (node:internal/modules/cjs/loader:1061:19)
    at require (node:internal/modules/cjs/helpers:103:18)
    at Object.<anonymous> (D:\Tirta Hakim Pambudhi\Tirta Hakim P XI SIJA 2\NodeJs\Clean Code Projects\Projects\src\controllers\seller.controller.js:3:24)
    at Module._compile (node:internal/modules/cjs/loader:1159:14)
[2023-09-29 02:00:13.666 AM] error: 	uncaughtException: Missing initializer in const declaration
D:\Tirta Hakim Pambudhi\Tirta Hakim P XI SIJA 2\NodeJs\Clean Code Projects\Projects\src\services\pages\seller.page.service.js:76
      const is
            ^^

SyntaxError: Missing initializer in const declaration
    at Object.compileFunction (node:vm:360:18)
    at wrapSafe (node:internal/modules/cjs/loader:1088:15)
    at Module._compile (node:internal/modules/cjs/loader:1123:27)
    at Module._extensions..js (node:internal/modules/cjs/loader:1213:10)
    at Module.load (node:internal/modules/cjs/loader:1037:32)
    at Module._load (node:internal/modules/cjs/loader:878:12)
    at Module.require (node:internal/modules/cjs/loader:1061:19)
    at require (node:internal/modules/cjs/helpers:103:18)
    at Object.<anonymous> (D:\Tirta Hakim Pambudhi\Tirta Hakim P XI SIJA 2\NodeJs\Clean Code Projects\Projects\src\controllers\pages\seller.pages.controller.js:5:29)
    at Module._compile (node:internal/modules/cjs/loader:1159:14)
[2023-09-29 02:00:58.340 AM] error: 	uncaughtException: Unexpected token '}'
D:\Tirta Hakim Pambudhi\Tirta Hakim P XI SIJA 2\NodeJs\Clean Code Projects\Projects\src\services\pages\seller.page.service.js:78
      })
      ^

SyntaxError: Unexpected token '}'
    at Object.compileFunction (node:vm:360:18)
    at wrapSafe (node:internal/modules/cjs/loader:1088:15)
    at Module._compile (node:internal/modules/cjs/loader:1123:27)
    at Module._extensions..js (node:internal/modules/cjs/loader:1213:10)
    at Module.load (node:internal/modules/cjs/loader:1037:32)
    at Module._load (node:internal/modules/cjs/loader:878:12)
    at Module.require (node:internal/modules/cjs/loader:1061:19)
    at require (node:internal/modules/cjs/helpers:103:18)
    at Object.<anonymous> (D:\Tirta Hakim Pambudhi\Tirta Hakim P XI SIJA 2\NodeJs\Clean Code Projects\Projects\src\controllers\pages\seller.pages.controller.js:5:29)
    at Module._compile (node:internal/modules/cjs/loader:1159:14)
[2023-09-29 02:06:06.065 AM] error: 	uncaughtException: Unexpected token '}'
D:\Tirta Hakim Pambudhi\Tirta Hakim P XI SIJA 2\NodeJs\Clean Code Projects\Projects\src\services\pages\seller.page.service.js:96
    } catch (error) {
    ^

SyntaxError: Unexpected token '}'
    at Object.compileFunction (node:vm:360:18)
    at wrapSafe (node:internal/modules/cjs/loader:1088:15)
    at Module._compile (node:internal/modules/cjs/loader:1123:27)
    at Module._extensions..js (node:internal/modules/cjs/loader:1213:10)
    at Module.load (node:internal/modules/cjs/loader:1037:32)
    at Module._load (node:internal/modules/cjs/loader:878:12)
    at Module.require (node:internal/modules/cjs/loader:1061:19)
    at require (node:internal/modules/cjs/helpers:103:18)
    at Object.<anonymous> (D:\Tirta Hakim Pambudhi\Tirta Hakim P XI SIJA 2\NodeJs\Clean Code Projects\Projects\src\controllers\pages\seller.pages.controller.js:5:29)
    at Module._compile (node:internal/modules/cjs/loader:1159:14)
[2023-09-29 02:08:18.714 AM] error: 	uncaughtException: Missing initializer in const declaration
D:\Tirta Hakim Pambudhi\Tirta Hakim P XI SIJA 2\NodeJs\Clean Code Projects\Projects\src\controllers\pages\seller.pages.controller.js:80
            const id
                  ^^

SyntaxError: Missing initializer in const declaration
    at Object.compileFunction (node:vm:360:18)
    at wrapSafe (node:internal/modules/cjs/loader:1088:15)
    at Module._compile (node:internal/modules/cjs/loader:1123:27)
    at Module._extensions..js (node:internal/modules/cjs/loader:1213:10)
    at Module.load (node:internal/modules/cjs/loader:1037:32)
    at Module._load (node:internal/modules/cjs/loader:878:12)
    at Module.require (node:internal/modules/cjs/loader:1061:19)
    at require (node:internal/modules/cjs/helpers:103:18)
    at Object.<anonymous> (D:\Tirta Hakim Pambudhi\Tirta Hakim P XI SIJA 2\NodeJs\Clean Code Projects\Projects\src\routes\seller.routes.js:3:32)
    at Module._compile (node:internal/modules/cjs/loader:1159:14)
[2023-09-29 02:08:49.966 AM] error: 	uncaughtException: Unexpected token '}'
D:\Tirta Hakim Pambudhi\Tirta Hakim P XI SIJA 2\NodeJs\Clean Code Projects\Projects\src\controllers\pages\seller.pages.controller.js:83
        } catch (error) {
        ^

SyntaxError: Unexpected token '}'
    at Object.compileFunction (node:vm:360:18)
    at wrapSafe (node:internal/modules/cjs/loader:1088:15)
    at Module._compile (node:internal/modules/cjs/loader:1123:27)
    at Module._extensions..js (node:internal/modules/cjs/loader:1213:10)
    at Module.load (node:internal/modules/cjs/loader:1037:32)
    at Module._load (node:internal/modules/cjs/loader:878:12)
    at Module.require (node:internal/modules/cjs/loader:1061:19)
    at require (node:internal/modules/cjs/helpers:103:18)
    at Object.<anonymous> (D:\Tirta Hakim Pambudhi\Tirta Hakim P XI SIJA 2\NodeJs\Clean Code Projects\Projects\src\routes\seller.routes.js:3:32)
    at Module._compile (node:internal/modules/cjs/loader:1159:14)
[2023-09-29 02:08:55.337 AM] error: 	uncaughtException: Unexpected token '}'
D:\Tirta Hakim Pambudhi\Tirta Hakim P XI SIJA 2\NodeJs\Clean Code Projects\Projects\src\controllers\pages\seller.pages.controller.js:83
        } catch (error) {
        ^

SyntaxError: Unexpected token '}'
    at Object.compileFunction (node:vm:360:18)
    at wrapSafe (node:internal/modules/cjs/loader:1088:15)
    at Module._compile (node:internal/modules/cjs/loader:1123:27)
    at Module._extensions..js (node:internal/modules/cjs/loader:1213:10)
    at Module.load (node:internal/modules/cjs/loader:1037:32)
    at Module._load (node:internal/modules/cjs/loader:878:12)
    at Module.require (node:internal/modules/cjs/loader:1061:19)
    at require (node:internal/modules/cjs/helpers:103:18)
    at Object.<anonymous> (D:\Tirta Hakim Pambudhi\Tirta Hakim P XI SIJA 2\NodeJs\Clean Code Projects\Projects\src\routes\seller.routes.js:3:32)
    at Module._compile (node:internal/modules/cjs/loader:1159:14)
[2023-09-29 02:09:13.462 AM] error: 	uncaughtException: Unexpected token 'const'
D:\Tirta Hakim Pambudhi\Tirta Hakim P XI SIJA 2\NodeJs\Clean Code Projects\Projects\src\controllers\pages\seller.pages.controller.js:83
            const result = await service.mulct_users_invoice(id_params,id_Inv,)
            ^^^^^

SyntaxError: Unexpected token 'const'
    at Object.compileFunction (node:vm:360:18)
    at wrapSafe (node:internal/modules/cjs/loader:1088:15)
    at Module._compile (node:internal/modules/cjs/loader:1123:27)
    at Module._extensions..js (node:internal/modules/cjs/loader:1213:10)
    at Module.load (node:internal/modules/cjs/loader:1037:32)
    at Module._load (node:internal/modules/cjs/loader:878:12)
    at Module.require (node:internal/modules/cjs/loader:1061:19)
    at require (node:internal/modules/cjs/helpers:103:18)
    at Object.<anonymous> (D:\Tirta Hakim Pambudhi\Tirta Hakim P XI SIJA 2\NodeJs\Clean Code Projects\Projects\src\routes\seller.routes.js:3:32)
    at Module._compile (node:internal/modules/cjs/loader:1159:14)
[2023-09-29 02:10:19.033 AM] error: 	uncaughtException: Cannot set properties of undefined (setting 'exports')
TypeError: Cannot set properties of undefined (setting 'exports')
    at Object.<anonymous> (D:\Tirta Hakim Pambudhi\Tirta Hakim P XI SIJA 2\NodeJs\Clean Code Projects\Projects\src\routes\seller.routes.js:47:16)
    at Module._compile (node:internal/modules/cjs/loader:1159:14)
    at Module._extensions..js (node:internal/modules/cjs/loader:1213:10)
    at Module.load (node:internal/modules/cjs/loader:1037:32)
    at Module._load (node:internal/modules/cjs/loader:878:12)
    at Module.require (node:internal/modules/cjs/loader:1061:19)
    at require (node:internal/modules/cjs/helpers:103:18)
    at Object.<anonymous> (D:\Tirta Hakim Pambudhi\Tirta Hakim P XI SIJA 2\NodeJs\Clean Code Projects\Projects\src\app.js:9:22)
    at Module._compile (node:internal/modules/cjs/loader:1159:14)
    at Module._extensions..js (node:internal/modules/cjs/loader:1213:10)
[2023-09-29 02:11:00.150 AM] error: 	uncaughtException: Unexpected token ')'
D:\Tirta Hakim Pambudhi\Tirta Hakim P XI SIJA 2\NodeJs\Clean Code Projects\Projects\src\routes\seller.routes.js:45
route.post("/seller/invoice/:id/:id_Inv",Seller_Controller_Page.)
                                                                ^

SyntaxError: Unexpected token ')'
    at Object.compileFunction (node:vm:360:18)
    at wrapSafe (node:internal/modules/cjs/loader:1088:15)
    at Module._compile (node:internal/modules/cjs/loader:1123:27)
    at Module._extensions..js (node:internal/modules/cjs/loader:1213:10)
    at Module.load (node:internal/modules/cjs/loader:1037:32)
    at Module._load (node:internal/modules/cjs/loader:878:12)
    at Module.require (node:internal/modules/cjs/loader:1061:19)
    at require (node:internal/modules/cjs/helpers:103:18)
    at Object.<anonymous> (D:\Tirta Hakim Pambudhi\Tirta Hakim P XI SIJA 2\NodeJs\Clean Code Projects\Projects\src\app.js:9:22)
    at Module._compile (node:internal/modules/cjs/loader:1159:14)
[2023-09-29 02:16:57.752 AM] error: 	uncaughtException: Unexpected token '}'
D:\Tirta Hakim Pambudhi\Tirta Hakim P XI SIJA 2\NodeJs\Clean Code Projects\Projects\src\services\pages\seller.page.service.js:95
    } catch (error) {
    ^

SyntaxError: Unexpected token '}'
    at Object.compileFunction (node:vm:360:18)
    at wrapSafe (node:internal/modules/cjs/loader:1088:15)
    at Module._compile (node:internal/modules/cjs/loader:1123:27)
    at Module._extensions..js (node:internal/modules/cjs/loader:1213:10)
    at Module.load (node:internal/modules/cjs/loader:1037:32)
    at Module._load (node:internal/modules/cjs/loader:878:12)
    at Module.require (node:internal/modules/cjs/loader:1061:19)
    at require (node:internal/modules/cjs/helpers:103:18)
    at Object.<anonymous> (D:\Tirta Hakim Pambudhi\Tirta Hakim P XI SIJA 2\NodeJs\Clean Code Projects\Projects\src\controllers\pages\seller.pages.controller.js:5:29)
    at Module._compile (node:internal/modules/cjs/loader:1159:14)
[2023-09-30 05:28:22.356 AM] error: 	uncaughtException: Missing initializer in const declaration
D:\Tirta Hakim Pambudhi\Tirta Hakim P XI SIJA 2\NodeJs\Clean Code Projects\Projects\src\controllers\pages\seller.pages.controller.js:16
            const code 
                  ^^^^

SyntaxError: Missing initializer in const declaration
    at Object.compileFunction (node:vm:360:18)
    at wrapSafe (node:internal/modules/cjs/loader:1088:15)
    at Module._compile (node:internal/modules/cjs/loader:1123:27)
    at Module._extensions..js (node:internal/modules/cjs/loader:1213:10)
    at Module.load (node:internal/modules/cjs/loader:1037:32)
    at Module._load (node:internal/modules/cjs/loader:878:12)
    at Module.require (node:internal/modules/cjs/loader:1061:19)
    at require (node:internal/modules/cjs/helpers:103:18)
    at Object.<anonymous> (D:\Tirta Hakim Pambudhi\Tirta Hakim P XI SIJA 2\NodeJs\Clean Code Projects\Projects\src\routes\seller.routes.js:3:32)
    at Module._compile (node:internal/modules/cjs/loader:1159:14)
[2023-09-30 05:54:01.451 AM] error: 	uncaughtException: Unexpected token '}'
D:\Tirta Hakim Pambudhi\Tirta Hakim P XI SIJA 2\NodeJs\Clean Code Projects\Projects\src\controllers\seller.controller.js:30
            res.redirect(`/Kelompok-3/seller/verification?accesToken=${}`)
                                                                       ^

SyntaxError: Unexpected token '}'
    at Object.compileFunction (node:vm:360:18)
    at wrapSafe (node:internal/modules/cjs/loader:1088:15)
    at Module._compile (node:internal/modules/cjs/loader:1123:27)
    at Module._extensions..js (node:internal/modules/cjs/loader:1213:10)
    at Module.load (node:internal/modules/cjs/loader:1037:32)
    at Module._load (node:internal/modules/cjs/loader:878:12)
    at Module.require (node:internal/modules/cjs/loader:1061:19)
    at require (node:internal/modules/cjs/helpers:103:18)
    at Object.<anonymous> (D:\Tirta Hakim Pambudhi\Tirta Hakim P XI SIJA 2\NodeJs\Clean Code Projects\Projects\src\routes\seller.routes.js:2:32)
    at Module._compile (node:internal/modules/cjs/loader:1159:14)
[2023-09-30 05:54:04.623 AM] error: 	uncaughtException: Unexpected token '}'
D:\Tirta Hakim Pambudhi\Tirta Hakim P XI SIJA 2\NodeJs\Clean Code Projects\Projects\src\controllers\seller.controller.js:30
            res.redirect(`/Kelompok-3/seller/verification?accesToken=${}`)
                                                                       ^

SyntaxError: Unexpected token '}'
    at Object.compileFunction (node:vm:360:18)
    at wrapSafe (node:internal/modules/cjs/loader:1088:15)
    at Module._compile (node:internal/modules/cjs/loader:1123:27)
    at Module._extensions..js (node:internal/modules/cjs/loader:1213:10)
    at Module.load (node:internal/modules/cjs/loader:1037:32)
    at Module._load (node:internal/modules/cjs/loader:878:12)
    at Module.require (node:internal/modules/cjs/loader:1061:19)
    at require (node:internal/modules/cjs/helpers:103:18)
    at Object.<anonymous> (D:\Tirta Hakim Pambudhi\Tirta Hakim P XI SIJA 2\NodeJs\Clean Code Projects\Projects\src\routes\seller.routes.js:2:32)
    at Module._compile (node:internal/modules/cjs/loader:1159:14)
[2023-09-30 05:55:14.907 AM] error: 	uncaughtException: Cannot read properties of undefined (reading 'length')
TypeError: Cannot read properties of undefined (reading 'length')
    at pathtoRegexp (D:\Tirta Hakim Pambudhi\Tirta Hakim P XI SIJA 2\NodeJs\Clean Code Projects\Projects\node_modules\path-to-regexp\index.js:63:49)
    at new Layer (D:\Tirta Hakim Pambudhi\Tirta Hakim P XI SIJA 2\NodeJs\Clean Code Projects\Projects\node_modules\express\lib\router\layer.js:45:17)
    at Function.route (D:\Tirta Hakim Pambudhi\Tirta Hakim P XI SIJA 2\NodeJs\Clean Code Projects\Projects\node_modules\express\lib\router\index.js:505:15)
    at proto.<computed> [as get] (D:\Tirta Hakim Pambudhi\Tirta Hakim P XI SIJA 2\NodeJs\Clean Code Projects\Projects\node_modules\express\lib\router\index.js:520:22)
    at Object.<anonymous> (D:\Tirta Hakim Pambudhi\Tirta Hakim P XI SIJA 2\NodeJs\Clean Code Projects\Projects\src\routes\seller.routes.js:30:7)
    at Module._compile (node:internal/modules/cjs/loader:1159:14)
    at Module._extensions..js (node:internal/modules/cjs/loader:1213:10)
    at Module.load (node:internal/modules/cjs/loader:1037:32)
    at Module._load (node:internal/modules/cjs/loader:878:12)
    at Module.require (node:internal/modules/cjs/loader:1061:19)
[2023-09-30 05:56:12.349 AM] error: 	uncaughtException: Route.get() requires a callback function but got a [object Undefined]
Error: Route.get() requires a callback function but got a [object Undefined]
    at Route.<computed> [as get] (D:\Tirta Hakim Pambudhi\Tirta Hakim P XI SIJA 2\NodeJs\Clean Code Projects\Projects\node_modules\express\lib\router\route.js:211:15)
    at proto.<computed> [as get] (D:\Tirta Hakim Pambudhi\Tirta Hakim P XI SIJA 2\NodeJs\Clean Code Projects\Projects\node_modules\express\lib\router\index.js:521:19)
    at Object.<anonymous> (D:\Tirta Hakim Pambudhi\Tirta Hakim P XI SIJA 2\NodeJs\Clean Code Projects\Projects\src\routes\seller.routes.js:30:7)
    at Module._compile (node:internal/modules/cjs/loader:1159:14)
    at Module._extensions..js (node:internal/modules/cjs/loader:1213:10)
    at Module.load (node:internal/modules/cjs/loader:1037:32)
    at Module._load (node:internal/modules/cjs/loader:878:12)
    at Module.require (node:internal/modules/cjs/loader:1061:19)
    at require (node:internal/modules/cjs/helpers:103:18)
    at Object.<anonymous> (D:\Tirta Hakim Pambudhi\Tirta Hakim P XI SIJA 2\NodeJs\Clean Code Projects\Projects\src\app.js:9:22)
[2023-09-30 05:56:21.858 AM] error: 	uncaughtException: Route.get() requires a callback function but got a [object Undefined]
Error: Route.get() requires a callback function but got a [object Undefined]
    at Route.<computed> [as get] (D:\Tirta Hakim Pambudhi\Tirta Hakim P XI SIJA 2\NodeJs\Clean Code Projects\Projects\node_modules\express\lib\router\route.js:211:15)
    at proto.<computed> [as get] (D:\Tirta Hakim Pambudhi\Tirta Hakim P XI SIJA 2\NodeJs\Clean Code Projects\Projects\node_modules\express\lib\router\index.js:521:19)
    at Object.<anonymous> (D:\Tirta Hakim Pambudhi\Tirta Hakim P XI SIJA 2\NodeJs\Clean Code Projects\Projects\src\routes\seller.routes.js:30:7)
    at Module._compile (node:internal/modules/cjs/loader:1159:14)
    at Module._extensions..js (node:internal/modules/cjs/loader:1213:10)
    at Module.load (node:internal/modules/cjs/loader:1037:32)
    at Module._load (node:internal/modules/cjs/loader:878:12)
    at Module.require (node:internal/modules/cjs/loader:1061:19)
    at require (node:internal/modules/cjs/helpers:103:18)
    at Object.<anonymous> (D:\Tirta Hakim Pambudhi\Tirta Hakim P XI SIJA 2\NodeJs\Clean Code Projects\Projects\src\app.js:9:22)
[2023-09-30 05:57:09.004 AM] error: 	uncaughtException: Unexpected token 'async'
D:\Tirta Hakim Pambudhi\Tirta Hakim P XI SIJA 2\NodeJs\Clean Code Projects\Projects\src\controllers\pages\seller.pages.controller.js:54
     async priview_cars_page(req,res,next){
     ^^^^^

SyntaxError: Unexpected token 'async'
    at Object.compileFunction (node:vm:360:18)
    at wrapSafe (node:internal/modules/cjs/loader:1088:15)
    at Module._compile (node:internal/modules/cjs/loader:1123:27)
    at Module._extensions..js (node:internal/modules/cjs/loader:1213:10)
    at Module.load (node:internal/modules/cjs/loader:1037:32)
    at Module._load (node:internal/modules/cjs/loader:878:12)
    at Module.require (node:internal/modules/cjs/loader:1061:19)
    at require (node:internal/modules/cjs/helpers:103:18)
    at Object.<anonymous> (D:\Tirta Hakim Pambudhi\Tirta Hakim P XI SIJA 2\NodeJs\Clean Code Projects\Projects\src\routes\seller.routes.js:3:32)
    at Module._compile (node:internal/modules/cjs/loader:1159:14)
[2023-09-30 05:58:07.256 AM] error: 	uncaughtException: Unexpected token '}'
D:\Tirta Hakim Pambudhi\Tirta Hakim P XI SIJA 2\NodeJs\Clean Code Projects\Projects\src\controllers\pages\seller.pages.controller.js:56
        } catch (error) {
        ^

SyntaxError: Unexpected token '}'
    at Object.compileFunction (node:vm:360:18)
    at wrapSafe (node:internal/modules/cjs/loader:1088:15)
    at Module._compile (node:internal/modules/cjs/loader:1123:27)
    at Module._extensions..js (node:internal/modules/cjs/loader:1213:10)
    at Module.load (node:internal/modules/cjs/loader:1037:32)
    at Module._load (node:internal/modules/cjs/loader:878:12)
    at Module.require (node:internal/modules/cjs/loader:1061:19)
    at require (node:internal/modules/cjs/helpers:103:18)
    at Object.<anonymous> (D:\Tirta Hakim Pambudhi\Tirta Hakim P XI SIJA 2\NodeJs\Clean Code Projects\Projects\src\routes\seller.routes.js:3:32)
    at Module._compile (node:internal/modules/cjs/loader:1159:14)
[2023-09-30 07:34:24.182 AM] error: 	uncaughtException: Unexpected token 'async'
D:\Tirta Hakim Pambudhi\Tirta Hakim P XI SIJA 2\NodeJs\Clean Code Projects\Projects\src\controllers\pages\seller.pages.controller.js:46
     async verification (req,res,next){
     ^^^^^

SyntaxError: Unexpected token 'async'
    at Object.compileFunction (node:vm:360:18)
    at wrapSafe (node:internal/modules/cjs/loader:1088:15)
    at Module._compile (node:internal/modules/cjs/loader:1123:27)
    at Module._extensions..js (node:internal/modules/cjs/loader:1213:10)
    at Module.load (node:internal/modules/cjs/loader:1037:32)
    at Module._load (node:internal/modules/cjs/loader:878:12)
    at Module.require (node:internal/modules/cjs/loader:1061:19)
    at require (node:internal/modules/cjs/helpers:103:18)
    at Object.<anonymous> (D:\Tirta Hakim Pambudhi\Tirta Hakim P XI SIJA 2\NodeJs\Clean Code Projects\Projects\src\routes\seller.routes.js:3:32)
    at Module._compile (node:internal/modules/cjs/loader:1159:14)
[2023-09-30 07:34:33.242 AM] error: 	uncaughtException: Unexpected token 'async'
D:\Tirta Hakim Pambudhi\Tirta Hakim P XI SIJA 2\NodeJs\Clean Code Projects\Projects\src\controllers\pages\seller.pages.controller.js:46
     async verification (req,res,next){
     ^^^^^

SyntaxError: Unexpected token 'async'
    at Object.compileFunction (node:vm:360:18)
    at wrapSafe (node:internal/modules/cjs/loader:1088:15)
    at Module._compile (node:internal/modules/cjs/loader:1123:27)
    at Module._extensions..js (node:internal/modules/cjs/loader:1213:10)
    at Module.load (node:internal/modules/cjs/loader:1037:32)
    at Module._load (node:internal/modules/cjs/loader:878:12)
    at Module.require (node:internal/modules/cjs/loader:1061:19)
    at require (node:internal/modules/cjs/helpers:103:18)
    at Object.<anonymous> (D:\Tirta Hakim Pambudhi\Tirta Hakim P XI SIJA 2\NodeJs\Clean Code Projects\Projects\src\routes\seller.routes.js:3:32)
    at Module._compile (node:internal/modules/cjs/loader:1159:14)
[2023-09-30 02:18:32.483 PM] error: 	uncaughtException: Unexpected token 'this'
D:\Tirta Hakim Pambudhi\Tirta Hakim P XI SIJA 2\NodeJs\Clean Code Projects\Projects\src\services\seller.services.js:55
          await this.Seller.create(validate_input.value);
                ^^^^

SyntaxError: Unexpected token 'this'
    at Object.compileFunction (node:vm:360:18)
    at wrapSafe (node:internal/modules/cjs/loader:1088:15)
    at Module._compile (node:internal/modules/cjs/loader:1123:27)
    at Module._extensions..js (node:internal/modules/cjs/loader:1213:10)
    at Module.load (node:internal/modules/cjs/loader:1037:32)
    at Module._load (node:internal/modules/cjs/loader:878:12)
    at Module.require (node:internal/modules/cjs/loader:1061:19)
    at require (node:internal/modules/cjs/helpers:103:18)
    at Object.<anonymous> (D:\Tirta Hakim Pambudhi\Tirta Hakim P XI SIJA 2\NodeJs\Clean Code Projects\Projects\src\controllers\seller.controller.js:3:24)
    at Module._compile (node:internal/modules/cjs/loader:1159:14)
[2023-09-30 02:18:55.968 PM] error: 	uncaughtException: Unexpected token '}'
D:\Tirta Hakim Pambudhi\Tirta Hakim P XI SIJA 2\NodeJs\Clean Code Projects\Projects\src\services\seller.services.js:56
      } catch (error) {
      ^

SyntaxError: Unexpected token '}'
    at Object.compileFunction (node:vm:360:18)
    at wrapSafe (node:internal/modules/cjs/loader:1088:15)
    at Module._compile (node:internal/modules/cjs/loader:1123:27)
    at Module._extensions..js (node:internal/modules/cjs/loader:1213:10)
    at Module.load (node:internal/modules/cjs/loader:1037:32)
    at Module._load (node:internal/modules/cjs/loader:878:12)
    at Module.require (node:internal/modules/cjs/loader:1061:19)
    at require (node:internal/modules/cjs/helpers:103:18)
    at Object.<anonymous> (D:\Tirta Hakim Pambudhi\Tirta Hakim P XI SIJA 2\NodeJs\Clean Code Projects\Projects\src\controllers\seller.controller.js:3:24)
    at Module._compile (node:internal/modules/cjs/loader:1159:14)
[2023-09-30 02:18:59.989 PM] error: 	uncaughtException: Missing initializer in const declaration
D:\Tirta Hakim Pambudhi\Tirta Hakim P XI SIJA 2\NodeJs\Clean Code Projects\Projects\src\services\seller.services.js:54
          const client
                ^^^^^^

SyntaxError: Missing initializer in const declaration
    at Object.compileFunction (node:vm:360:18)
    at wrapSafe (node:internal/modules/cjs/loader:1088:15)
    at Module._compile (node:internal/modules/cjs/loader:1123:27)
    at Module._extensions..js (node:internal/modules/cjs/loader:1213:10)
    at Module.load (node:internal/modules/cjs/loader:1037:32)
    at Module._load (node:internal/modules/cjs/loader:878:12)
    at Module.require (node:internal/modules/cjs/loader:1061:19)
    at require (node:internal/modules/cjs/helpers:103:18)
    at Object.<anonymous> (D:\Tirta Hakim Pambudhi\Tirta Hakim P XI SIJA 2\NodeJs\Clean Code Projects\Projects\src\controllers\seller.controller.js:3:24)
    at Module._compile (node:internal/modules/cjs/loader:1159:14)
[2023-09-30 02:19:09.073 PM] error: 	uncaughtException: Unexpected token '}'
D:\Tirta Hakim Pambudhi\Tirta Hakim P XI SIJA 2\NodeJs\Clean Code Projects\Projects\src\services\seller.services.js:56
      } catch (error) {
      ^

SyntaxError: Unexpected token '}'
    at Object.compileFunction (node:vm:360:18)
    at wrapSafe (node:internal/modules/cjs/loader:1088:15)
    at Module._compile (node:internal/modules/cjs/loader:1123:27)
    at Module._extensions..js (node:internal/modules/cjs/loader:1213:10)
    at Module.load (node:internal/modules/cjs/loader:1037:32)
    at Module._load (node:internal/modules/cjs/loader:878:12)
    at Module.require (node:internal/modules/cjs/loader:1061:19)
    at require (node:internal/modules/cjs/helpers:103:18)
    at Object.<anonymous> (D:\Tirta Hakim Pambudhi\Tirta Hakim P XI SIJA 2\NodeJs\Clean Code Projects\Projects\src\controllers\seller.controller.js:3:24)
    at Module._compile (node:internal/modules/cjs/loader:1159:14)
[2023-09-30 02:19:15.615 PM] error: 	uncaughtException: Unexpected token '}'
D:\Tirta Hakim Pambudhi\Tirta Hakim P XI SIJA 2\NodeJs\Clean Code Projects\Projects\src\services\seller.services.js:56
      } catch (error) {
      ^

SyntaxError: Unexpected token '}'
    at Object.compileFunction (node:vm:360:18)
    at wrapSafe (node:internal/modules/cjs/loader:1088:15)
    at Module._compile (node:internal/modules/cjs/loader:1123:27)
    at Module._extensions..js (node:internal/modules/cjs/loader:1213:10)
    at Module.load (node:internal/modules/cjs/loader:1037:32)
    at Module._load (node:internal/modules/cjs/loader:878:12)
    at Module.require (node:internal/modules/cjs/loader:1061:19)
    at require (node:internal/modules/cjs/helpers:103:18)
    at Object.<anonymous> (D:\Tirta Hakim Pambudhi\Tirta Hakim P XI SIJA 2\NodeJs\Clean Code Projects\Projects\src\controllers\seller.controller.js:3:24)
    at Module._compile (node:internal/modules/cjs/loader:1159:14)
[2023-09-30 02:19:36.842 PM] error: 	uncaughtException: Missing initializer in const declaration
D:\Tirta Hakim Pambudhi\Tirta Hakim P XI SIJA 2\NodeJs\Clean Code Projects\Projects\src\services\seller.services.js:55
          const otp_key 
                ^^^^^^^

SyntaxError: Missing initializer in const declaration
    at Object.compileFunction (node:vm:360:18)
    at wrapSafe (node:internal/modules/cjs/loader:1088:15)
    at Module._compile (node:internal/modules/cjs/loader:1123:27)
    at Module._extensions..js (node:internal/modules/cjs/loader:1213:10)
    at Module.load (node:internal/modules/cjs/loader:1037:32)
    at Module._load (node:internal/modules/cjs/loader:878:12)
    at Module.require (node:internal/modules/cjs/loader:1061:19)
    at require (node:internal/modules/cjs/helpers:103:18)
    at Object.<anonymous> (D:\Tirta Hakim Pambudhi\Tirta Hakim P XI SIJA 2\NodeJs\Clean Code Projects\Projects\src\controllers\seller.controller.js:3:24)
    at Module._compile (node:internal/modules/cjs/loader:1159:14)
[2023-09-30 02:19:44.586 PM] error: 	uncaughtException: Missing initializer in const declaration
D:\Tirta Hakim Pambudhi\Tirta Hakim P XI SIJA 2\NodeJs\Clean Code Projects\Projects\src\services\seller.services.js:55
          const data 
                ^^^^

SyntaxError: Missing initializer in const declaration
    at Object.compileFunction (node:vm:360:18)
    at wrapSafe (node:internal/modules/cjs/loader:1088:15)
    at Module._compile (node:internal/modules/cjs/loader:1123:27)
    at Module._extensions..js (node:internal/modules/cjs/loader:1213:10)
    at Module.load (node:internal/modules/cjs/loader:1037:32)
    at Module._load (node:internal/modules/cjs/loader:878:12)
    at Module.require (node:internal/modules/cjs/loader:1061:19)
    at require (node:internal/modules/cjs/helpers:103:18)
    at Object.<anonymous> (D:\Tirta Hakim Pambudhi\Tirta Hakim P XI SIJA 2\NodeJs\Clean Code Projects\Projects\src\controllers\seller.controller.js:3:24)
    at Module._compile (node:internal/modules/cjs/loader:1159:14)
[2023-09-30 02:19:48.850 PM] error: 	uncaughtException: Missing initializer in const declaration
D:\Tirta Hakim Pambudhi\Tirta Hakim P XI SIJA 2\NodeJs\Clean Code Projects\Projects\src\services\seller.services.js:55
          const otp
                ^^^

SyntaxError: Missing initializer in const declaration
    at Object.compileFunction (node:vm:360:18)
    at wrapSafe (node:internal/modules/cjs/loader:1088:15)
    at Module._compile (node:internal/modules/cjs/loader:1123:27)
    at Module._extensions..js (node:internal/modules/cjs/loader:1213:10)
    at Module.load (node:internal/modules/cjs/loader:1037:32)
    at Module._load (node:internal/modules/cjs/loader:878:12)
    at Module.require (node:internal/modules/cjs/loader:1061:19)
    at require (node:internal/modules/cjs/helpers:103:18)
    at Object.<anonymous> (D:\Tirta Hakim Pambudhi\Tirta Hakim P XI SIJA 2\NodeJs\Clean Code Projects\Projects\src\controllers\seller.controller.js:3:24)
    at Module._compile (node:internal/modules/cjs/loader:1159:14)
[2023-09-30 02:21:53.406 PM] error: 	unhandledRejection: Cannot set headers after they are sent to the client
Error [ERR_HTTP_HEADERS_SENT]: Cannot set headers after they are sent to the client
    at new NodeError (node:internal/errors:393:5)
    at ServerResponse.setHeader (node:_http_outgoing:644:11)
    at ServerResponse.header (D:\Tirta Hakim Pambudhi\Tirta Hakim P XI SIJA 2\NodeJs\Clean Code Projects\Projects\node_modules\express\lib\response.js:794:10)
    at ServerResponse.location (D:\Tirta Hakim Pambudhi\Tirta Hakim P XI SIJA 2\NodeJs\Clean Code Projects\Projects\node_modules\express\lib\response.js:915:15)
    at ServerResponse.redirect (D:\Tirta Hakim Pambudhi\Tirta Hakim P XI SIJA 2\NodeJs\Clean Code Projects\Projects\node_modules\express\lib\response.js:953:18)
    at register (D:\Tirta Hakim Pambudhi\Tirta Hakim P XI SIJA 2\NodeJs\Clean Code Projects\Projects\src\controllers\seller.controller.js:21:17)
    at process.processTicksAndRejections (node:internal/process/task_queues:95:5)
[2023-09-30 02:28:49.102 PM] error: 	uncaughtException: Unexpected token 'async'
D:\Tirta Hakim Pambudhi\Tirta Hakim P XI SIJA 2\NodeJs\Clean Code Projects\Projects\src\services\seller.services.js:23
  async urlQueryValidation(id_params){
  ^^^^^

SyntaxError: Unexpected token 'async'
    at Object.compileFunction (node:vm:360:18)
    at wrapSafe (node:internal/modules/cjs/loader:1088:15)
    at Module._compile (node:internal/modules/cjs/loader:1123:27)
    at Module._extensions..js (node:internal/modules/cjs/loader:1213:10)
    at Module.load (node:internal/modules/cjs/loader:1037:32)
    at Module._load (node:internal/modules/cjs/loader:878:12)
    at Module.require (node:internal/modules/cjs/loader:1061:19)
    at require (node:internal/modules/cjs/helpers:103:18)
    at Object.<anonymous> (D:\Tirta Hakim Pambudhi\Tirta Hakim P XI SIJA 2\NodeJs\Clean Code Projects\Projects\src\controllers\seller.controller.js:3:24)
    at Module._compile (node:internal/modules/cjs/loader:1159:14)
[2023-09-30 02:29:29.831 PM] error: 	uncaughtException: Unexpected token '}'
D:\Tirta Hakim Pambudhi\Tirta Hakim P XI SIJA 2\NodeJs\Clean Code Projects\Projects\src\services\seller.services.js:21
    } catch (error) {
    ^

SyntaxError: Unexpected token '}'
    at Object.compileFunction (node:vm:360:18)
    at wrapSafe (node:internal/modules/cjs/loader:1088:15)
    at Module._compile (node:internal/modules/cjs/loader:1123:27)
    at Module._extensions..js (node:internal/modules/cjs/loader:1213:10)
    at Module.load (node:internal/modules/cjs/loader:1037:32)
    at Module._load (node:internal/modules/cjs/loader:878:12)
    at Module.require (node:internal/modules/cjs/loader:1061:19)
    at require (node:internal/modules/cjs/helpers:103:18)
    at Object.<anonymous> (D:\Tirta Hakim Pambudhi\Tirta Hakim P XI SIJA 2\NodeJs\Clean Code Projects\Projects\src\controllers\seller.controller.js:3:24)
    at Module._compile (node:internal/modules/cjs/loader:1159:14)
[2023-09-30 02:29:37.573 PM] error: 	uncaughtException: Missing initializer in const declaration
D:\Tirta Hakim Pambudhi\Tirta Hakim P XI SIJA 2\NodeJs\Clean Code Projects\Projects\src\services\seller.services.js:20
      const otp_client 
            ^^^^^^^^^^

SyntaxError: Missing initializer in const declaration
    at Object.compileFunction (node:vm:360:18)
    at wrapSafe (node:internal/modules/cjs/loader:1088:15)
    at Module._compile (node:internal/modules/cjs/loader:1123:27)
    at Module._extensions..js (node:internal/modules/cjs/loader:1213:10)
    at Module.load (node:internal/modules/cjs/loader:1037:32)
    at Module._load (node:internal/modules/cjs/loader:878:12)
    at Module.require (node:internal/modules/cjs/loader:1061:19)
    at require (node:internal/modules/cjs/helpers:103:18)
    at Object.<anonymous> (D:\Tirta Hakim Pambudhi\Tirta Hakim P XI SIJA 2\NodeJs\Clean Code Projects\Projects\src\controllers\seller.controller.js:3:24)
    at Module._compile (node:internal/modules/cjs/loader:1159:14)
[2023-09-30 02:30:24.496 PM] error: 	uncaughtException: Unexpected token '}'
D:\Tirta Hakim Pambudhi\Tirta Hakim P XI SIJA 2\NodeJs\Clean Code Projects\Projects\src\services\seller.services.js:22
    } catch (error) {
    ^

SyntaxError: Unexpected token '}'
    at Object.compileFunction (node:vm:360:18)
    at wrapSafe (node:internal/modules/cjs/loader:1088:15)
    at Module._compile (node:internal/modules/cjs/loader:1123:27)
    at Module._extensions..js (node:internal/modules/cjs/loader:1213:10)
    at Module.load (node:internal/modules/cjs/loader:1037:32)
    at Module._load (node:internal/modules/cjs/loader:878:12)
    at Module.require (node:internal/modules/cjs/loader:1061:19)
    at require (node:internal/modules/cjs/helpers:103:18)
    at Object.<anonymous> (D:\Tirta Hakim Pambudhi\Tirta Hakim P XI SIJA 2\NodeJs\Clean Code Projects\Projects\src\controllers\seller.controller.js:3:24)
    at Module._compile (node:internal/modules/cjs/loader:1159:14)
[2023-09-30 02:30:47.076 PM] error: 	uncaughtException: Unexpected token 'return'
D:\Tirta Hakim Pambudhi\Tirta Hakim P XI SIJA 2\NodeJs\Clean Code Projects\Projects\src\services\seller.services.js:21
      const result = (otp_client.is_verified) ?return 
                                               ^^^^^^

SyntaxError: Unexpected token 'return'
    at Object.compileFunction (node:vm:360:18)
    at wrapSafe (node:internal/modules/cjs/loader:1088:15)
    at Module._compile (node:internal/modules/cjs/loader:1123:27)
    at Module._extensions..js (node:internal/modules/cjs/loader:1213:10)
    at Module.load (node:internal/modules/cjs/loader:1037:32)
    at Module._load (node:internal/modules/cjs/loader:878:12)
    at Module.require (node:internal/modules/cjs/loader:1061:19)
    at require (node:internal/modules/cjs/helpers:103:18)
    at Object.<anonymous> (D:\Tirta Hakim Pambudhi\Tirta Hakim P XI SIJA 2\NodeJs\Clean Code Projects\Projects\src\controllers\seller.controller.js:3:24)
    at Module._compile (node:internal/modules/cjs/loader:1159:14)
[2023-09-30 02:31:57.920 PM] error: 	uncaughtException: Missing initializer in const declaration
D:\Tirta Hakim Pambudhi\Tirta Hakim P XI SIJA 2\NodeJs\Clean Code Projects\Projects\src\services\seller.services.js:30
      const otp_client
            ^^^^^^^^^^

SyntaxError: Missing initializer in const declaration
    at Object.compileFunction (node:vm:360:18)
    at wrapSafe (node:internal/modules/cjs/loader:1088:15)
    at Module._compile (node:internal/modules/cjs/loader:1123:27)
    at Module._extensions..js (node:internal/modules/cjs/loader:1213:10)
    at Module.load (node:internal/modules/cjs/loader:1037:32)
    at Module._load (node:internal/modules/cjs/loader:878:12)
    at Module.require (node:internal/modules/cjs/loader:1061:19)
    at require (node:internal/modules/cjs/helpers:103:18)
    at Object.<anonymous> (D:\Tirta Hakim Pambudhi\Tirta Hakim P XI SIJA 2\NodeJs\Clean Code Projects\Projects\src\controllers\seller.controller.js:3:24)
    at Module._compile (node:internal/modules/cjs/loader:1159:14)
[2023-09-30 02:32:57.909 PM] error: 	uncaughtException: Missing initializer in const declaration
D:\Tirta Hakim Pambudhi\Tirta Hakim P XI SIJA 2\NodeJs\Clean Code Projects\Projects\src\services\seller.services.js:31
      const result 
            ^^^^^^

SyntaxError: Missing initializer in const declaration
    at Object.compileFunction (node:vm:360:18)
    at wrapSafe (node:internal/modules/cjs/loader:1088:15)
    at Module._compile (node:internal/modules/cjs/loader:1123:27)
    at Module._extensions..js (node:internal/modules/cjs/loader:1213:10)
    at Module.load (node:internal/modules/cjs/loader:1037:32)
    at Module._load (node:internal/modules/cjs/loader:878:12)
    at Module.require (node:internal/modules/cjs/loader:1061:19)
    at require (node:internal/modules/cjs/helpers:103:18)
    at Object.<anonymous> (D:\Tirta Hakim Pambudhi\Tirta Hakim P XI SIJA 2\NodeJs\Clean Code Projects\Projects\src\controllers\seller.controller.js:3:24)
    at Module._compile (node:internal/modules/cjs/loader:1159:14)
[2023-09-30 02:33:03.836 PM] error: 	uncaughtException: Unexpected token '}'
D:\Tirta Hakim Pambudhi\Tirta Hakim P XI SIJA 2\NodeJs\Clean Code Projects\Projects\src\services\seller.services.js:32
    } catch (error) {
    ^

SyntaxError: Unexpected token '}'
    at Object.compileFunction (node:vm:360:18)
    at wrapSafe (node:internal/modules/cjs/loader:1088:15)
    at Module._compile (node:internal/modules/cjs/loader:1123:27)
    at Module._extensions..js (node:internal/modules/cjs/loader:1213:10)
    at Module.load (node:internal/modules/cjs/loader:1037:32)
    at Module._load (node:internal/modules/cjs/loader:878:12)
    at Module.require (node:internal/modules/cjs/loader:1061:19)
    at require (node:internal/modules/cjs/helpers:103:18)
    at Object.<anonymous> (D:\Tirta Hakim Pambudhi\Tirta Hakim P XI SIJA 2\NodeJs\Clean Code Projects\Projects\src\controllers\seller.controller.js:3:24)
    at Module._compile (node:internal/modules/cjs/loader:1159:14)
[2023-09-30 02:33:44.705 PM] error: 	uncaughtException: Unexpected token ':'
D:\Tirta Hakim Pambudhi\Tirta Hakim P XI SIJA 2\NodeJs\Clean Code Projects\Projects\src\services\seller.services.js:31
      const result = (otp_client.key_otp !== key_otp) :
                                                      ^

SyntaxError: Unexpected token ':'
    at Object.compileFunction (node:vm:360:18)
    at wrapSafe (node:internal/modules/cjs/loader:1088:15)
    at Module._compile (node:internal/modules/cjs/loader:1123:27)
    at Module._extensions..js (node:internal/modules/cjs/loader:1213:10)
    at Module.load (node:internal/modules/cjs/loader:1037:32)
    at Module._load (node:internal/modules/cjs/loader:878:12)
    at Module.require (node:internal/modules/cjs/loader:1061:19)
    at require (node:internal/modules/cjs/helpers:103:18)
    at Object.<anonymous> (D:\Tirta Hakim Pambudhi\Tirta Hakim P XI SIJA 2\NodeJs\Clean Code Projects\Projects\src\controllers\seller.controller.js:3:24)
    at Module._compile (node:internal/modules/cjs/loader:1159:14)
[2023-09-30 02:34:07.522 PM] error: 	uncaughtException: Unexpected token ':'
D:\Tirta Hakim Pambudhi\Tirta Hakim P XI SIJA 2\NodeJs\Clean Code Projects\Projects\src\services\seller.services.js:31
      const result = (otp_client.key_otp !== key_otp) :
                                                      ^

SyntaxError: Unexpected token ':'
    at Object.compileFunction (node:vm:360:18)
    at wrapSafe (node:internal/modules/cjs/loader:1088:15)
    at Module._compile (node:internal/modules/cjs/loader:1123:27)
    at Module._extensions..js (node:internal/modules/cjs/loader:1213:10)
    at Module.load (node:internal/modules/cjs/loader:1037:32)
    at Module._load (node:internal/modules/cjs/loader:878:12)
    at Module.require (node:internal/modules/cjs/loader:1061:19)
    at require (node:internal/modules/cjs/helpers:103:18)
    at Object.<anonymous> (D:\Tirta Hakim Pambudhi\Tirta Hakim P XI SIJA 2\NodeJs\Clean Code Projects\Projects\src\controllers\seller.controller.js:3:24)
    at Module._compile (node:internal/modules/cjs/loader:1159:14)
[2023-09-30 02:34:19.820 PM] error: 	uncaughtException: Unexpected token '}'
D:\Tirta Hakim Pambudhi\Tirta Hakim P XI SIJA 2\NodeJs\Clean Code Projects\Projects\src\services\seller.services.js:32
    } catch (error) {
    ^

SyntaxError: Unexpected token '}'
    at Object.compileFunction (node:vm:360:18)
    at wrapSafe (node:internal/modules/cjs/loader:1088:15)
    at Module._compile (node:internal/modules/cjs/loader:1123:27)
    at Module._extensions..js (node:internal/modules/cjs/loader:1213:10)
    at Module.load (node:internal/modules/cjs/loader:1037:32)
    at Module._load (node:internal/modules/cjs/loader:878:12)
    at Module.require (node:internal/modules/cjs/loader:1061:19)
    at require (node:internal/modules/cjs/helpers:103:18)
    at Object.<anonymous> (D:\Tirta Hakim Pambudhi\Tirta Hakim P XI SIJA 2\NodeJs\Clean Code Projects\Projects\src\controllers\seller.controller.js:3:24)
    at Module._compile (node:internal/modules/cjs/loader:1159:14)
[2023-09-30 02:34:23.713 PM] error: 	uncaughtException: Unexpected token '}'
D:\Tirta Hakim Pambudhi\Tirta Hakim P XI SIJA 2\NodeJs\Clean Code Projects\Projects\src\services\seller.services.js:32
    } catch (error) {
    ^

SyntaxError: Unexpected token '}'
    at Object.compileFunction (node:vm:360:18)
    at wrapSafe (node:internal/modules/cjs/loader:1088:15)
    at Module._compile (node:internal/modules/cjs/loader:1123:27)
    at Module._extensions..js (node:internal/modules/cjs/loader:1213:10)
    at Module.load (node:internal/modules/cjs/loader:1037:32)
    at Module._load (node:internal/modules/cjs/loader:878:12)
    at Module.require (node:internal/modules/cjs/loader:1061:19)
    at require (node:internal/modules/cjs/helpers:103:18)
    at Object.<anonymous> (D:\Tirta Hakim Pambudhi\Tirta Hakim P XI SIJA 2\NodeJs\Clean Code Projects\Projects\src\controllers\seller.controller.js:3:24)
    at Module._compile (node:internal/modules/cjs/loader:1159:14)
[2023-09-30 02:36:03.808 PM] error: 	uncaughtException: Unexpected token 'return'
D:\Tirta Hakim Pambudhi\Tirta Hakim P XI SIJA 2\NodeJs\Clean Code Projects\Projects\src\services\seller.services.js:22
      return result
      ^^^^^^

SyntaxError: Unexpected token 'return'
    at Object.compileFunction (node:vm:360:18)
    at wrapSafe (node:internal/modules/cjs/loader:1088:15)
    at Module._compile (node:internal/modules/cjs/loader:1123:27)
    at Module._extensions..js (node:internal/modules/cjs/loader:1213:10)
    at Module.load (node:internal/modules/cjs/loader:1037:32)
    at Module._load (node:internal/modules/cjs/loader:878:12)
    at Module.require (node:internal/modules/cjs/loader:1061:19)
    at require (node:internal/modules/cjs/helpers:103:18)
    at Object.<anonymous> (D:\Tirta Hakim Pambudhi\Tirta Hakim P XI SIJA 2\NodeJs\Clean Code Projects\Projects\src\controllers\seller.controller.js:3:24)
    at Module._compile (node:internal/modules/cjs/loader:1159:14)
[2023-09-30 02:36:29.097 PM] error: 	uncaughtException: Unexpected token '}'
D:\Tirta Hakim Pambudhi\Tirta Hakim P XI SIJA 2\NodeJs\Clean Code Projects\Projects\src\services\seller.services.js:23
    } catch (error) {
    ^

SyntaxError: Unexpected token '}'
    at Object.compileFunction (node:vm:360:18)
    at wrapSafe (node:internal/modules/cjs/loader:1088:15)
    at Module._compile (node:internal/modules/cjs/loader:1123:27)
    at Module._extensions..js (node:internal/modules/cjs/loader:1213:10)
    at Module.load (node:internal/modules/cjs/loader:1037:32)
    at Module._load (node:internal/modules/cjs/loader:878:12)
    at Module.require (node:internal/modules/cjs/loader:1061:19)
    at require (node:internal/modules/cjs/helpers:103:18)
    at Object.<anonymous> (D:\Tirta Hakim Pambudhi\Tirta Hakim P XI SIJA 2\NodeJs\Clean Code Projects\Projects\src\controllers\seller.controller.js:3:24)
    at Module._compile (node:internal/modules/cjs/loader:1159:14)
[2023-09-30 02:36:38.609 PM] error: 	uncaughtException: Unexpected token '}'
D:\Tirta Hakim Pambudhi\Tirta Hakim P XI SIJA 2\NodeJs\Clean Code Projects\Projects\src\services\seller.services.js:23
    } catch (error) {
    ^

SyntaxError: Unexpected token '}'
    at Object.compileFunction (node:vm:360:18)
    at wrapSafe (node:internal/modules/cjs/loader:1088:15)
    at Module._compile (node:internal/modules/cjs/loader:1123:27)
    at Module._extensions..js (node:internal/modules/cjs/loader:1213:10)
    at Module.load (node:internal/modules/cjs/loader:1037:32)
    at Module._load (node:internal/modules/cjs/loader:878:12)
    at Module.require (node:internal/modules/cjs/loader:1061:19)
    at require (node:internal/modules/cjs/helpers:103:18)
    at Object.<anonymous> (D:\Tirta Hakim Pambudhi\Tirta Hakim P XI SIJA 2\NodeJs\Clean Code Projects\Projects\src\controllers\seller.controller.js:3:24)
    at Module._compile (node:internal/modules/cjs/loader:1159:14)
[2023-09-30 02:37:57.944 PM] error: 	uncaughtException: Unexpected token 'return'
D:\Tirta Hakim Pambudhi\Tirta Hakim P XI SIJA 2\NodeJs\Clean Code Projects\Projects\src\services\seller.services.js:31
      return result
      ^^^^^^

SyntaxError: Unexpected token 'return'
    at Object.compileFunction (node:vm:360:18)
    at wrapSafe (node:internal/modules/cjs/loader:1088:15)
    at Module._compile (node:internal/modules/cjs/loader:1123:27)
    at Module._extensions..js (node:internal/modules/cjs/loader:1213:10)
    at Module.load (node:internal/modules/cjs/loader:1037:32)
    at Module._load (node:internal/modules/cjs/loader:878:12)
    at Module.require (node:internal/modules/cjs/loader:1061:19)
    at require (node:internal/modules/cjs/helpers:103:18)
    at Object.<anonymous> (D:\Tirta Hakim Pambudhi\Tirta Hakim P XI SIJA 2\NodeJs\Clean Code Projects\Projects\src\controllers\seller.controller.js:3:24)
    at Module._compile (node:internal/modules/cjs/loader:1159:14)
[2023-09-30 02:40:18.760 PM] error: 	unhandledRejection: Cannot set headers after they are sent to the client
Error [ERR_HTTP_HEADERS_SENT]: Cannot set headers after they are sent to the client
    at new NodeError (node:internal/errors:393:5)
    at ServerResponse.setHeader (node:_http_outgoing:644:11)
    at ServerResponse.header (D:\Tirta Hakim Pambudhi\Tirta Hakim P XI SIJA 2\NodeJs\Clean Code Projects\Projects\node_modules\express\lib\response.js:794:10)
    at ServerResponse.location (D:\Tirta Hakim Pambudhi\Tirta Hakim P XI SIJA 2\NodeJs\Clean Code Projects\Projects\node_modules\express\lib\response.js:915:15)
    at ServerResponse.redirect (D:\Tirta Hakim Pambudhi\Tirta Hakim P XI SIJA 2\NodeJs\Clean Code Projects\Projects\node_modules\express\lib\response.js:953:18)
    at register (D:\Tirta Hakim Pambudhi\Tirta Hakim P XI SIJA 2\NodeJs\Clean Code Projects\Projects\src\controllers\seller.controller.js:22:17)
    at process.processTicksAndRejections (node:internal/process/task_queues:95:5)
[2023-09-30 02:43:05.768 PM] error: 	unhandledRejection: Cannot set headers after they are sent to the client
Error [ERR_HTTP_HEADERS_SENT]: Cannot set headers after they are sent to the client
    at new NodeError (node:internal/errors:393:5)
    at ServerResponse.setHeader (node:_http_outgoing:644:11)
    at ServerResponse.header (D:\Tirta Hakim Pambudhi\Tirta Hakim P XI SIJA 2\NodeJs\Clean Code Projects\Projects\node_modules\express\lib\response.js:794:10)
    at ServerResponse.location (D:\Tirta Hakim Pambudhi\Tirta Hakim P XI SIJA 2\NodeJs\Clean Code Projects\Projects\node_modules\express\lib\response.js:915:15)
    at ServerResponse.redirect (D:\Tirta Hakim Pambudhi\Tirta Hakim P XI SIJA 2\NodeJs\Clean Code Projects\Projects\node_modules\express\lib\response.js:953:18)
    at register (D:\Tirta Hakim Pambudhi\Tirta Hakim P XI SIJA 2\NodeJs\Clean Code Projects\Projects\src\controllers\seller.controller.js:22:17)
    at process.processTicksAndRejections (node:internal/process/task_queues:95:5)
[2023-09-30 03:05:27.038 PM] error: 	uncaughtException: Unexpected token ')'
D:\Tirta Hakim Pambudhi\Tirta Hakim P XI SIJA 2\NodeJs\Clean Code Projects\Projects\src\services\seller.services.js:90
      if()
         ^

SyntaxError: Unexpected token ')'
    at Object.compileFunction (node:vm:360:18)
    at wrapSafe (node:internal/modules/cjs/loader:1088:15)
    at Module._compile (node:internal/modules/cjs/loader:1123:27)
    at Module._extensions..js (node:internal/modules/cjs/loader:1213:10)
    at Module.load (node:internal/modules/cjs/loader:1037:32)
    at Module._load (node:internal/modules/cjs/loader:878:12)
    at Module.require (node:internal/modules/cjs/loader:1061:19)
    at require (node:internal/modules/cjs/helpers:103:18)
    at Object.<anonymous> (D:\Tirta Hakim Pambudhi\Tirta Hakim P XI SIJA 2\NodeJs\Clean Code Projects\Projects\src\controllers\seller.controller.js:3:24)
    at Module._compile (node:internal/modules/cjs/loader:1159:14)
[2023-09-30 03:05:53.965 PM] error: 	uncaughtException: Unexpected token '}'
D:\Tirta Hakim Pambudhi\Tirta Hakim P XI SIJA 2\NodeJs\Clean Code Projects\Projects\src\services\seller.services.js:91
    } catch (error) {
    ^

SyntaxError: Unexpected token '}'
    at Object.compileFunction (node:vm:360:18)
    at wrapSafe (node:internal/modules/cjs/loader:1088:15)
    at Module._compile (node:internal/modules/cjs/loader:1123:27)
    at Module._extensions..js (node:internal/modules/cjs/loader:1213:10)
    at Module.load (node:internal/modules/cjs/loader:1037:32)
    at Module._load (node:internal/modules/cjs/loader:878:12)
    at Module.require (node:internal/modules/cjs/loader:1061:19)
    at require (node:internal/modules/cjs/helpers:103:18)
    at Object.<anonymous> (D:\Tirta Hakim Pambudhi\Tirta Hakim P XI SIJA 2\NodeJs\Clean Code Projects\Projects\src\controllers\seller.controller.js:3:24)
    at Module._compile (node:internal/modules/cjs/loader:1159:14)
[2023-09-30 03:05:59.616 PM] error: 	uncaughtException: Unexpected token '}'
D:\Tirta Hakim Pambudhi\Tirta Hakim P XI SIJA 2\NodeJs\Clean Code Projects\Projects\src\services\seller.services.js:91
    } catch (error) {
    ^

SyntaxError: Unexpected token '}'
    at Object.compileFunction (node:vm:360:18)
    at wrapSafe (node:internal/modules/cjs/loader:1088:15)
    at Module._compile (node:internal/modules/cjs/loader:1123:27)
    at Module._extensions..js (node:internal/modules/cjs/loader:1213:10)
    at Module.load (node:internal/modules/cjs/loader:1037:32)
    at Module._load (node:internal/modules/cjs/loader:878:12)
    at Module.require (node:internal/modules/cjs/loader:1061:19)
    at require (node:internal/modules/cjs/helpers:103:18)
    at Object.<anonymous> (D:\Tirta Hakim Pambudhi\Tirta Hakim P XI SIJA 2\NodeJs\Clean Code Projects\Projects\src\controllers\seller.controller.js:3:24)
    at Module._compile (node:internal/modules/cjs/loader:1159:14)
[2023-09-30 03:08:08.908 PM] error: 	uncaughtException: Unexpected token '}'
D:\Tirta Hakim Pambudhi\Tirta Hakim P XI SIJA 2\NodeJs\Clean Code Projects\Projects\src\services\seller.services.js:95
    } catch (error) {
    ^

SyntaxError: Unexpected token '}'
    at Object.compileFunction (node:vm:360:18)
    at wrapSafe (node:internal/modules/cjs/loader:1088:15)
    at Module._compile (node:internal/modules/cjs/loader:1123:27)
    at Module._extensions..js (node:internal/modules/cjs/loader:1213:10)
    at Module.load (node:internal/modules/cjs/loader:1037:32)
    at Module._load (node:internal/modules/cjs/loader:878:12)
    at Module.require (node:internal/modules/cjs/loader:1061:19)
    at require (node:internal/modules/cjs/helpers:103:18)
    at Object.<anonymous> (D:\Tirta Hakim Pambudhi\Tirta Hakim P XI SIJA 2\NodeJs\Clean Code Projects\Projects\src\controllers\seller.controller.js:3:24)
    at Module._compile (node:internal/modules/cjs/loader:1159:14)
[2023-09-30 03:08:42.460 PM] error: 	uncaughtException: Unexpected token '}'
D:\Tirta Hakim Pambudhi\Tirta Hakim P XI SIJA 2\NodeJs\Clean Code Projects\Projects\src\services\seller.services.js:96
    } catch (error) {
    ^

SyntaxError: Unexpected token '}'
    at Object.compileFunction (node:vm:360:18)
    at wrapSafe (node:internal/modules/cjs/loader:1088:15)
    at Module._compile (node:internal/modules/cjs/loader:1123:27)
    at Module._extensions..js (node:internal/modules/cjs/loader:1213:10)
    at Module.load (node:internal/modules/cjs/loader:1037:32)
    at Module._load (node:internal/modules/cjs/loader:878:12)
    at Module.require (node:internal/modules/cjs/loader:1061:19)
    at require (node:internal/modules/cjs/helpers:103:18)
    at Object.<anonymous> (D:\Tirta Hakim Pambudhi\Tirta Hakim P XI SIJA 2\NodeJs\Clean Code Projects\Projects\src\controllers\seller.controller.js:3:24)
    at Module._compile (node:internal/modules/cjs/loader:1159:14)
[2023-09-30 03:09:57.330 PM] error: 	uncaughtException: Unexpected token 'const'
D:\Tirta Hakim Pambudhi\Tirta Hakim P XI SIJA 2\NodeJs\Clean Code Projects\Projects\src\services\seller.services.js:94
      const auth_otp = await this.auth_OTP(client.id,key_otp);
      ^^^^^

SyntaxError: Unexpected token 'const'
    at Object.compileFunction (node:vm:360:18)
    at wrapSafe (node:internal/modules/cjs/loader:1088:15)
    at Module._compile (node:internal/modules/cjs/loader:1123:27)
    at Module._extensions..js (node:internal/modules/cjs/loader:1213:10)
    at Module.load (node:internal/modules/cjs/loader:1037:32)
    at Module._load (node:internal/modules/cjs/loader:878:12)
    at Module.require (node:internal/modules/cjs/loader:1061:19)
    at require (node:internal/modules/cjs/helpers:103:18)
    at Object.<anonymous> (D:\Tirta Hakim Pambudhi\Tirta Hakim P XI SIJA 2\NodeJs\Clean Code Projects\Projects\src\controllers\seller.controller.js:3:24)
    at Module._compile (node:internal/modules/cjs/loader:1159:14)
[2023-09-30 03:13:51.694 PM] error: 	uncaughtException: Missing initializer in const declaration
D:\Tirta Hakim Pambudhi\Tirta Hakim P XI SIJA 2\NodeJs\Clean Code Projects\Projects\src\controllers\seller.controller.js:28
        const key
              ^^^

SyntaxError: Missing initializer in const declaration
    at Object.compileFunction (node:vm:360:18)
    at wrapSafe (node:internal/modules/cjs/loader:1088:15)
    at Module._compile (node:internal/modules/cjs/loader:1123:27)
    at Module._extensions..js (node:internal/modules/cjs/loader:1213:10)
    at Module.load (node:internal/modules/cjs/loader:1037:32)
    at Module._load (node:internal/modules/cjs/loader:878:12)
    at Module.require (node:internal/modules/cjs/loader:1061:19)
    at require (node:internal/modules/cjs/helpers:103:18)
    at Object.<anonymous> (D:\Tirta Hakim Pambudhi\Tirta Hakim P XI SIJA 2\NodeJs\Clean Code Projects\Projects\src\routes\seller.routes.js:2:32)
    at Module._compile (node:internal/modules/cjs/loader:1159:14)
[2023-09-30 03:20:28.629 PM] error: 	uncaughtException: Unexpected token ')'
D:\Tirta Hakim Pambudhi\Tirta Hakim P XI SIJA 2\NodeJs\Clean Code Projects\Projects\src\routes\seller.routes.js:21
route.get('/Kelompok-3/seller/otp-verification/:email',Seller_Controller_Page.)
                                                                              ^

SyntaxError: Unexpected token ')'
    at Object.compileFunction (node:vm:360:18)
    at wrapSafe (node:internal/modules/cjs/loader:1088:15)
    at Module._compile (node:internal/modules/cjs/loader:1123:27)
    at Module._extensions..js (node:internal/modules/cjs/loader:1213:10)
    at Module.load (node:internal/modules/cjs/loader:1037:32)
    at Module._load (node:internal/modules/cjs/loader:878:12)
    at Module.require (node:internal/modules/cjs/loader:1061:19)
    at require (node:internal/modules/cjs/helpers:103:18)
    at Object.<anonymous> (D:\Tirta Hakim Pambudhi\Tirta Hakim P XI SIJA 2\NodeJs\Clean Code Projects\Projects\src\app.js:9:22)
    at Module._compile (node:internal/modules/cjs/loader:1159:14)
[2023-09-30 06:19:15.059 PM] error: 	uncaughtException: com is not defined
ReferenceError: com is not defined
    at Object.<anonymous> (D:\Tirta Hakim Pambudhi\Tirta Hakim P XI SIJA 2\NodeJs\Clean Code Projects\Projects\test\db.test.js:44:1)
    at Module._compile (node:internal/modules/cjs/loader:1159:14)
    at Module._extensions..js (node:internal/modules/cjs/loader:1213:10)
    at Module.load (node:internal/modules/cjs/loader:1037:32)
    at Module._load (node:internal/modules/cjs/loader:878:12)
    at Function.executeUserEntryPoint [as runMain] (node:internal/modules/run_main:82:12)
    at node:internal/main/run_main_module:23:47
[2023-09-30 06:20:20.735 PM] error: 	uncaughtException: data is not defined
ReferenceError: data is not defined
    at Object.<anonymous> (D:\Tirta Hakim Pambudhi\Tirta Hakim P XI SIJA 2\NodeJs\Clean Code Projects\Projects\test\db.test.js:46:11)
    at Module._compile (node:internal/modules/cjs/loader:1159:14)
    at Module._extensions..js (node:internal/modules/cjs/loader:1213:10)
    at Module.load (node:internal/modules/cjs/loader:1037:32)
    at Module._load (node:internal/modules/cjs/loader:878:12)
    at Function.executeUserEntryPoint [as runMain] (node:internal/modules/run_main:82:12)
    at node:internal/main/run_main_module:23:47
[2023-09-30 06:20:52.864 PM] error: 	uncaughtException: data is not defined
ReferenceError: data is not defined
    at Object.<anonymous> (D:\Tirta Hakim Pambudhi\Tirta Hakim P XI SIJA 2\NodeJs\Clean Code Projects\Projects\test\db.test.js:47:11)
    at Module._compile (node:internal/modules/cjs/loader:1159:14)
    at Module._extensions..js (node:internal/modules/cjs/loader:1213:10)
    at Module.load (node:internal/modules/cjs/loader:1037:32)
    at Module._load (node:internal/modules/cjs/loader:878:12)
    at Function.executeUserEntryPoint [as runMain] (node:internal/modules/run_main:82:12)
    at node:internal/main/run_main_module:23:47
[2023-09-30 06:20:58.127 PM] error: 	unhandledRejection: J is not defined
ReferenceError: J is not defined
    at D:\Tirta Hakim Pambudhi\Tirta Hakim P XI SIJA 2\NodeJs\Clean Code Projects\Projects\test\db.test.js:47:20
    at process.processTicksAndRejections (node:internal/process/task_queues:95:5)
[2023-09-30 06:21:03.868 PM] error: 	unhandledRejection: "undefined" is not valid JSON
SyntaxError: "undefined" is not valid JSON
    at JSON.parse (<anonymous>)
    at D:\Tirta Hakim Pambudhi\Tirta Hakim P XI SIJA 2\NodeJs\Clean Code Projects\Projects\test\db.test.js:47:25
    at process.processTicksAndRejections (node:internal/process/task_queues:95:5)
[2023-09-30 06:21:19.055 PM] error: 	unhandledRejection: Unexpected token 'o', "[object Seq"... is not valid JSON
SyntaxError: Unexpected token 'o', "[object Seq"... is not valid JSON
    at JSON.parse (<anonymous>)
    at D:\Tirta Hakim Pambudhi\Tirta Hakim P XI SIJA 2\NodeJs\Clean Code Projects\Projects\test\db.test.js:46:25
    at process.processTicksAndRejections (node:internal/process/task_queues:95:5)
[2023-09-30 06:23:36.965 PM] error: 	unhandledRejection: Cannot set headers after they are sent to the client
Error [ERR_HTTP_HEADERS_SENT]: Cannot set headers after they are sent to the client
    at new NodeError (node:internal/errors:393:5)
    at ServerResponse.setHeader (node:_http_outgoing:644:11)
    at ServerResponse.header (D:\Tirta Hakim Pambudhi\Tirta Hakim P XI SIJA 2\NodeJs\Clean Code Projects\Projects\node_modules\express\lib\response.js:794:10)
    at ServerResponse.location (D:\Tirta Hakim Pambudhi\Tirta Hakim P XI SIJA 2\NodeJs\Clean Code Projects\Projects\node_modules\express\lib\response.js:915:15)
    at ServerResponse.redirect (D:\Tirta Hakim Pambudhi\Tirta Hakim P XI SIJA 2\NodeJs\Clean Code Projects\Projects\node_modules\express\lib\response.js:953:18)
    at otp_verification (D:\Tirta Hakim Pambudhi\Tirta Hakim P XI SIJA 2\NodeJs\Clean Code Projects\Projects\src\controllers\seller.controller.js:34:17)
    at Layer.handle [as handle_request] (D:\Tirta Hakim Pambudhi\Tirta Hakim P XI SIJA 2\NodeJs\Clean Code Projects\Projects\node_modules\express\lib\router\layer.js:95:5)
    at next (D:\Tirta Hakim Pambudhi\Tirta Hakim P XI SIJA 2\NodeJs\Clean Code Projects\Projects\node_modules\express\lib\router\route.js:144:13)
    at Route.dispatch (D:\Tirta Hakim Pambudhi\Tirta Hakim P XI SIJA 2\NodeJs\Clean Code Projects\Projects\node_modules\express\lib\router\route.js:114:3)
    at Layer.handle [as handle_request] (D:\Tirta Hakim Pambudhi\Tirta Hakim P XI SIJA 2\NodeJs\Clean Code Projects\Projects\node_modules\express\lib\router\layer.js:95:5)
[2023-09-30 06:26:22.353 PM] error: 	unhandledRejection: Cannot set headers after they are sent to the client
Error [ERR_HTTP_HEADERS_SENT]: Cannot set headers after they are sent to the client
    at new NodeError (node:internal/errors:393:5)
    at ServerResponse.setHeader (node:_http_outgoing:644:11)
    at ServerResponse.header (D:\Tirta Hakim Pambudhi\Tirta Hakim P XI SIJA 2\NodeJs\Clean Code Projects\Projects\node_modules\express\lib\response.js:794:10)
    at ServerResponse.location (D:\Tirta Hakim Pambudhi\Tirta Hakim P XI SIJA 2\NodeJs\Clean Code Projects\Projects\node_modules\express\lib\response.js:915:15)
    at ServerResponse.redirect (D:\Tirta Hakim Pambudhi\Tirta Hakim P XI SIJA 2\NodeJs\Clean Code Projects\Projects\node_modules\express\lib\response.js:953:18)
    at otp_verification (D:\Tirta Hakim Pambudhi\Tirta Hakim P XI SIJA 2\NodeJs\Clean Code Projects\Projects\src\controllers\seller.controller.js:34:17)
    at Layer.handle [as handle_request] (D:\Tirta Hakim Pambudhi\Tirta Hakim P XI SIJA 2\NodeJs\Clean Code Projects\Projects\node_modules\express\lib\router\layer.js:95:5)
    at next (D:\Tirta Hakim Pambudhi\Tirta Hakim P XI SIJA 2\NodeJs\Clean Code Projects\Projects\node_modules\express\lib\router\route.js:144:13)
    at Route.dispatch (D:\Tirta Hakim Pambudhi\Tirta Hakim P XI SIJA 2\NodeJs\Clean Code Projects\Projects\node_modules\express\lib\router\route.js:114:3)
    at Layer.handle [as handle_request] (D:\Tirta Hakim Pambudhi\Tirta Hakim P XI SIJA 2\NodeJs\Clean Code Projects\Projects\node_modules\express\lib\router\layer.js:95:5)
[2023-09-30 06:27:15.695 PM] error: 	unhandledRejection: Cannot set headers after they are sent to the client
Error [ERR_HTTP_HEADERS_SENT]: Cannot set headers after they are sent to the client
    at new NodeError (node:internal/errors:393:5)
    at ServerResponse.setHeader (node:_http_outgoing:644:11)
    at ServerResponse.header (D:\Tirta Hakim Pambudhi\Tirta Hakim P XI SIJA 2\NodeJs\Clean Code Projects\Projects\node_modules\express\lib\response.js:794:10)
    at ServerResponse.location (D:\Tirta Hakim Pambudhi\Tirta Hakim P XI SIJA 2\NodeJs\Clean Code Projects\Projects\node_modules\express\lib\response.js:915:15)
    at ServerResponse.redirect (D:\Tirta Hakim Pambudhi\Tirta Hakim P XI SIJA 2\NodeJs\Clean Code Projects\Projects\node_modules\express\lib\response.js:953:18)
    at otp_verification (D:\Tirta Hakim Pambudhi\Tirta Hakim P XI SIJA 2\NodeJs\Clean Code Projects\Projects\src\controllers\seller.controller.js:35:17)
    at Layer.handle [as handle_request] (D:\Tirta Hakim Pambudhi\Tirta Hakim P XI SIJA 2\NodeJs\Clean Code Projects\Projects\node_modules\express\lib\router\layer.js:95:5)
    at next (D:\Tirta Hakim Pambudhi\Tirta Hakim P XI SIJA 2\NodeJs\Clean Code Projects\Projects\node_modules\express\lib\router\route.js:144:13)
    at Route.dispatch (D:\Tirta Hakim Pambudhi\Tirta Hakim P XI SIJA 2\NodeJs\Clean Code Projects\Projects\node_modules\express\lib\router\route.js:114:3)
    at Layer.handle [as handle_request] (D:\Tirta Hakim Pambudhi\Tirta Hakim P XI SIJA 2\NodeJs\Clean Code Projects\Projects\node_modules\express\lib\router\layer.js:95:5)
[2023-09-30 06:27:59.582 PM] error: 	uncaughtException: Unexpected token '}'
D:\Tirta Hakim Pambudhi\Tirta Hakim P XI SIJA 2\NodeJs\Clean Code Projects\Projects\src\controllers\seller.controller.js:29
    }
    ^

SyntaxError: Unexpected token '}'
    at Object.compileFunction (node:vm:360:18)
    at wrapSafe (node:internal/modules/cjs/loader:1088:15)
    at Module._compile (node:internal/modules/cjs/loader:1123:27)
    at Module._extensions..js (node:internal/modules/cjs/loader:1213:10)
    at Module.load (node:internal/modules/cjs/loader:1037:32)
    at Module._load (node:internal/modules/cjs/loader:878:12)
    at Module.require (node:internal/modules/cjs/loader:1061:19)
    at require (node:internal/modules/cjs/helpers:103:18)
    at Object.<anonymous> (D:\Tirta Hakim Pambudhi\Tirta Hakim P XI SIJA 2\NodeJs\Clean Code Projects\Projects\src\routes\seller.routes.js:2:32)
    at Module._compile (node:internal/modules/cjs/loader:1159:14)
[2023-09-30 06:30:00.422 PM] error: 	uncaughtException: Identifier 'res' has already been declared
D:\Tirta Hakim Pambudhi\Tirta Hakim P XI SIJA 2\NodeJs\Clean Code Projects\Projects\src\controllers\seller.controller.js:30
        res.json({data : result})
        ^

SyntaxError: Identifier 'res' has already been declared
    at Object.compileFunction (node:vm:360:18)
    at wrapSafe (node:internal/modules/cjs/loader:1088:15)
    at Module._compile (node:internal/modules/cjs/loader:1123:27)
    at Module._extensions..js (node:internal/modules/cjs/loader:1213:10)
    at Module.load (node:internal/modules/cjs/loader:1037:32)
    at Module._load (node:internal/modules/cjs/loader:878:12)
    at Module.require (node:internal/modules/cjs/loader:1061:19)
    at require (node:internal/modules/cjs/helpers:103:18)
    at Object.<anonymous> (D:\Tirta Hakim Pambudhi\Tirta Hakim P XI SIJA 2\NodeJs\Clean Code Projects\Projects\src\routes\seller.routes.js:2:32)
    at Module._compile (node:internal/modules/cjs/loader:1159:14)
[2023-09-30 06:32:11.313 PM] error: 	uncaughtException: await is only valid in async functions and the top level bodies of modules
D:\Tirta Hakim Pambudhi\Tirta Hakim P XI SIJA 2\NodeJs\Clean Code Projects\Projects\src\services\seller.services.js:91
      const client = await this.Seller.findOne({where:{email}});
                     ^^^^^

SyntaxError: await is only valid in async functions and the top level bodies of modules
    at Object.compileFunction (node:vm:360:18)
    at wrapSafe (node:internal/modules/cjs/loader:1088:15)
    at Module._compile (node:internal/modules/cjs/loader:1123:27)
    at Module._extensions..js (node:internal/modules/cjs/loader:1213:10)
    at Module.load (node:internal/modules/cjs/loader:1037:32)
    at Module._load (node:internal/modules/cjs/loader:878:12)
    at Module.require (node:internal/modules/cjs/loader:1061:19)
    at require (node:internal/modules/cjs/helpers:103:18)
    at Object.<anonymous> (D:\Tirta Hakim Pambudhi\Tirta Hakim P XI SIJA 2\NodeJs\Clean Code Projects\Projects\src\controllers\seller.controller.js:3:24)
    at Module._compile (node:internal/modules/cjs/loader:1159:14)
[2023-09-30 06:56:36.145 PM] error: 	unhandledRejection: Cannot set headers after they are sent to the client
Error [ERR_HTTP_HEADERS_SENT]: Cannot set headers after they are sent to the client
    at new NodeError (node:internal/errors:393:5)
    at ServerResponse.setHeader (node:_http_outgoing:644:11)
    at ServerResponse.header (D:\Tirta Hakim Pambudhi\Tirta Hakim P XI SIJA 2\NodeJs\Clean Code Projects\Projects\node_modules\express\lib\response.js:794:10)
    at ServerResponse.location (D:\Tirta Hakim Pambudhi\Tirta Hakim P XI SIJA 2\NodeJs\Clean Code Projects\Projects\node_modules\express\lib\response.js:915:15)
    at ServerResponse.redirect (D:\Tirta Hakim Pambudhi\Tirta Hakim P XI SIJA 2\NodeJs\Clean Code Projects\Projects\node_modules\express\lib\response.js:953:18)
    at change_password_page (D:\Tirta Hakim Pambudhi\Tirta Hakim P XI SIJA 2\NodeJs\Clean Code Projects\Projects\src\controllers\pages\seller.pages.controller.js:104:17)
    at process.processTicksAndRejections (node:internal/process/task_queues:95:5)
[2023-09-30 06:57:56.311 PM] error: 	unhandledRejection: Cannot set headers after they are sent to the client
Error [ERR_HTTP_HEADERS_SENT]: Cannot set headers after they are sent to the client
    at new NodeError (node:internal/errors:393:5)
    at ServerResponse.setHeader (node:_http_outgoing:644:11)
    at ServerResponse.header (D:\Tirta Hakim Pambudhi\Tirta Hakim P XI SIJA 2\NodeJs\Clean Code Projects\Projects\node_modules\express\lib\response.js:794:10)
    at ServerResponse.location (D:\Tirta Hakim Pambudhi\Tirta Hakim P XI SIJA 2\NodeJs\Clean Code Projects\Projects\node_modules\express\lib\response.js:915:15)
    at ServerResponse.redirect (D:\Tirta Hakim Pambudhi\Tirta Hakim P XI SIJA 2\NodeJs\Clean Code Projects\Projects\node_modules\express\lib\response.js:953:18)
    at change_password_page (D:\Tirta Hakim Pambudhi\Tirta Hakim P XI SIJA 2\NodeJs\Clean Code Projects\Projects\src\controllers\pages\seller.pages.controller.js:104:17)
    at process.processTicksAndRejections (node:internal/process/task_queues:95:5)
[2023-09-30 07:02:16.191 PM] error: 	uncaughtException: Unexpected token ')'
D:\Tirta Hakim Pambudhi\Tirta Hakim P XI SIJA 2\NodeJs\Clean Code Projects\Projects\src\middlewares\error.middleware.js:29
} else if(){
          ^

SyntaxError: Unexpected token ')'
    at Object.compileFunction (node:vm:360:18)
    at wrapSafe (node:internal/modules/cjs/loader:1088:15)
    at Module._compile (node:internal/modules/cjs/loader:1123:27)
    at Module._extensions..js (node:internal/modules/cjs/loader:1213:10)
    at Module.load (node:internal/modules/cjs/loader:1037:32)
    at Module._load (node:internal/modules/cjs/loader:878:12)
    at Module.require (node:internal/modules/cjs/loader:1061:19)
    at require (node:internal/modules/cjs/helpers:103:18)
    at Object.<anonymous> (D:\Tirta Hakim Pambudhi\Tirta Hakim P XI SIJA 2\NodeJs\Clean Code Projects\Projects\src\app.js:10:26)
    at Module._compile (node:internal/modules/cjs/loader:1159:14)
[2023-09-30 08:39:40.824 PM] error: 	uncaughtException: Unexpected token 'async'
D:\Tirta Hakim Pambudhi\Tirta Hakim P XI SIJA 2\NodeJs\Clean Code Projects\Projects\src\controllers\pages\seller.pages.controller.js:74
     async verification_page(req,res,next){
     ^^^^^

SyntaxError: Unexpected token 'async'
    at Object.compileFunction (node:vm:360:18)
    at wrapSafe (node:internal/modules/cjs/loader:1088:15)
    at Module._compile (node:internal/modules/cjs/loader:1123:27)
    at Module._extensions..js (node:internal/modules/cjs/loader:1213:10)
    at Module.load (node:internal/modules/cjs/loader:1037:32)
    at Module._load (node:internal/modules/cjs/loader:878:12)
    at Module.require (node:internal/modules/cjs/loader:1061:19)
    at require (node:internal/modules/cjs/helpers:103:18)
    at Object.<anonymous> (D:\Tirta Hakim Pambudhi\Tirta Hakim P XI SIJA 2\NodeJs\Clean Code Projects\Projects\src\routes\seller.routes.js:3:32)
    at Module._compile (node:internal/modules/cjs/loader:1159:14)
[2023-10-01 11:23:49.406 AM] error: 	uncaughtException: Unexpected token '}'
D:\Tirta Hakim Pambudhi\Tirta Hakim P XI SIJA 2\NodeJs\Clean Code Projects\Projects\src\controllers\pages\seller.pages.controller.js:29
            res.status(code).render("seller/dashboard/index.ejs",{layout :})
                                                                          ^

SyntaxError: Unexpected token '}'
    at Object.compileFunction (node:vm:360:18)
    at wrapSafe (node:internal/modules/cjs/loader:1088:15)
    at Module._compile (node:internal/modules/cjs/loader:1123:27)
    at Module._extensions..js (node:internal/modules/cjs/loader:1213:10)
    at Module.load (node:internal/modules/cjs/loader:1037:32)
    at Module._load (node:internal/modules/cjs/loader:878:12)
    at Module.require (node:internal/modules/cjs/loader:1061:19)
    at require (node:internal/modules/cjs/helpers:103:18)
    at Object.<anonymous> (D:\Tirta Hakim Pambudhi\Tirta Hakim P XI SIJA 2\NodeJs\Clean Code Projects\Projects\src\routes\seller.routes.js:3:32)
    at Module._compile (node:internal/modules/cjs/loader:1159:14)
[2023-10-01 01:55:01.206 PM] error: 	uncaughtException: Unexpected token '}'
D:\Tirta Hakim Pambudhi\Tirta Hakim P XI SIJA 2\NodeJs\Clean Code Projects\Projects\src\services\pages\seller.page.service.js:106
    } catch (error) {
    ^

SyntaxError: Unexpected token '}'
    at Object.compileFunction (node:vm:360:18)
    at wrapSafe (node:internal/modules/cjs/loader:1088:15)
    at Module._compile (node:internal/modules/cjs/loader:1123:27)
    at Module._extensions..js (node:internal/modules/cjs/loader:1213:10)
    at Module.load (node:internal/modules/cjs/loader:1037:32)
    at Module._load (node:internal/modules/cjs/loader:878:12)
    at Module.require (node:internal/modules/cjs/loader:1061:19)
    at require (node:internal/modules/cjs/helpers:103:18)
    at Object.<anonymous> (D:\Tirta Hakim Pambudhi\Tirta Hakim P XI SIJA 2\NodeJs\Clean Code Projects\Projects\src\controllers\pages\seller.pages.controller.js:5:29)
    at Module._compile (node:internal/modules/cjs/loader:1159:14)
[2023-10-01 02:00:44.770 PM] error: 	uncaughtException: Unexpected token '}'
D:\Tirta Hakim Pambudhi\Tirta Hakim P XI SIJA 2\NodeJs\Clean Code Projects\Projects\src\services\pages\seller.page.service.js:107
    } catch (error) {
    ^

SyntaxError: Unexpected token '}'
    at Object.compileFunction (node:vm:360:18)
    at wrapSafe (node:internal/modules/cjs/loader:1088:15)
    at Module._compile (node:internal/modules/cjs/loader:1123:27)
    at Module._extensions..js (node:internal/modules/cjs/loader:1213:10)
    at Module.load (node:internal/modules/cjs/loader:1037:32)
    at Module._load (node:internal/modules/cjs/loader:878:12)
    at Module.require (node:internal/modules/cjs/loader:1061:19)
    at require (node:internal/modules/cjs/helpers:103:18)
    at Object.<anonymous> (D:\Tirta Hakim Pambudhi\Tirta Hakim P XI SIJA 2\NodeJs\Clean Code Projects\Projects\src\controllers\pages\seller.pages.controller.js:5:29)
    at Module._compile (node:internal/modules/cjs/loader:1159:14)
[2023-10-01 02:00:56.545 PM] error: 	uncaughtException: Unexpected token '.'
D:\Tirta Hakim Pambudhi\Tirta Hakim P XI SIJA 2\NodeJs\Clean Code Projects\Projects\src\services\pages\seller.page.service.js:105
      const total_client = await.this.
                                ^

SyntaxError: Unexpected token '.'
    at Object.compileFunction (node:vm:360:18)
    at wrapSafe (node:internal/modules/cjs/loader:1088:15)
    at Module._compile (node:internal/modules/cjs/loader:1123:27)
    at Module._extensions..js (node:internal/modules/cjs/loader:1213:10)
    at Module.load (node:internal/modules/cjs/loader:1037:32)
    at Module._load (node:internal/modules/cjs/loader:878:12)
    at Module.require (node:internal/modules/cjs/loader:1061:19)
    at require (node:internal/modules/cjs/helpers:103:18)
    at Object.<anonymous> (D:\Tirta Hakim Pambudhi\Tirta Hakim P XI SIJA 2\NodeJs\Clean Code Projects\Projects\src\controllers\pages\seller.pages.controller.js:5:29)
    at Module._compile (node:internal/modules/cjs/loader:1159:14)
[2023-10-01 02:01:04.408 PM] error: 	uncaughtException: Unexpected token '}'
D:\Tirta Hakim Pambudhi\Tirta Hakim P XI SIJA 2\NodeJs\Clean Code Projects\Projects\src\services\pages\seller.page.service.js:107
    } catch (error) {
    ^

SyntaxError: Unexpected token '}'
    at Object.compileFunction (node:vm:360:18)
    at wrapSafe (node:internal/modules/cjs/loader:1088:15)
    at Module._compile (node:internal/modules/cjs/loader:1123:27)
    at Module._extensions..js (node:internal/modules/cjs/loader:1213:10)
    at Module.load (node:internal/modules/cjs/loader:1037:32)
    at Module._load (node:internal/modules/cjs/loader:878:12)
    at Module.require (node:internal/modules/cjs/loader:1061:19)
    at require (node:internal/modules/cjs/helpers:103:18)
    at Object.<anonymous> (D:\Tirta Hakim Pambudhi\Tirta Hakim P XI SIJA 2\NodeJs\Clean Code Projects\Projects\src\controllers\pages\seller.pages.controller.js:5:29)
    at Module._compile (node:internal/modules/cjs/loader:1159:14)
[2023-10-01 02:01:25.360 PM] error: 	uncaughtException: Missing initializer in const declaration
D:\Tirta Hakim Pambudhi\Tirta Hakim P XI SIJA 2\NodeJs\Clean Code Projects\Projects\src\services\pages\seller.page.service.js:105
      const count
            ^^^^^

SyntaxError: Missing initializer in const declaration
    at Object.compileFunction (node:vm:360:18)
    at wrapSafe (node:internal/modules/cjs/loader:1088:15)
    at Module._compile (node:internal/modules/cjs/loader:1123:27)
    at Module._extensions..js (node:internal/modules/cjs/loader:1213:10)
    at Module.load (node:internal/modules/cjs/loader:1037:32)
    at Module._load (node:internal/modules/cjs/loader:878:12)
    at Module.require (node:internal/modules/cjs/loader:1061:19)
    at require (node:internal/modules/cjs/helpers:103:18)
    at Object.<anonymous> (D:\Tirta Hakim Pambudhi\Tirta Hakim P XI SIJA 2\NodeJs\Clean Code Projects\Projects\src\controllers\pages\seller.pages.controller.js:5:29)
    at Module._compile (node:internal/modules/cjs/loader:1159:14)
[2023-10-01 02:02:35.598 PM] error: 	uncaughtException: Missing initializer in const declaration
D:\Tirta Hakim Pambudhi\Tirta Hakim P XI SIJA 2\NodeJs\Clean Code Projects\Projects\src\services\pages\seller.page.service.js:108
      const total
            ^^^^^

SyntaxError: Missing initializer in const declaration
    at Object.compileFunction (node:vm:360:18)
    at wrapSafe (node:internal/modules/cjs/loader:1088:15)
    at Module._compile (node:internal/modules/cjs/loader:1123:27)
    at Module._extensions..js (node:internal/modules/cjs/loader:1213:10)
    at Module.load (node:internal/modules/cjs/loader:1037:32)
    at Module._load (node:internal/modules/cjs/loader:878:12)
    at Module.require (node:internal/modules/cjs/loader:1061:19)
    at require (node:internal/modules/cjs/helpers:103:18)
    at Object.<anonymous> (D:\Tirta Hakim Pambudhi\Tirta Hakim P XI SIJA 2\NodeJs\Clean Code Projects\Projects\src\controllers\pages\seller.pages.controller.js:5:29)
    at Module._compile (node:internal/modules/cjs/loader:1159:14)
[2023-10-01 02:02:43.532 PM] error: 	uncaughtException: Missing initializer in const declaration
D:\Tirta Hakim Pambudhi\Tirta Hakim P XI SIJA 2\NodeJs\Clean Code Projects\Projects\src\services\pages\seller.page.service.js:108
      const total
            ^^^^^

SyntaxError: Missing initializer in const declaration
    at Object.compileFunction (node:vm:360:18)
    at wrapSafe (node:internal/modules/cjs/loader:1088:15)
    at Module._compile (node:internal/modules/cjs/loader:1123:27)
    at Module._extensions..js (node:internal/modules/cjs/loader:1213:10)
    at Module.load (node:internal/modules/cjs/loader:1037:32)
    at Module._load (node:internal/modules/cjs/loader:878:12)
    at Module.require (node:internal/modules/cjs/loader:1061:19)
    at require (node:internal/modules/cjs/helpers:103:18)
    at Object.<anonymous> (D:\Tirta Hakim Pambudhi\Tirta Hakim P XI SIJA 2\NodeJs\Clean Code Projects\Projects\src\controllers\pages\seller.pages.controller.js:5:29)
    at Module._compile (node:internal/modules/cjs/loader:1159:14)
[2023-10-01 02:03:43.538 PM] error: 	uncaughtException: Unexpected token '}'
D:\Tirta Hakim Pambudhi\Tirta Hakim P XI SIJA 2\NodeJs\Clean Code Projects\Projects\src\services\pages\seller.page.service.js:110
    } catch (error) {
    ^

SyntaxError: Unexpected token '}'
    at Object.compileFunction (node:vm:360:18)
    at wrapSafe (node:internal/modules/cjs/loader:1088:15)
    at Module._compile (node:internal/modules/cjs/loader:1123:27)
    at Module._extensions..js (node:internal/modules/cjs/loader:1213:10)
    at Module.load (node:internal/modules/cjs/loader:1037:32)
    at Module._load (node:internal/modules/cjs/loader:878:12)
    at Module.require (node:internal/modules/cjs/loader:1061:19)
    at require (node:internal/modules/cjs/helpers:103:18)
    at Object.<anonymous> (D:\Tirta Hakim Pambudhi\Tirta Hakim P XI SIJA 2\NodeJs\Clean Code Projects\Projects\src\controllers\pages\seller.pages.controller.js:5:29)
    at Module._compile (node:internal/modules/cjs/loader:1159:14)
[2023-10-01 02:05:33.431 PM] error: 	uncaughtException: History_Invoice is not defined
ReferenceError: History_Invoice is not defined
    at Object.<anonymous> (D:\Tirta Hakim Pambudhi\Tirta Hakim P XI SIJA 2\NodeJs\Clean Code Projects\Projects\src\controllers\pages\seller.pages.controller.js:10:70)
    at Module._compile (node:internal/modules/cjs/loader:1159:14)
    at Module._extensions..js (node:internal/modules/cjs/loader:1213:10)
    at Module.load (node:internal/modules/cjs/loader:1037:32)
    at Module._load (node:internal/modules/cjs/loader:878:12)
    at Module.require (node:internal/modules/cjs/loader:1061:19)
    at require (node:internal/modules/cjs/helpers:103:18)
    at Object.<anonymous> (D:\Tirta Hakim Pambudhi\Tirta Hakim P XI SIJA 2\NodeJs\Clean Code Projects\Projects\src\routes\seller.routes.js:3:32)
    at Module._compile (node:internal/modules/cjs/loader:1159:14)
    at Module._extensions..js (node:internal/modules/cjs/loader:1213:10)
[2023-10-01 02:09:25.562 PM] error: 	uncaughtException: das is not defined
ReferenceError: das is not defined
    at Object.<anonymous> (D:\Tirta Hakim Pambudhi\Tirta Hakim P XI SIJA 2\NodeJs\Clean Code Projects\Projects\src\routes\seller.routes.js:40:1)
    at Module._compile (node:internal/modules/cjs/loader:1159:14)
    at Module._extensions..js (node:internal/modules/cjs/loader:1213:10)
    at Module.load (node:internal/modules/cjs/loader:1037:32)
    at Module._load (node:internal/modules/cjs/loader:878:12)
    at Module.require (node:internal/modules/cjs/loader:1061:19)
    at require (node:internal/modules/cjs/helpers:103:18)
    at Object.<anonymous> (D:\Tirta Hakim Pambudhi\Tirta Hakim P XI SIJA 2\NodeJs\Clean Code Projects\Projects\src\app.js:9:22)
    at Module._compile (node:internal/modules/cjs/loader:1159:14)
    at Module._extensions..js (node:internal/modules/cjs/loader:1213:10)
[2023-10-01 02:09:29.715 PM] error: 	uncaughtException: dashboar is not defined
ReferenceError: dashboar is not defined
    at Object.<anonymous> (D:\Tirta Hakim Pambudhi\Tirta Hakim P XI SIJA 2\NodeJs\Clean Code Projects\Projects\src\routes\seller.routes.js:40:1)
    at Module._compile (node:internal/modules/cjs/loader:1159:14)
    at Module._extensions..js (node:internal/modules/cjs/loader:1213:10)
    at Module.load (node:internal/modules/cjs/loader:1037:32)
    at Module._load (node:internal/modules/cjs/loader:878:12)
    at Module.require (node:internal/modules/cjs/loader:1061:19)
    at require (node:internal/modules/cjs/helpers:103:18)
    at Object.<anonymous> (D:\Tirta Hakim Pambudhi\Tirta Hakim P XI SIJA 2\NodeJs\Clean Code Projects\Projects\src\app.js:9:22)
    at Module._compile (node:internal/modules/cjs/loader:1159:14)
    at Module._extensions..js (node:internal/modules/cjs/loader:1213:10)
[2023-10-01 02:10:29.512 PM] error: 	unhandledRejection: Cannot set headers after they are sent to the client
Error [ERR_HTTP_HEADERS_SENT]: Cannot set headers after they are sent to the client
    at new NodeError (node:internal/errors:393:5)
    at ServerResponse.setHeader (node:_http_outgoing:644:11)
    at ServerResponse.header (D:\Tirta Hakim Pambudhi\Tirta Hakim P XI SIJA 2\NodeJs\Clean Code Projects\Projects\node_modules\express\lib\response.js:794:10)
    at ServerResponse.location (D:\Tirta Hakim Pambudhi\Tirta Hakim P XI SIJA 2\NodeJs\Clean Code Projects\Projects\node_modules\express\lib\response.js:915:15)
    at ServerResponse.redirect (D:\Tirta Hakim Pambudhi\Tirta Hakim P XI SIJA 2\NodeJs\Clean Code Projects\Projects\node_modules\express\lib\response.js:953:18)
    at index (D:\Tirta Hakim Pambudhi\Tirta Hakim P XI SIJA 2\NodeJs\Clean Code Projects\Projects\src\controllers\pages\seller.dashboard.pages.controller.js:22:17)
    at process.processTicksAndRejections (node:internal/process/task_queues:95:5)
[2023-10-01 02:18:50.910 PM] error: 	unhandledRejection: Cannot set headers after they are sent to the client
Error [ERR_HTTP_HEADERS_SENT]: Cannot set headers after they are sent to the client
    at new NodeError (node:internal/errors:393:5)
    at ServerResponse.setHeader (node:_http_outgoing:644:11)
    at ServerResponse.header (D:\Tirta Hakim Pambudhi\Tirta Hakim P XI SIJA 2\NodeJs\Clean Code Projects\Projects\node_modules\express\lib\response.js:794:10)
    at ServerResponse.location (D:\Tirta Hakim Pambudhi\Tirta Hakim P XI SIJA 2\NodeJs\Clean Code Projects\Projects\node_modules\express\lib\response.js:915:15)
    at ServerResponse.redirect (D:\Tirta Hakim Pambudhi\Tirta Hakim P XI SIJA 2\NodeJs\Clean Code Projects\Projects\node_modules\express\lib\response.js:953:18)
    at login (D:\Tirta Hakim Pambudhi\Tirta Hakim P XI SIJA 2\NodeJs\Clean Code Projects\Projects\src\controllers\seller.controller.js:51:17)
    at process.processTicksAndRejections (node:internal/process/task_queues:95:5)
[2023-10-01 02:23:30.401 PM] error: 	unhandledRejection: Cannot set headers after they are sent to the client
Error [ERR_HTTP_HEADERS_SENT]: Cannot set headers after they are sent to the client
    at new NodeError (node:internal/errors:393:5)
    at ServerResponse.setHeader (node:_http_outgoing:644:11)
    at ServerResponse.header (D:\Tirta Hakim Pambudhi\Tirta Hakim P XI SIJA 2\NodeJs\Clean Code Projects\Projects\node_modules\express\lib\response.js:794:10)
    at ServerResponse.location (D:\Tirta Hakim Pambudhi\Tirta Hakim P XI SIJA 2\NodeJs\Clean Code Projects\Projects\node_modules\express\lib\response.js:915:15)
    at ServerResponse.redirect (D:\Tirta Hakim Pambudhi\Tirta Hakim P XI SIJA 2\NodeJs\Clean Code Projects\Projects\node_modules\express\lib\response.js:953:18)
    at login (D:\Tirta Hakim Pambudhi\Tirta Hakim P XI SIJA 2\NodeJs\Clean Code Projects\Projects\src\controllers\seller.controller.js:51:17)
    at process.processTicksAndRejections (node:internal/process/task_queues:95:5)
[2023-10-01 02:41:01.486 PM] error: 	uncaughtException: Unexpected token 'const'
D:\Tirta Hakim Pambudhi\Tirta Hakim P XI SIJA 2\NodeJs\Clean Code Projects\Projects\src\services\pages\seller.page.service.js:109
      const count_history_inv = await this.History.count({where : {sellerId : id_params}})
      ^^^^^

SyntaxError: Unexpected token 'const'
    at Object.compileFunction (node:vm:360:18)
    at wrapSafe (node:internal/modules/cjs/loader:1088:15)
    at Module._compile (node:internal/modules/cjs/loader:1123:27)
    at Module._extensions..js (node:internal/modules/cjs/loader:1213:10)
    at Module.load (node:internal/modules/cjs/loader:1037:32)
    at Module._load (node:internal/modules/cjs/loader:878:12)
    at Module.require (node:internal/modules/cjs/loader:1061:19)
    at require (node:internal/modules/cjs/helpers:103:18)
    at Object.<anonymous> (D:\Tirta Hakim Pambudhi\Tirta Hakim P XI SIJA 2\NodeJs\Clean Code Projects\Projects\src\controllers\pages\seller.pages.controller.js:6:29)
    at Module._compile (node:internal/modules/cjs/loader:1159:14)
[2023-10-01 02:52:44.562 PM] error: 	uncaughtException: Unexpected identifier 'checkLogin'
D:\Tirta Hakim Pambudhi\Tirta Hakim P XI SIJA 2\NodeJs\Clean Code Projects\Projects\src\services\seller.services.js:18
  aync checkLogin()
       ^^^^^^^^^^

SyntaxError: Unexpected identifier 'checkLogin'
    at Object.compileFunction (node:vm:360:18)
    at wrapSafe (node:internal/modules/cjs/loader:1088:15)
    at Module._compile (node:internal/modules/cjs/loader:1123:27)
    at Module._extensions..js (node:internal/modules/cjs/loader:1213:10)
    at Module.load (node:internal/modules/cjs/loader:1037:32)
    at Module._load (node:internal/modules/cjs/loader:878:12)
    at Module.require (node:internal/modules/cjs/loader:1061:19)
    at require (node:internal/modules/cjs/helpers:103:18)
    at Object.<anonymous> (D:\Tirta Hakim Pambudhi\Tirta Hakim P XI SIJA 2\NodeJs\Clean Code Projects\Projects\src\controllers\seller.controller.js:3:24)
    at Module._compile (node:internal/modules/cjs/loader:1159:14)
[2023-10-01 02:52:51.361 PM] error: 	uncaughtException: Unexpected identifier 'checkLogin'
D:\Tirta Hakim Pambudhi\Tirta Hakim P XI SIJA 2\NodeJs\Clean Code Projects\Projects\src\services\seller.services.js:18
  aync checkLogin(id_params)
       ^^^^^^^^^^

SyntaxError: Unexpected identifier 'checkLogin'
    at Object.compileFunction (node:vm:360:18)
    at wrapSafe (node:internal/modules/cjs/loader:1088:15)
    at Module._compile (node:internal/modules/cjs/loader:1123:27)
    at Module._extensions..js (node:internal/modules/cjs/loader:1213:10)
    at Module.load (node:internal/modules/cjs/loader:1037:32)
    at Module._load (node:internal/modules/cjs/loader:878:12)
    at Module.require (node:internal/modules/cjs/loader:1061:19)
    at require (node:internal/modules/cjs/helpers:103:18)
    at Object.<anonymous> (D:\Tirta Hakim Pambudhi\Tirta Hakim P XI SIJA 2\NodeJs\Clean Code Projects\Projects\src\controllers\seller.controller.js:3:24)
    at Module._compile (node:internal/modules/cjs/loader:1159:14)
[2023-10-01 02:52:55.920 PM] error: 	uncaughtException: Unexpected token 'async'
D:\Tirta Hakim Pambudhi\Tirta Hakim P XI SIJA 2\NodeJs\Clean Code Projects\Projects\src\services\seller.services.js:19
  async verified_OTP(client_id){
  ^^^^^

SyntaxError: Unexpected token 'async'
    at Object.compileFunction (node:vm:360:18)
    at wrapSafe (node:internal/modules/cjs/loader:1088:15)
    at Module._compile (node:internal/modules/cjs/loader:1123:27)
    at Module._extensions..js (node:internal/modules/cjs/loader:1213:10)
    at Module.load (node:internal/modules/cjs/loader:1037:32)
    at Module._load (node:internal/modules/cjs/loader:878:12)
    at Module.require (node:internal/modules/cjs/loader:1061:19)
    at require (node:internal/modules/cjs/helpers:103:18)
    at Object.<anonymous> (D:\Tirta Hakim Pambudhi\Tirta Hakim P XI SIJA 2\NodeJs\Clean Code Projects\Projects\src\controllers\seller.controller.js:3:24)
    at Module._compile (node:internal/modules/cjs/loader:1159:14)
[2023-10-01 02:53:15.855 PM] error: 	uncaughtException: Unexpected token '}'
D:\Tirta Hakim Pambudhi\Tirta Hakim P XI SIJA 2\NodeJs\Clean Code Projects\Projects\src\services\seller.services.js:21
    } catch (error) {
    ^

SyntaxError: Unexpected token '}'
    at Object.compileFunction (node:vm:360:18)
    at wrapSafe (node:internal/modules/cjs/loader:1088:15)
    at Module._compile (node:internal/modules/cjs/loader:1123:27)
    at Module._extensions..js (node:internal/modules/cjs/loader:1213:10)
    at Module.load (node:internal/modules/cjs/loader:1037:32)
    at Module._load (node:internal/modules/cjs/loader:878:12)
    at Module.require (node:internal/modules/cjs/loader:1061:19)
    at require (node:internal/modules/cjs/helpers:103:18)
    at Object.<anonymous> (D:\Tirta Hakim Pambudhi\Tirta Hakim P XI SIJA 2\NodeJs\Clean Code Projects\Projects\src\controllers\seller.controller.js:3:24)
    at Module._compile (node:internal/modules/cjs/loader:1159:14)
[2023-10-01 02:53:23.501 PM] error: 	uncaughtException: Unexpected token '}'
D:\Tirta Hakim Pambudhi\Tirta Hakim P XI SIJA 2\NodeJs\Clean Code Projects\Projects\src\services\seller.services.js:21
    } catch (error) {
    ^

SyntaxError: Unexpected token '}'
    at Object.compileFunction (node:vm:360:18)
    at wrapSafe (node:internal/modules/cjs/loader:1088:15)
    at Module._compile (node:internal/modules/cjs/loader:1123:27)
    at Module._extensions..js (node:internal/modules/cjs/loader:1213:10)
    at Module.load (node:internal/modules/cjs/loader:1037:32)
    at Module._load (node:internal/modules/cjs/loader:878:12)
    at Module.require (node:internal/modules/cjs/loader:1061:19)
    at require (node:internal/modules/cjs/helpers:103:18)
    at Object.<anonymous> (D:\Tirta Hakim Pambudhi\Tirta Hakim P XI SIJA 2\NodeJs\Clean Code Projects\Projects\src\controllers\seller.controller.js:3:24)
    at Module._compile (node:internal/modules/cjs/loader:1159:14)
[2023-10-01 02:53:28.536 PM] error: 	uncaughtException: Unexpected token '}'
D:\Tirta Hakim Pambudhi\Tirta Hakim P XI SIJA 2\NodeJs\Clean Code Projects\Projects\src\services\seller.services.js:21
    } catch (error) {
    ^

SyntaxError: Unexpected token '}'
    at Object.compileFunction (node:vm:360:18)
    at wrapSafe (node:internal/modules/cjs/loader:1088:15)
    at Module._compile (node:internal/modules/cjs/loader:1123:27)
    at Module._extensions..js (node:internal/modules/cjs/loader:1213:10)
    at Module.load (node:internal/modules/cjs/loader:1037:32)
    at Module._load (node:internal/modules/cjs/loader:878:12)
    at Module.require (node:internal/modules/cjs/loader:1061:19)
    at require (node:internal/modules/cjs/helpers:103:18)
    at Object.<anonymous> (D:\Tirta Hakim Pambudhi\Tirta Hakim P XI SIJA 2\NodeJs\Clean Code Projects\Projects\src\controllers\seller.controller.js:3:24)
    at Module._compile (node:internal/modules/cjs/loader:1159:14)
[2023-10-01 02:53:50.967 PM] error: 	uncaughtException: Unexpected token '}'
D:\Tirta Hakim Pambudhi\Tirta Hakim P XI SIJA 2\NodeJs\Clean Code Projects\Projects\src\services\seller.services.js:22
    } catch (error) {
    ^

SyntaxError: Unexpected token '}'
    at Object.compileFunction (node:vm:360:18)
    at wrapSafe (node:internal/modules/cjs/loader:1088:15)
    at Module._compile (node:internal/modules/cjs/loader:1123:27)
    at Module._extensions..js (node:internal/modules/cjs/loader:1213:10)
    at Module.load (node:internal/modules/cjs/loader:1037:32)
    at Module._load (node:internal/modules/cjs/loader:878:12)
    at Module.require (node:internal/modules/cjs/loader:1061:19)
    at require (node:internal/modules/cjs/helpers:103:18)
    at Object.<anonymous> (D:\Tirta Hakim Pambudhi\Tirta Hakim P XI SIJA 2\NodeJs\Clean Code Projects\Projects\src\controllers\seller.controller.js:3:24)
    at Module._compile (node:internal/modules/cjs/loader:1159:14)
[2023-10-01 02:53:55.413 PM] error: 	uncaughtException: Unexpected token '}'
D:\Tirta Hakim Pambudhi\Tirta Hakim P XI SIJA 2\NodeJs\Clean Code Projects\Projects\src\services\seller.services.js:22
    } catch (error) {
    ^

SyntaxError: Unexpected token '}'
    at Object.compileFunction (node:vm:360:18)
    at wrapSafe (node:internal/modules/cjs/loader:1088:15)
    at Module._compile (node:internal/modules/cjs/loader:1123:27)
    at Module._extensions..js (node:internal/modules/cjs/loader:1213:10)
    at Module.load (node:internal/modules/cjs/loader:1037:32)
    at Module._load (node:internal/modules/cjs/loader:878:12)
    at Module.require (node:internal/modules/cjs/loader:1061:19)
    at require (node:internal/modules/cjs/helpers:103:18)
    at Object.<anonymous> (D:\Tirta Hakim Pambudhi\Tirta Hakim P XI SIJA 2\NodeJs\Clean Code Projects\Projects\src\controllers\seller.controller.js:3:24)
    at Module._compile (node:internal/modules/cjs/loader:1159:14)
[2023-10-01 02:54:31.854 PM] error: 	uncaughtException: Unexpected token '}'
D:\Tirta Hakim Pambudhi\Tirta Hakim P XI SIJA 2\NodeJs\Clean Code Projects\Projects\src\services\seller.services.js:22
    } catch (error) {
    ^

SyntaxError: Unexpected token '}'
    at Object.compileFunction (node:vm:360:18)
    at wrapSafe (node:internal/modules/cjs/loader:1088:15)
    at Module._compile (node:internal/modules/cjs/loader:1123:27)
    at Module._extensions..js (node:internal/modules/cjs/loader:1213:10)
    at Module.load (node:internal/modules/cjs/loader:1037:32)
    at Module._load (node:internal/modules/cjs/loader:878:12)
    at Module.require (node:internal/modules/cjs/loader:1061:19)
    at require (node:internal/modules/cjs/helpers:103:18)
    at Object.<anonymous> (D:\Tirta Hakim Pambudhi\Tirta Hakim P XI SIJA 2\NodeJs\Clean Code Projects\Projects\src\controllers\seller.controller.js:3:24)
    at Module._compile (node:internal/modules/cjs/loader:1159:14)
[2023-10-01 02:55:03.261 PM] error: 	uncaughtException: Unexpected token '}'
D:\Tirta Hakim Pambudhi\Tirta Hakim P XI SIJA 2\NodeJs\Clean Code Projects\Projects\src\services\seller.services.js:23
    } catch (error) {
    ^

SyntaxError: Unexpected token '}'
    at Object.compileFunction (node:vm:360:18)
    at wrapSafe (node:internal/modules/cjs/loader:1088:15)
    at Module._compile (node:internal/modules/cjs/loader:1123:27)
    at Module._extensions..js (node:internal/modules/cjs/loader:1213:10)
    at Module.load (node:internal/modules/cjs/loader:1037:32)
    at Module._load (node:internal/modules/cjs/loader:878:12)
    at Module.require (node:internal/modules/cjs/loader:1061:19)
    at require (node:internal/modules/cjs/helpers:103:18)
    at Object.<anonymous> (D:\Tirta Hakim Pambudhi\Tirta Hakim P XI SIJA 2\NodeJs\Clean Code Projects\Projects\src\controllers\seller.controller.js:3:24)
    at Module._compile (node:internal/modules/cjs/loader:1159:14)
[2023-10-01 02:55:07.595 PM] error: 	uncaughtException: Unexpected token '}'
D:\Tirta Hakim Pambudhi\Tirta Hakim P XI SIJA 2\NodeJs\Clean Code Projects\Projects\src\services\seller.services.js:23
    } catch (error) {
    ^

SyntaxError: Unexpected token '}'
    at Object.compileFunction (node:vm:360:18)
    at wrapSafe (node:internal/modules/cjs/loader:1088:15)
    at Module._compile (node:internal/modules/cjs/loader:1123:27)
    at Module._extensions..js (node:internal/modules/cjs/loader:1213:10)
    at Module.load (node:internal/modules/cjs/loader:1037:32)
    at Module._load (node:internal/modules/cjs/loader:878:12)
    at Module.require (node:internal/modules/cjs/loader:1061:19)
    at require (node:internal/modules/cjs/helpers:103:18)
    at Object.<anonymous> (D:\Tirta Hakim Pambudhi\Tirta Hakim P XI SIJA 2\NodeJs\Clean Code Projects\Projects\src\controllers\seller.controller.js:3:24)
    at Module._compile (node:internal/modules/cjs/loader:1159:14)
[2023-10-01 02:55:11.723 PM] error: 	uncaughtException: Unexpected token 'return'
D:\Tirta Hakim Pambudhi\Tirta Hakim P XI SIJA 2\NodeJs\Clean Code Projects\Projects\src\services\seller.services.js:22
      return result
      ^^^^^^

SyntaxError: Unexpected token 'return'
    at Object.compileFunction (node:vm:360:18)
    at wrapSafe (node:internal/modules/cjs/loader:1088:15)
    at Module._compile (node:internal/modules/cjs/loader:1123:27)
    at Module._extensions..js (node:internal/modules/cjs/loader:1213:10)
    at Module.load (node:internal/modules/cjs/loader:1037:32)
    at Module._load (node:internal/modules/cjs/loader:878:12)
    at Module.require (node:internal/modules/cjs/loader:1061:19)
    at require (node:internal/modules/cjs/helpers:103:18)
    at Object.<anonymous> (D:\Tirta Hakim Pambudhi\Tirta Hakim P XI SIJA 2\NodeJs\Clean Code Projects\Projects\src\controllers\seller.controller.js:3:24)
    at Module._compile (node:internal/modules/cjs/loader:1159:14)
[2023-10-01 02:57:17.918 PM] error: 	uncaughtException: Unexpected token 'return'
D:\Tirta Hakim Pambudhi\Tirta Hakim P XI SIJA 2\NodeJs\Clean Code Projects\Projects\src\services\pages\seller.page.service.js:32
          return url_id_params
          ^^^^^^

SyntaxError: Unexpected token 'return'
    at Object.compileFunction (node:vm:360:18)
    at wrapSafe (node:internal/modules/cjs/loader:1088:15)
    at Module._compile (node:internal/modules/cjs/loader:1123:27)
    at Module._extensions..js (node:internal/modules/cjs/loader:1213:10)
    at Module.load (node:internal/modules/cjs/loader:1037:32)
    at Module._load (node:internal/modules/cjs/loader:878:12)
    at Module.require (node:internal/modules/cjs/loader:1061:19)
    at require (node:internal/modules/cjs/helpers:103:18)
    at Object.<anonymous> (D:\Tirta Hakim Pambudhi\Tirta Hakim P XI SIJA 2\NodeJs\Clean Code Projects\Projects\src\controllers\pages\seller.pages.controller.js:6:29)
    at Module._compile (node:internal/modules/cjs/loader:1159:14)
[2023-10-01 03:00:55.937 PM] error: 	uncaughtException: Unexpected token ')'
D:\Tirta Hakim Pambudhi\Tirta Hakim P XI SIJA 2\NodeJs\Clean Code Projects\Projects\src\services\pages\seller.page.service.js:31
          if(!) throw new Response_Error(401, "Your account is not login yet");
              ^

SyntaxError: Unexpected token ')'
    at Object.compileFunction (node:vm:360:18)
    at wrapSafe (node:internal/modules/cjs/loader:1088:15)
    at Module._compile (node:internal/modules/cjs/loader:1123:27)
    at Module._extensions..js (node:internal/modules/cjs/loader:1213:10)
    at Module.load (node:internal/modules/cjs/loader:1037:32)
    at Module._load (node:internal/modules/cjs/loader:878:12)
    at Module.require (node:internal/modules/cjs/loader:1061:19)
    at require (node:internal/modules/cjs/helpers:103:18)
    at Object.<anonymous> (D:\Tirta Hakim Pambudhi\Tirta Hakim P XI SIJA 2\NodeJs\Clean Code Projects\Projects\src\controllers\pages\seller.pages.controller.js:6:29)
    at Module._compile (node:internal/modules/cjs/loader:1159:14)
[2023-10-01 03:04:47.677 PM] error: 	uncaughtException: Unexpected token ')'
D:\Tirta Hakim Pambudhi\Tirta Hakim P XI SIJA 2\NodeJs\Clean Code Projects\Projects\src\services\pages\seller.page.service.js:22
        const result = (client.refresh_token !== null || ) ?true :false
                                                         ^

SyntaxError: Unexpected token ')'
    at Object.compileFunction (node:vm:360:18)
    at wrapSafe (node:internal/modules/cjs/loader:1088:15)
    at Module._compile (node:internal/modules/cjs/loader:1123:27)
    at Module._extensions..js (node:internal/modules/cjs/loader:1213:10)
    at Module.load (node:internal/modules/cjs/loader:1037:32)
    at Module._load (node:internal/modules/cjs/loader:878:12)
    at Module.require (node:internal/modules/cjs/loader:1061:19)
    at require (node:internal/modules/cjs/helpers:103:18)
    at Object.<anonymous> (D:\Tirta Hakim Pambudhi\Tirta Hakim P XI SIJA 2\NodeJs\Clean Code Projects\Projects\src\controllers\pages\seller.pages.controller.js:6:29)
    at Module._compile (node:internal/modules/cjs/loader:1159:14)
[2023-10-01 03:11:54.607 PM] error: 	uncaughtException: Unexpected token '}'
D:\Tirta Hakim Pambudhi\Tirta Hakim P XI SIJA 2\NodeJs\Clean Code Projects\Projects\src\services\pages\seller.page.service.js:21
        const client = this.Seller.findOne({where : })
                                                    ^

SyntaxError: Unexpected token '}'
    at Object.compileFunction (node:vm:360:18)
    at wrapSafe (node:internal/modules/cjs/loader:1088:15)
    at Module._compile (node:internal/modules/cjs/loader:1123:27)
    at Module._extensions..js (node:internal/modules/cjs/loader:1213:10)
    at Module.load (node:internal/modules/cjs/loader:1037:32)
    at Module._load (node:internal/modules/cjs/loader:878:12)
    at Module.require (node:internal/modules/cjs/loader:1061:19)
    at require (node:internal/modules/cjs/helpers:103:18)
    at Object.<anonymous> (D:\Tirta Hakim Pambudhi\Tirta Hakim P XI SIJA 2\NodeJs\Clean Code Projects\Projects\src\controllers\pages\seller.pages.controller.js:6:29)
    at Module._compile (node:internal/modules/cjs/loader:1159:14)
[2023-10-01 03:21:17.447 PM] error: 	uncaughtException: Missing initializer in const declaration
D:\Tirta Hakim Pambudhi\Tirta Hakim P XI SIJA 2\NodeJs\Clean Code Projects\Projects\src\services\pages\seller.page.service.js:118
      const is_
            ^^^

SyntaxError: Missing initializer in const declaration
    at Object.compileFunction (node:vm:360:18)
    at wrapSafe (node:internal/modules/cjs/loader:1088:15)
    at Module._compile (node:internal/modules/cjs/loader:1123:27)
    at Module._extensions..js (node:internal/modules/cjs/loader:1213:10)
    at Module.load (node:internal/modules/cjs/loader:1037:32)
    at Module._load (node:internal/modules/cjs/loader:878:12)
    at Module.require (node:internal/modules/cjs/loader:1061:19)
    at require (node:internal/modules/cjs/helpers:103:18)
    at Object.<anonymous> (D:\Tirta Hakim Pambudhi\Tirta Hakim P XI SIJA 2\NodeJs\Clean Code Projects\Projects\src\controllers\pages\seller.pages.controller.js:6:29)
    at Module._compile (node:internal/modules/cjs/loader:1159:14)
[2023-10-01 03:27:00.949 PM] error: 	uncaughtException: Unexpected token '{'
D:\Tirta Hakim Pambudhi\Tirta Hakim P XI SIJA 2\NodeJs\Clean Code Projects\Projects\src\services\pages\seller.page.service.js:137
      return {result{total_client,total_cars,total_money}}
                    ^

SyntaxError: Unexpected token '{'
    at Object.compileFunction (node:vm:360:18)
    at wrapSafe (node:internal/modules/cjs/loader:1088:15)
    at Module._compile (node:internal/modules/cjs/loader:1123:27)
    at Module._extensions..js (node:internal/modules/cjs/loader:1213:10)
    at Module.load (node:internal/modules/cjs/loader:1037:32)
    at Module._load (node:internal/modules/cjs/loader:878:12)
    at Module.require (node:internal/modules/cjs/loader:1061:19)
    at require (node:internal/modules/cjs/helpers:103:18)
    at Object.<anonymous> (D:\Tirta Hakim Pambudhi\Tirta Hakim P XI SIJA 2\NodeJs\Clean Code Projects\Projects\src\controllers\pages\seller.pages.controller.js:6:29)
    at Module._compile (node:internal/modules/cjs/loader:1159:14)
[2023-10-01 03:28:08.457 PM] error: 	unhandledRejection: Cannot set headers after they are sent to the client
Error [ERR_HTTP_HEADERS_SENT]: Cannot set headers after they are sent to the client
    at new NodeError (node:internal/errors:393:5)
    at ServerResponse.setHeader (node:_http_outgoing:644:11)
    at ServerResponse.header (D:\Tirta Hakim Pambudhi\Tirta Hakim P XI SIJA 2\NodeJs\Clean Code Projects\Projects\node_modules\express\lib\response.js:794:10)
    at ServerResponse.location (D:\Tirta Hakim Pambudhi\Tirta Hakim P XI SIJA 2\NodeJs\Clean Code Projects\Projects\node_modules\express\lib\response.js:915:15)
    at ServerResponse.redirect (D:\Tirta Hakim Pambudhi\Tirta Hakim P XI SIJA 2\NodeJs\Clean Code Projects\Projects\node_modules\express\lib\response.js:953:18)
    at index (D:\Tirta Hakim Pambudhi\Tirta Hakim P XI SIJA 2\NodeJs\Clean Code Projects\Projects\src\controllers\pages\seller.dashboard.pages.controller.js:22:17)
    at process.processTicksAndRejections (node:internal/process/task_queues:95:5)
[2023-10-01 03:31:00.541 PM] error: 	unhandledRejection: Cannot set headers after they are sent to the client
Error [ERR_HTTP_HEADERS_SENT]: Cannot set headers after they are sent to the client
    at new NodeError (node:internal/errors:393:5)
    at ServerResponse.setHeader (node:_http_outgoing:644:11)
    at ServerResponse.header (D:\Tirta Hakim Pambudhi\Tirta Hakim P XI SIJA 2\NodeJs\Clean Code Projects\Projects\node_modules\express\lib\response.js:794:10)
    at ServerResponse.location (D:\Tirta Hakim Pambudhi\Tirta Hakim P XI SIJA 2\NodeJs\Clean Code Projects\Projects\node_modules\express\lib\response.js:915:15)
    at ServerResponse.redirect (D:\Tirta Hakim Pambudhi\Tirta Hakim P XI SIJA 2\NodeJs\Clean Code Projects\Projects\node_modules\express\lib\response.js:953:18)
    at index (D:\Tirta Hakim Pambudhi\Tirta Hakim P XI SIJA 2\NodeJs\Clean Code Projects\Projects\src\controllers\pages\seller.dashboard.pages.controller.js:23:17)
    at process.processTicksAndRejections (node:internal/process/task_queues:95:5)
[2023-10-01 05:46:27.794 PM] error: 	unhandledRejection: Cannot set headers after they are sent to the client
Error [ERR_HTTP_HEADERS_SENT]: Cannot set headers after they are sent to the client
    at new NodeError (node:internal/errors:393:5)
    at ServerResponse.setHeader (node:_http_outgoing:644:11)
    at ServerResponse.header (D:\Tirta Hakim Pambudhi\Tirta Hakim P XI SIJA 2\NodeJs\Clean Code Projects\Projects\node_modules\express\lib\response.js:794:10)
    at ServerResponse.location (D:\Tirta Hakim Pambudhi\Tirta Hakim P XI SIJA 2\NodeJs\Clean Code Projects\Projects\node_modules\express\lib\response.js:915:15)
    at ServerResponse.redirect (D:\Tirta Hakim Pambudhi\Tirta Hakim P XI SIJA 2\NodeJs\Clean Code Projects\Projects\node_modules\express\lib\response.js:953:18)
    at index (D:\Tirta Hakim Pambudhi\Tirta Hakim P XI SIJA 2\NodeJs\Clean Code Projects\Projects\src\controllers\pages\seller.dashboard.pages.controller.js:23:17)
    at process.processTicksAndRejections (node:internal/process/task_queues:95:5)
[2023-10-01 05:49:42.138 PM] error: 	uncaughtException: Unexpected token ')'
D:\Tirta Hakim Pambudhi\Tirta Hakim P XI SIJA 2\NodeJs\Clean Code Projects\Projects\src\services\pages\seller.page.service.js:132
          if()
             ^

SyntaxError: Unexpected token ')'
    at Object.compileFunction (node:vm:360:18)
    at wrapSafe (node:internal/modules/cjs/loader:1088:15)
    at Module._compile (node:internal/modules/cjs/loader:1123:27)
    at Module._extensions..js (node:internal/modules/cjs/loader:1213:10)
    at Module.load (node:internal/modules/cjs/loader:1037:32)
    at Module._load (node:internal/modules/cjs/loader:878:12)
    at Module.require (node:internal/modules/cjs/loader:1061:19)
    at require (node:internal/modules/cjs/helpers:103:18)
    at Object.<anonymous> (D:\Tirta Hakim Pambudhi\Tirta Hakim P XI SIJA 2\NodeJs\Clean Code Projects\Projects\src\controllers\pages\seller.pages.controller.js:6:29)
    at Module._compile (node:internal/modules/cjs/loader:1159:14)
[2023-10-01 05:49:59.219 PM] error: 	uncaughtException: Unexpected token '}'
D:\Tirta Hakim Pambudhi\Tirta Hakim P XI SIJA 2\NodeJs\Clean Code Projects\Projects\src\services\pages\seller.page.service.js:134
          }
          ^

SyntaxError: Unexpected token '}'
    at Object.compileFunction (node:vm:360:18)
    at wrapSafe (node:internal/modules/cjs/loader:1088:15)
    at Module._compile (node:internal/modules/cjs/loader:1123:27)
    at Module._extensions..js (node:internal/modules/cjs/loader:1213:10)
    at Module.load (node:internal/modules/cjs/loader:1037:32)
    at Module._load (node:internal/modules/cjs/loader:878:12)
    at Module.require (node:internal/modules/cjs/loader:1061:19)
    at require (node:internal/modules/cjs/helpers:103:18)
    at Object.<anonymous> (D:\Tirta Hakim Pambudhi\Tirta Hakim P XI SIJA 2\NodeJs\Clean Code Projects\Projects\src\controllers\pages\seller.pages.controller.js:6:29)
    at Module._compile (node:internal/modules/cjs/loader:1159:14)
[2023-10-01 05:50:11.512 PM] error: 	uncaughtException: Unexpected token ')'
D:\Tirta Hakim Pambudhi\Tirta Hakim P XI SIJA 2\NodeJs\Clean Code Projects\Projects\src\services\pages\seller.page.service.js:133
            if()
               ^

SyntaxError: Unexpected token ')'
    at Object.compileFunction (node:vm:360:18)
    at wrapSafe (node:internal/modules/cjs/loader:1088:15)
    at Module._compile (node:internal/modules/cjs/loader:1123:27)
    at Module._extensions..js (node:internal/modules/cjs/loader:1213:10)
    at Module.load (node:internal/modules/cjs/loader:1037:32)
    at Module._load (node:internal/modules/cjs/loader:878:12)
    at Module.require (node:internal/modules/cjs/loader:1061:19)
    at require (node:internal/modules/cjs/helpers:103:18)
    at Object.<anonymous> (D:\Tirta Hakim Pambudhi\Tirta Hakim P XI SIJA 2\NodeJs\Clean Code Projects\Projects\src\controllers\pages\seller.pages.controller.js:6:29)
    at Module._compile (node:internal/modules/cjs/loader:1159:14)
[2023-10-01 05:50:46.677 PM] error: 	uncaughtException: Unexpected identifier 'invoice'
D:\Tirta Hakim Pambudhi\Tirta Hakim P XI SIJA 2\NodeJs\Clean Code Projects\Projects\src\services\pages\seller.page.service.js:137
          total_money += invoice.totalPrice + history_inv[index].totalPrice invoice.totalPrice
                                                                            ^^^^^^^

SyntaxError: Unexpected identifier 'invoice'
    at Object.compileFunction (node:vm:360:18)
    at wrapSafe (node:internal/modules/cjs/loader:1088:15)
    at Module._compile (node:internal/modules/cjs/loader:1123:27)
    at Module._extensions..js (node:internal/modules/cjs/loader:1213:10)
    at Module.load (node:internal/modules/cjs/loader:1037:32)
    at Module._load (node:internal/modules/cjs/loader:878:12)
    at Module.require (node:internal/modules/cjs/loader:1061:19)
    at require (node:internal/modules/cjs/helpers:103:18)
    at Object.<anonymous> (D:\Tirta Hakim Pambudhi\Tirta Hakim P XI SIJA 2\NodeJs\Clean Code Projects\Projects\src\controllers\pages\seller.pages.controller.js:6:29)
    at Module._compile (node:internal/modules/cjs/loader:1159:14)
[2023-10-01 05:50:53.205 PM] error: 	uncaughtException: Unexpected identifier 'invoice'
D:\Tirta Hakim Pambudhi\Tirta Hakim P XI SIJA 2\NodeJs\Clean Code Projects\Projects\src\services\pages\seller.page.service.js:137
          total_money += invoice.totalPrice + history_inv[index].totalPrice invoice.totalPrice
                                                                            ^^^^^^^

SyntaxError: Unexpected identifier 'invoice'
    at Object.compileFunction (node:vm:360:18)
    at wrapSafe (node:internal/modules/cjs/loader:1088:15)
    at Module._compile (node:internal/modules/cjs/loader:1123:27)
    at Module._extensions..js (node:internal/modules/cjs/loader:1213:10)
    at Module.load (node:internal/modules/cjs/loader:1037:32)
    at Module._load (node:internal/modules/cjs/loader:878:12)
    at Module.require (node:internal/modules/cjs/loader:1061:19)
    at require (node:internal/modules/cjs/helpers:103:18)
    at Object.<anonymous> (D:\Tirta Hakim Pambudhi\Tirta Hakim P XI SIJA 2\NodeJs\Clean Code Projects\Projects\src\controllers\pages\seller.pages.controller.js:6:29)
    at Module._compile (node:internal/modules/cjs/loader:1159:14)
[2023-10-01 07:52:03.519 PM] error: 	unhandledRejection: Cannot set headers after they are sent to the client
Error [ERR_HTTP_HEADERS_SENT]: Cannot set headers after they are sent to the client
    at new NodeError (node:internal/errors:393:5)
    at ServerResponse.setHeader (node:_http_outgoing:644:11)
    at ServerResponse.header (D:\Tirta Hakim Pambudhi\Tirta Hakim P XI SIJA 2\NodeJs\Clean Code Projects\Projects\node_modules\express\lib\response.js:794:10)
    at ServerResponse.location (D:\Tirta Hakim Pambudhi\Tirta Hakim P XI SIJA 2\NodeJs\Clean Code Projects\Projects\node_modules\express\lib\response.js:915:15)
    at ServerResponse.redirect (D:\Tirta Hakim Pambudhi\Tirta Hakim P XI SIJA 2\NodeJs\Clean Code Projects\Projects\node_modules\express\lib\response.js:953:18)
    at profile (D:\Tirta Hakim Pambudhi\Tirta Hakim P XI SIJA 2\NodeJs\Clean Code Projects\Projects\src\controllers\pages\seller.dashboard.pages.controller.js:33:17)
    at Layer.handle [as handle_request] (D:\Tirta Hakim Pambudhi\Tirta Hakim P XI SIJA 2\NodeJs\Clean Code Projects\Projects\node_modules\express\lib\router\layer.js:95:5)
    at next (D:\Tirta Hakim Pambudhi\Tirta Hakim P XI SIJA 2\NodeJs\Clean Code Projects\Projects\node_modules\express\lib\router\route.js:144:13)
    at Route.dispatch (D:\Tirta Hakim Pambudhi\Tirta Hakim P XI SIJA 2\NodeJs\Clean Code Projects\Projects\node_modules\express\lib\router\route.js:114:3)
    at Layer.handle [as handle_request] (D:\Tirta Hakim Pambudhi\Tirta Hakim P XI SIJA 2\NodeJs\Clean Code Projects\Projects\node_modules\express\lib\router\layer.js:95:5)
[2023-10-02 06:52:56.048 AM] error: 	uncaughtException: Unexpected token '}'
F:\Tirta Hakim Pambudhi\Tirta Hakim P XI SIJA 2\NodeJs\Clean Code Projects\Projects\src\controllers\seller.controller.js:66
        }
        ^

SyntaxError: Unexpected token '}'
    at internalCompileFunction (node:internal/vm:73:18)
    at wrapSafe (node:internal/modules/cjs/loader:1178:20)
    at Module._compile (node:internal/modules/cjs/loader:1220:27)
    at Module._extensions..js (node:internal/modules/cjs/loader:1310:10)
    at Module.load (node:internal/modules/cjs/loader:1119:32)
    at Module._load (node:internal/modules/cjs/loader:960:12)
    at Module.require (node:internal/modules/cjs/loader:1143:19)
    at require (node:internal/modules/cjs/helpers:110:18)
    at Object.<anonymous> (F:\Tirta Hakim Pambudhi\Tirta Hakim P XI SIJA 2\NodeJs\Clean Code Projects\Projects\src\routes\seller.routes.js:2:32)
    at Module._compile (node:internal/modules/cjs/loader:1256:14)
[2023-10-02 06:52:58.434 AM] error: 	uncaughtException: Unexpected token '}'
F:\Tirta Hakim Pambudhi\Tirta Hakim P XI SIJA 2\NodeJs\Clean Code Projects\Projects\src\controllers\seller.controller.js:66
        }
        ^

SyntaxError: Unexpected token '}'
    at internalCompileFunction (node:internal/vm:73:18)
    at wrapSafe (node:internal/modules/cjs/loader:1178:20)
    at Module._compile (node:internal/modules/cjs/loader:1220:27)
    at Module._extensions..js (node:internal/modules/cjs/loader:1310:10)
    at Module.load (node:internal/modules/cjs/loader:1119:32)
    at Module._load (node:internal/modules/cjs/loader:960:12)
    at Module.require (node:internal/modules/cjs/loader:1143:19)
    at require (node:internal/modules/cjs/helpers:110:18)
    at Object.<anonymous> (F:\Tirta Hakim Pambudhi\Tirta Hakim P XI SIJA 2\NodeJs\Clean Code Projects\Projects\src\routes\seller.routes.js:2:32)
    at Module._compile (node:internal/modules/cjs/loader:1256:14)
[2023-10-02 06:53:02.164 AM] error: 	uncaughtException: Unexpected identifier
F:\Tirta Hakim Pambudhi\Tirta Hakim P XI SIJA 2\NodeJs\Clean Code Projects\Projects\src\controllers\seller.controller.js:64
            if(error instan)
                     ^^^^^^

SyntaxError: Unexpected identifier
    at internalCompileFunction (node:internal/vm:73:18)
    at wrapSafe (node:internal/modules/cjs/loader:1178:20)
    at Module._compile (node:internal/modules/cjs/loader:1220:27)
    at Module._extensions..js (node:internal/modules/cjs/loader:1310:10)
    at Module.load (node:internal/modules/cjs/loader:1119:32)
    at Module._load (node:internal/modules/cjs/loader:960:12)
    at Module.require (node:internal/modules/cjs/loader:1143:19)
    at require (node:internal/modules/cjs/helpers:110:18)
    at Object.<anonymous> (F:\Tirta Hakim Pambudhi\Tirta Hakim P XI SIJA 2\NodeJs\Clean Code Projects\Projects\src\routes\seller.routes.js:2:32)
    at Module._compile (node:internal/modules/cjs/loader:1256:14)
[2023-10-02 06:53:05.159 AM] error: 	uncaughtException: Unexpected token '}'
F:\Tirta Hakim Pambudhi\Tirta Hakim P XI SIJA 2\NodeJs\Clean Code Projects\Projects\src\controllers\seller.controller.js:66
        }
        ^

SyntaxError: Unexpected token '}'
    at internalCompileFunction (node:internal/vm:73:18)
    at wrapSafe (node:internal/modules/cjs/loader:1178:20)
    at Module._compile (node:internal/modules/cjs/loader:1220:27)
    at Module._extensions..js (node:internal/modules/cjs/loader:1310:10)
    at Module.load (node:internal/modules/cjs/loader:1119:32)
    at Module._load (node:internal/modules/cjs/loader:960:12)
    at Module.require (node:internal/modules/cjs/loader:1143:19)
    at require (node:internal/modules/cjs/helpers:110:18)
    at Object.<anonymous> (F:\Tirta Hakim Pambudhi\Tirta Hakim P XI SIJA 2\NodeJs\Clean Code Projects\Projects\src\routes\seller.routes.js:2:32)
    at Module._compile (node:internal/modules/cjs/loader:1256:14)
[2023-10-02 06:53:08.972 AM] error: 	uncaughtException: Unexpected token '}'
F:\Tirta Hakim Pambudhi\Tirta Hakim P XI SIJA 2\NodeJs\Clean Code Projects\Projects\src\controllers\seller.controller.js:67
        }
        ^

SyntaxError: Unexpected token '}'
    at internalCompileFunction (node:internal/vm:73:18)
    at wrapSafe (node:internal/modules/cjs/loader:1178:20)
    at Module._compile (node:internal/modules/cjs/loader:1220:27)
    at Module._extensions..js (node:internal/modules/cjs/loader:1310:10)
    at Module.load (node:internal/modules/cjs/loader:1119:32)
    at Module._load (node:internal/modules/cjs/loader:960:12)
    at Module.require (node:internal/modules/cjs/loader:1143:19)
    at require (node:internal/modules/cjs/helpers:110:18)
    at Object.<anonymous> (F:\Tirta Hakim Pambudhi\Tirta Hakim P XI SIJA 2\NodeJs\Clean Code Projects\Projects\src\routes\seller.routes.js:2:32)
    at Module._compile (node:internal/modules/cjs/loader:1256:14)
[2023-10-02 06:53:29.859 AM] error: 	uncaughtException: Unexpected token ')'
F:\Tirta Hakim Pambudhi\Tirta Hakim P XI SIJA 2\NodeJs\Clean Code Projects\Projects\src\controllers\seller.controller.js:66
                res.status(error.).json(error)
                                 ^

SyntaxError: Unexpected token ')'
    at internalCompileFunction (node:internal/vm:73:18)
    at wrapSafe (node:internal/modules/cjs/loader:1178:20)
    at Module._compile (node:internal/modules/cjs/loader:1220:27)
    at Module._extensions..js (node:internal/modules/cjs/loader:1310:10)
    at Module.load (node:internal/modules/cjs/loader:1119:32)
    at Module._load (node:internal/modules/cjs/loader:960:12)
    at Module.require (node:internal/modules/cjs/loader:1143:19)
    at require (node:internal/modules/cjs/helpers:110:18)
    at Object.<anonymous> (F:\Tirta Hakim Pambudhi\Tirta Hakim P XI SIJA 2\NodeJs\Clean Code Projects\Projects\src\routes\seller.routes.js:2:32)
    at Module._compile (node:internal/modules/cjs/loader:1256:14)
[2023-10-02 06:53:44.278 AM] error: 	uncaughtException: Unexpected token '}'
F:\Tirta Hakim Pambudhi\Tirta Hakim P XI SIJA 2\NodeJs\Clean Code Projects\Projects\src\controllers\seller.controller.js:66
                res.status(error.status).json({errors: error.})
                                                             ^

SyntaxError: Unexpected token '}'
    at internalCompileFunction (node:internal/vm:73:18)
    at wrapSafe (node:internal/modules/cjs/loader:1178:20)
    at Module._compile (node:internal/modules/cjs/loader:1220:27)
    at Module._extensions..js (node:internal/modules/cjs/loader:1310:10)
    at Module.load (node:internal/modules/cjs/loader:1119:32)
    at Module._load (node:internal/modules/cjs/loader:960:12)
    at Module.require (node:internal/modules/cjs/loader:1143:19)
    at require (node:internal/modules/cjs/helpers:110:18)
    at Object.<anonymous> (F:\Tirta Hakim Pambudhi\Tirta Hakim P XI SIJA 2\NodeJs\Clean Code Projects\Projects\src\routes\seller.routes.js:2:32)
    at Module._compile (node:internal/modules/cjs/loader:1256:14)
[2023-10-02 06:53:54.247 AM] error: 	uncaughtException: Unexpected token ')'
F:\Tirta Hakim Pambudhi\Tirta Hakim P XI SIJA 2\NodeJs\Clean Code Projects\Projects\src\controllers\seller.controller.js:67
            } else if ( )
                        ^

SyntaxError: Unexpected token ')'
    at internalCompileFunction (node:internal/vm:73:18)
    at wrapSafe (node:internal/modules/cjs/loader:1178:20)
    at Module._compile (node:internal/modules/cjs/loader:1220:27)
    at Module._extensions..js (node:internal/modules/cjs/loader:1310:10)
    at Module.load (node:internal/modules/cjs/loader:1119:32)
    at Module._load (node:internal/modules/cjs/loader:960:12)
    at Module.require (node:internal/modules/cjs/loader:1143:19)
    at require (node:internal/modules/cjs/helpers:110:18)
    at Object.<anonymous> (F:\Tirta Hakim Pambudhi\Tirta Hakim P XI SIJA 2\NodeJs\Clean Code Projects\Projects\src\routes\seller.routes.js:2:32)
    at Module._compile (node:internal/modules/cjs/loader:1256:14)
[2023-10-02 06:53:55.308 AM] error: 	uncaughtException: Unexpected token '}'
F:\Tirta Hakim Pambudhi\Tirta Hakim P XI SIJA 2\NodeJs\Clean Code Projects\Projects\src\controllers\seller.controller.js:69
        }
        ^

SyntaxError: Unexpected token '}'
    at internalCompileFunction (node:internal/vm:73:18)
    at wrapSafe (node:internal/modules/cjs/loader:1178:20)
    at Module._compile (node:internal/modules/cjs/loader:1220:27)
    at Module._extensions..js (node:internal/modules/cjs/loader:1310:10)
    at Module.load (node:internal/modules/cjs/loader:1119:32)
    at Module._load (node:internal/modules/cjs/loader:960:12)
    at Module.require (node:internal/modules/cjs/loader:1143:19)
    at require (node:internal/modules/cjs/helpers:110:18)
    at Object.<anonymous> (F:\Tirta Hakim Pambudhi\Tirta Hakim P XI SIJA 2\NodeJs\Clean Code Projects\Projects\src\routes\seller.routes.js:2:32)
    at Module._compile (node:internal/modules/cjs/loader:1256:14)
[2023-10-02 06:53:58.969 AM] error: 	uncaughtException: Unexpected token ')'
F:\Tirta Hakim Pambudhi\Tirta Hakim P XI SIJA 2\NodeJs\Clean Code Projects\Projects\src\controllers\seller.controller.js:67
            } else if ( error instanceof )
                                         ^

SyntaxError: Unexpected token ')'
    at internalCompileFunction (node:internal/vm:73:18)
    at wrapSafe (node:internal/modules/cjs/loader:1178:20)
    at Module._compile (node:internal/modules/cjs/loader:1220:27)
    at Module._extensions..js (node:internal/modules/cjs/loader:1310:10)
    at Module.load (node:internal/modules/cjs/loader:1119:32)
    at Module._load (node:internal/modules/cjs/loader:960:12)
    at Module.require (node:internal/modules/cjs/loader:1143:19)
    at require (node:internal/modules/cjs/helpers:110:18)
    at Object.<anonymous> (F:\Tirta Hakim Pambudhi\Tirta Hakim P XI SIJA 2\NodeJs\Clean Code Projects\Projects\src\routes\seller.routes.js:2:32)
    at Module._compile (node:internal/modules/cjs/loader:1256:14)
[2023-10-02 06:54:03.785 AM] error: 	uncaughtException: Unexpected token '}'
F:\Tirta Hakim Pambudhi\Tirta Hakim P XI SIJA 2\NodeJs\Clean Code Projects\Projects\src\controllers\seller.controller.js:69
        }
        ^

SyntaxError: Unexpected token '}'
    at internalCompileFunction (node:internal/vm:73:18)
    at wrapSafe (node:internal/modules/cjs/loader:1178:20)
    at Module._compile (node:internal/modules/cjs/loader:1220:27)
    at Module._extensions..js (node:internal/modules/cjs/loader:1310:10)
    at Module.load (node:internal/modules/cjs/loader:1119:32)
    at Module._load (node:internal/modules/cjs/loader:960:12)
    at Module.require (node:internal/modules/cjs/loader:1143:19)
    at require (node:internal/modules/cjs/helpers:110:18)
    at Object.<anonymous> (F:\Tirta Hakim Pambudhi\Tirta Hakim P XI SIJA 2\NodeJs\Clean Code Projects\Projects\src\routes\seller.routes.js:2:32)
    at Module._compile (node:internal/modules/cjs/loader:1256:14)
[2023-10-02 06:54:05.929 AM] error: 	uncaughtException: Unexpected token '}'
F:\Tirta Hakim Pambudhi\Tirta Hakim P XI SIJA 2\NodeJs\Clean Code Projects\Projects\src\controllers\seller.controller.js:69
        }
        ^

SyntaxError: Unexpected token '}'
    at internalCompileFunction (node:internal/vm:73:18)
    at wrapSafe (node:internal/modules/cjs/loader:1178:20)
    at Module._compile (node:internal/modules/cjs/loader:1220:27)
    at Module._extensions..js (node:internal/modules/cjs/loader:1310:10)
    at Module.load (node:internal/modules/cjs/loader:1119:32)
    at Module._load (node:internal/modules/cjs/loader:960:12)
    at Module.require (node:internal/modules/cjs/loader:1143:19)
    at require (node:internal/modules/cjs/helpers:110:18)
    at Object.<anonymous> (F:\Tirta Hakim Pambudhi\Tirta Hakim P XI SIJA 2\NodeJs\Clean Code Projects\Projects\src\routes\seller.routes.js:2:32)
    at Module._compile (node:internal/modules/cjs/loader:1256:14)
[2023-10-02 06:54:09.894 AM] error: 	uncaughtException: Unexpected token '}'
F:\Tirta Hakim Pambudhi\Tirta Hakim P XI SIJA 2\NodeJs\Clean Code Projects\Projects\src\controllers\seller.controller.js:69
        }
        ^

SyntaxError: Unexpected token '}'
    at internalCompileFunction (node:internal/vm:73:18)
    at wrapSafe (node:internal/modules/cjs/loader:1178:20)
    at Module._compile (node:internal/modules/cjs/loader:1220:27)
    at Module._extensions..js (node:internal/modules/cjs/loader:1310:10)
    at Module.load (node:internal/modules/cjs/loader:1119:32)
    at Module._load (node:internal/modules/cjs/loader:960:12)
    at Module.require (node:internal/modules/cjs/loader:1143:19)
    at require (node:internal/modules/cjs/helpers:110:18)
    at Object.<anonymous> (F:\Tirta Hakim Pambudhi\Tirta Hakim P XI SIJA 2\NodeJs\Clean Code Projects\Projects\src\routes\seller.routes.js:2:32)
    at Module._compile (node:internal/modules/cjs/loader:1256:14)
[2023-10-02 06:55:34.750 AM] error: 	uncaughtException: Unexpected identifier
F:\Tirta Hakim Pambudhi\Tirta Hakim P XI SIJA 2\NodeJs\Clean Code Projects\Projects\src\controllers\seller.controller.js:68
            } else if ( error is ){
                              ^^

SyntaxError: Unexpected identifier
    at internalCompileFunction (node:internal/vm:73:18)
    at wrapSafe (node:internal/modules/cjs/loader:1178:20)
    at Module._compile (node:internal/modules/cjs/loader:1220:27)
    at Module._extensions..js (node:internal/modules/cjs/loader:1310:10)
    at Module.load (node:internal/modules/cjs/loader:1119:32)
    at Module._load (node:internal/modules/cjs/loader:960:12)
    at Module.require (node:internal/modules/cjs/loader:1143:19)
    at require (node:internal/modules/cjs/helpers:110:18)
    at Object.<anonymous> (F:\Tirta Hakim Pambudhi\Tirta Hakim P XI SIJA 2\NodeJs\Clean Code Projects\Projects\src\routes\seller.routes.js:2:32)
    at Module._compile (node:internal/modules/cjs/loader:1256:14)
[2023-10-02 06:56:27.495 AM] error: 	uncaughtException: Unexpected token '}'
F:\Tirta Hakim Pambudhi\Tirta Hakim P XI SIJA 2\NodeJs\Clean Code Projects\Projects\src\controllers\seller.controller.js:73
                  res.status(400).json({errors : validationErrors.})
                                                                  ^

SyntaxError: Unexpected token '}'
    at internalCompileFunction (node:internal/vm:73:18)
    at wrapSafe (node:internal/modules/cjs/loader:1178:20)
    at Module._compile (node:internal/modules/cjs/loader:1220:27)
    at Module._extensions..js (node:internal/modules/cjs/loader:1310:10)
    at Module.load (node:internal/modules/cjs/loader:1119:32)
    at Module._load (node:internal/modules/cjs/loader:960:12)
    at Module.require (node:internal/modules/cjs/loader:1143:19)
    at require (node:internal/modules/cjs/helpers:110:18)
    at Object.<anonymous> (F:\Tirta Hakim Pambudhi\Tirta Hakim P XI SIJA 2\NodeJs\Clean Code Projects\Projects\src\routes\seller.routes.js:2:32)
    at Module._compile (node:internal/modules/cjs/loader:1256:14)
[2023-10-02 06:56:46.096 AM] error: 	uncaughtException: Unexpected token '}'
F:\Tirta Hakim Pambudhi\Tirta Hakim P XI SIJA 2\NodeJs\Clean Code Projects\Projects\src\controllers\seller.controller.js:64
            res.json({data : })
                             ^

SyntaxError: Unexpected token '}'
    at internalCompileFunction (node:internal/vm:73:18)
    at wrapSafe (node:internal/modules/cjs/loader:1178:20)
    at Module._compile (node:internal/modules/cjs/loader:1220:27)
    at Module._extensions..js (node:internal/modules/cjs/loader:1310:10)
    at Module.load (node:internal/modules/cjs/loader:1119:32)
    at Module._load (node:internal/modules/cjs/loader:960:12)
    at Module.require (node:internal/modules/cjs/loader:1143:19)
    at require (node:internal/modules/cjs/helpers:110:18)
    at Object.<anonymous> (F:\Tirta Hakim Pambudhi\Tirta Hakim P XI SIJA 2\NodeJs\Clean Code Projects\Projects\src\routes\seller.routes.js:2:32)
    at Module._compile (node:internal/modules/cjs/loader:1256:14)
[2023-10-02 06:56:57.447 AM] error: 	uncaughtException: Unexpected token ')'
F:\Tirta Hakim Pambudhi\Tirta Hakim P XI SIJA 2\NodeJs\Clean Code Projects\Projects\src\controllers\seller.controller.js:74
            } else if ()
                       ^

SyntaxError: Unexpected token ')'
    at internalCompileFunction (node:internal/vm:73:18)
    at wrapSafe (node:internal/modules/cjs/loader:1178:20)
    at Module._compile (node:internal/modules/cjs/loader:1220:27)
    at Module._extensions..js (node:internal/modules/cjs/loader:1310:10)
    at Module.load (node:internal/modules/cjs/loader:1119:32)
    at Module._load (node:internal/modules/cjs/loader:960:12)
    at Module.require (node:internal/modules/cjs/loader:1143:19)
    at require (node:internal/modules/cjs/helpers:110:18)
    at Object.<anonymous> (F:\Tirta Hakim Pambudhi\Tirta Hakim P XI SIJA 2\NodeJs\Clean Code Projects\Projects\src\routes\seller.routes.js:2:32)
    at Module._compile (node:internal/modules/cjs/loader:1256:14)
[2023-10-02 06:56:58.960 AM] error: 	uncaughtException: Unexpected token '}'
F:\Tirta Hakim Pambudhi\Tirta Hakim P XI SIJA 2\NodeJs\Clean Code Projects\Projects\src\controllers\seller.controller.js:77
        }
        ^

SyntaxError: Unexpected token '}'
    at internalCompileFunction (node:internal/vm:73:18)
    at wrapSafe (node:internal/modules/cjs/loader:1178:20)
    at Module._compile (node:internal/modules/cjs/loader:1220:27)
    at Module._extensions..js (node:internal/modules/cjs/loader:1310:10)
    at Module.load (node:internal/modules/cjs/loader:1119:32)
    at Module._load (node:internal/modules/cjs/loader:960:12)
    at Module.require (node:internal/modules/cjs/loader:1143:19)
    at require (node:internal/modules/cjs/helpers:110:18)
    at Object.<anonymous> (F:\Tirta Hakim Pambudhi\Tirta Hakim P XI SIJA 2\NodeJs\Clean Code Projects\Projects\src\routes\seller.routes.js:2:32)
    at Module._compile (node:internal/modules/cjs/loader:1256:14)
[2023-10-02 12:58:27.945 PM] error: 	unhandledRejection: err is not defined
ReferenceError: err is not defined
    at edit (D:\Tirta Hakim Pambudhi\Tirta Hakim P XI SIJA 2\NodeJs\Clean Code Projects\Projects\src\controllers\seller.controller.js:75:48)
[2023-10-02 01:20:03.401 PM] error: 	unhandledRejection: Cannot set headers after they are sent to the client
Error [ERR_HTTP_HEADERS_SENT]: Cannot set headers after they are sent to the client
    at new NodeError (node:internal/errors:406:5)
    at ServerResponse.setHeader (node:_http_outgoing:652:11)
    at ServerResponse.header (D:\Tirta Hakim Pambudhi\Tirta Hakim P XI SIJA 2\NodeJs\Clean Code Projects\Projects\node_modules\express\lib\response.js:794:10)
    at ServerResponse.location (D:\Tirta Hakim Pambudhi\Tirta Hakim P XI SIJA 2\NodeJs\Clean Code Projects\Projects\node_modules\express\lib\response.js:915:15)
    at ServerResponse.redirect (D:\Tirta Hakim Pambudhi\Tirta Hakim P XI SIJA 2\NodeJs\Clean Code Projects\Projects\node_modules\express\lib\response.js:953:18)
    at register (D:\Tirta Hakim Pambudhi\Tirta Hakim P XI SIJA 2\NodeJs\Clean Code Projects\Projects\src\controllers\seller.controller.js:25:17)
    at process.processTicksAndRejections (node:internal/process/task_queues:95:5)
[2023-10-02 01:28:20.174 PM] error: 	uncaughtException: Unexpected token '}'
D:\Tirta Hakim Pambudhi\Tirta Hakim P XI SIJA 2\NodeJs\Clean Code Projects\Projects\src\controllers\pages\seller.dashboard.pages.controller.js:48
}
^

SyntaxError: Unexpected token '}'
    at internalCompileFunction (node:internal/vm:73:18)
    at wrapSafe (node:internal/modules/cjs/loader:1153:20)
    at Module._compile (node:internal/modules/cjs/loader:1205:27)
    at Module._extensions..js (node:internal/modules/cjs/loader:1295:10)
    at Module.load (node:internal/modules/cjs/loader:1091:32)
    at Module._load (node:internal/modules/cjs/loader:938:12)
    at Module.require (node:internal/modules/cjs/loader:1115:19)
    at require (node:internal/modules/helpers:130:18)
    at Object.<anonymous> (D:\Tirta Hakim Pambudhi\Tirta Hakim P XI SIJA 2\NodeJs\Clean Code Projects\Projects\src\routes\seller.routes.js:9:19)
    at Module._compile (node:internal/modules/cjs/loader:1241:14)
[2023-10-02 01:28:54.186 PM] error: 	uncaughtException: Unexpected token '='
D:\Tirta Hakim Pambudhi\Tirta Hakim P XI SIJA 2\NodeJs\Clean Code Projects\Projects\src\controllers\pages\seller.dashboard.pages.controller.js:49
            const = 
                  ^

SyntaxError: Unexpected token '='
    at internalCompileFunction (node:internal/vm:73:18)
    at wrapSafe (node:internal/modules/cjs/loader:1153:20)
    at Module._compile (node:internal/modules/cjs/loader:1205:27)
    at Module._extensions..js (node:internal/modules/cjs/loader:1295:10)
    at Module.load (node:internal/modules/cjs/loader:1091:32)
    at Module._load (node:internal/modules/cjs/loader:938:12)
    at Module.require (node:internal/modules/cjs/loader:1115:19)
    at require (node:internal/modules/helpers:130:18)
    at Object.<anonymous> (D:\Tirta Hakim Pambudhi\Tirta Hakim P XI SIJA 2\NodeJs\Clean Code Projects\Projects\src\routes\seller.routes.js:9:19)
    at Module._compile (node:internal/modules/cjs/loader:1241:14)
[2023-10-02 01:29:04.667 PM] error: 	uncaughtException: Unexpected token '}'
D:\Tirta Hakim Pambudhi\Tirta Hakim P XI SIJA 2\NodeJs\Clean Code Projects\Projects\src\controllers\pages\seller.dashboard.pages.controller.js:50
        } catch (error) {
        ^

SyntaxError: Unexpected token '}'
    at internalCompileFunction (node:internal/vm:73:18)
    at wrapSafe (node:internal/modules/cjs/loader:1153:20)
    at Module._compile (node:internal/modules/cjs/loader:1205:27)
    at Module._extensions..js (node:internal/modules/cjs/loader:1295:10)
    at Module.load (node:internal/modules/cjs/loader:1091:32)
    at Module._load (node:internal/modules/cjs/loader:938:12)
    at Module.require (node:internal/modules/cjs/loader:1115:19)
    at require (node:internal/modules/helpers:130:18)
    at Object.<anonymous> (D:\Tirta Hakim Pambudhi\Tirta Hakim P XI SIJA 2\NodeJs\Clean Code Projects\Projects\src\routes\seller.routes.js:9:19)
    at Module._compile (node:internal/modules/cjs/loader:1241:14)
[2023-10-02 01:32:22.068 PM] error: 	uncaughtException: Unexpected token '}'
D:\Tirta Hakim Pambudhi\Tirta Hakim P XI SIJA 2\NodeJs\Clean Code Projects\Projects\src\services\pages\seller.page.service.js:162
}
^

SyntaxError: Unexpected token '}'
    at internalCompileFunction (node:internal/vm:73:18)
    at wrapSafe (node:internal/modules/cjs/loader:1153:20)
    at Module._compile (node:internal/modules/cjs/loader:1205:27)
    at Module._extensions..js (node:internal/modules/cjs/loader:1295:10)
    at Module.load (node:internal/modules/cjs/loader:1091:32)
    at Module._load (node:internal/modules/cjs/loader:938:12)
    at Module.require (node:internal/modules/cjs/loader:1115:19)
    at require (node:internal/modules/helpers:130:18)
    at Object.<anonymous> (D:\Tirta Hakim Pambudhi\Tirta Hakim P XI SIJA 2\NodeJs\Clean Code Projects\Projects\src\controllers\pages\seller.pages.controller.js:6:29)
    at Module._compile (node:internal/modules/cjs/loader:1241:14)
[2023-10-02 01:32:25.453 PM] error: 	uncaughtException: Unexpected token '}'
D:\Tirta Hakim Pambudhi\Tirta Hakim P XI SIJA 2\NodeJs\Clean Code Projects\Projects\src\services\pages\seller.page.service.js:162
}
^

SyntaxError: Unexpected token '}'
    at internalCompileFunction (node:internal/vm:73:18)
    at wrapSafe (node:internal/modules/cjs/loader:1153:20)
    at Module._compile (node:internal/modules/cjs/loader:1205:27)
    at Module._extensions..js (node:internal/modules/cjs/loader:1295:10)
    at Module.load (node:internal/modules/cjs/loader:1091:32)
    at Module._load (node:internal/modules/cjs/loader:938:12)
    at Module.require (node:internal/modules/cjs/loader:1115:19)
    at require (node:internal/modules/helpers:130:18)
    at Object.<anonymous> (D:\Tirta Hakim Pambudhi\Tirta Hakim P XI SIJA 2\NodeJs\Clean Code Projects\Projects\src\controllers\pages\seller.pages.controller.js:6:29)
    at Module._compile (node:internal/modules/cjs/loader:1241:14)
[2023-10-02 01:47:21.363 PM] error: 	uncaughtException: Unexpected token '}'
D:\Tirta Hakim Pambudhi\Tirta Hakim P XI SIJA 2\NodeJs\Clean Code Projects\Projects\src\services\pages\seller.page.service.js:170
    } catch (error) {
    ^

SyntaxError: Unexpected token '}'
    at internalCompileFunction (node:internal/vm:73:18)
    at wrapSafe (node:internal/modules/cjs/loader:1153:20)
    at Module._compile (node:internal/modules/cjs/loader:1205:27)
    at Module._extensions..js (node:internal/modules/cjs/loader:1295:10)
    at Module.load (node:internal/modules/cjs/loader:1091:32)
    at Module._load (node:internal/modules/cjs/loader:938:12)
    at Module.require (node:internal/modules/cjs/loader:1115:19)
    at require (node:internal/modules/helpers:130:18)
    at Object.<anonymous> (D:\Tirta Hakim Pambudhi\Tirta Hakim P XI SIJA 2\NodeJs\Clean Code Projects\Projects\src\controllers\pages\seller.pages.controller.js:6:29)
    at Module._compile (node:internal/modules/cjs/loader:1241:14)
[2023-10-02 01:57:42.796 PM] error: 	uncaughtException: Unexpected token ','
D:\Tirta Hakim Pambudhi\Tirta Hakim P XI SIJA 2\NodeJs\Clean Code Projects\Projects\src\controllers\pages\seller.dashboard.pages.controller.js:52
            res.render("seller/dashboard/dashboard-data-cars.ejs", { layout: "seller/dashboard/Partials/main.ejs", result , , title: "Data Cars" })
                                                                                                                            ^

SyntaxError: Unexpected token ','
    at internalCompileFunction (node:internal/vm:73:18)
    at wrapSafe (node:internal/modules/cjs/loader:1153:20)
    at Module._compile (node:internal/modules/cjs/loader:1205:27)
    at Module._extensions..js (node:internal/modules/cjs/loader:1295:10)
    at Module.load (node:internal/modules/cjs/loader:1091:32)
    at Module._load (node:internal/modules/cjs/loader:938:12)
    at Module.require (node:internal/modules/cjs/loader:1115:19)
    at require (node:internal/modules/helpers:130:18)
    at Object.<anonymous> (D:\Tirta Hakim Pambudhi\Tirta Hakim P XI SIJA 2\NodeJs\Clean Code Projects\Projects\src\routes\seller.routes.js:9:19)
    at Module._compile (node:internal/modules/cjs/loader:1241:14)
[2023-10-02 01:57:46.988 PM] error: 	uncaughtException: Unexpected token ','
D:\Tirta Hakim Pambudhi\Tirta Hakim P XI SIJA 2\NodeJs\Clean Code Projects\Projects\src\controllers\pages\seller.dashboard.pages.controller.js:52
            res.render("seller/dashboard/dashboard-data-cars.ejs", { layout: "seller/dashboard/Partials/main.ejs", result ,  , title: "Data Cars" })
                                                                                                                             ^

SyntaxError: Unexpected token ','
    at internalCompileFunction (node:internal/vm:73:18)
    at wrapSafe (node:internal/modules/cjs/loader:1153:20)
    at Module._compile (node:internal/modules/cjs/loader:1205:27)
    at Module._extensions..js (node:internal/modules/cjs/loader:1295:10)
    at Module.load (node:internal/modules/cjs/loader:1091:32)
    at Module._load (node:internal/modules/cjs/loader:938:12)
    at Module.require (node:internal/modules/cjs/loader:1115:19)
    at require (node:internal/modules/helpers:130:18)
    at Object.<anonymous> (D:\Tirta Hakim Pambudhi\Tirta Hakim P XI SIJA 2\NodeJs\Clean Code Projects\Projects\src\routes\seller.routes.js:9:19)
    at Module._compile (node:internal/modules/cjs/loader:1241:14)
[2023-10-02 01:57:54.041 PM] error: 	uncaughtException: Unexpected token ','
D:\Tirta Hakim Pambudhi\Tirta Hakim P XI SIJA 2\NodeJs\Clean Code Projects\Projects\src\controllers\pages\seller.dashboard.pages.controller.js:52
            res.render("seller/dashboard/dashboard-data-cars.ejs", { layout: "seller/dashboard/Partials/main.ejs", result , , title: "Data Cars" })
                                                                                                                            ^

SyntaxError: Unexpected token ','
    at internalCompileFunction (node:internal/vm:73:18)
    at wrapSafe (node:internal/modules/cjs/loader:1153:20)
    at Module._compile (node:internal/modules/cjs/loader:1205:27)
    at Module._extensions..js (node:internal/modules/cjs/loader:1295:10)
    at Module.load (node:internal/modules/cjs/loader:1091:32)
    at Module._load (node:internal/modules/cjs/loader:938:12)
    at Module.require (node:internal/modules/cjs/loader:1115:19)
    at require (node:internal/modules/helpers:130:18)
    at Object.<anonymous> (D:\Tirta Hakim Pambudhi\Tirta Hakim P XI SIJA 2\NodeJs\Clean Code Projects\Projects\src\routes\seller.routes.js:9:19)
    at Module._compile (node:internal/modules/cjs/loader:1241:14)
[2023-10-02 02:07:15.816 PM] error: 	unhandledRejection: Cannot set headers after they are sent to the client
Error [ERR_HTTP_HEADERS_SENT]: Cannot set headers after they are sent to the client
    at new NodeError (node:internal/errors:406:5)
    at ServerResponse.setHeader (node:_http_outgoing:652:11)
    at ServerResponse.header (D:\Tirta Hakim Pambudhi\Tirta Hakim P XI SIJA 2\NodeJs\Clean Code Projects\Projects\node_modules\express\lib\response.js:794:10)
    at ServerResponse.json (D:\Tirta Hakim Pambudhi\Tirta Hakim P XI SIJA 2\NodeJs\Clean Code Projects\Projects\node_modules\express\lib\response.js:275:10)
    at error_middleware (D:\Tirta Hakim Pambudhi\Tirta Hakim P XI SIJA 2\NodeJs\Clean Code Projects\Projects\src\middlewares\error.middleware.js:38:21)
    at Layer.handle_error (D:\Tirta Hakim Pambudhi\Tirta Hakim P XI SIJA 2\NodeJs\Clean Code Projects\Projects\node_modules\express\lib\router\layer.js:71:5)
    at trim_prefix (D:\Tirta Hakim Pambudhi\Tirta Hakim P XI SIJA 2\NodeJs\Clean Code Projects\Projects\node_modules\express\lib\router\index.js:326:13)
    at D:\Tirta Hakim Pambudhi\Tirta Hakim P XI SIJA 2\NodeJs\Clean Code Projects\Projects\node_modules\express\lib\router\index.js:286:9
    at Function.process_params (D:\Tirta Hakim Pambudhi\Tirta Hakim P XI SIJA 2\NodeJs\Clean Code Projects\Projects\node_modules\express\lib\router\index.js:346:12)
    at next (D:\Tirta Hakim Pambudhi\Tirta Hakim P XI SIJA 2\NodeJs\Clean Code Projects\Projects\node_modules\express\lib\router\index.js:280:10)
[2023-10-02 02:13:47.034 PM] error: 	unhandledRejection: Cannot set headers after they are sent to the client
Error [ERR_HTTP_HEADERS_SENT]: Cannot set headers after they are sent to the client
    at new NodeError (node:internal/errors:406:5)
    at ServerResponse.setHeader (node:_http_outgoing:652:11)
    at ServerResponse.header (D:\Tirta Hakim Pambudhi\Tirta Hakim P XI SIJA 2\NodeJs\Clean Code Projects\Projects\node_modules\express\lib\response.js:794:10)
    at ServerResponse.send (D:\Tirta Hakim Pambudhi\Tirta Hakim P XI SIJA 2\NodeJs\Clean Code Projects\Projects\node_modules\express\lib\response.js:174:12)
    at ServerResponse.json (D:\Tirta Hakim Pambudhi\Tirta Hakim P XI SIJA 2\NodeJs\Clean Code Projects\Projects\node_modules\express\lib\response.js:278:15)
    at error_middleware (D:\Tirta Hakim Pambudhi\Tirta Hakim P XI SIJA 2\NodeJs\Clean Code Projects\Projects\src\middlewares\error.middleware.js:38:21)
    at Layer.handle_error (D:\Tirta Hakim Pambudhi\Tirta Hakim P XI SIJA 2\NodeJs\Clean Code Projects\Projects\node_modules\express\lib\router\layer.js:71:5)
    at trim_prefix (D:\Tirta Hakim Pambudhi\Tirta Hakim P XI SIJA 2\NodeJs\Clean Code Projects\Projects\node_modules\express\lib\router\index.js:326:13)
    at D:\Tirta Hakim Pambudhi\Tirta Hakim P XI SIJA 2\NodeJs\Clean Code Projects\Projects\node_modules\express\lib\router\index.js:286:9
    at Function.process_params (D:\Tirta Hakim Pambudhi\Tirta Hakim P XI SIJA 2\NodeJs\Clean Code Projects\Projects\node_modules\express\lib\router\index.js:346:12)
[2023-10-02 02:23:49.852 PM] error: 	uncaughtException: Route.get() requires a callback function but got a [object Undefined]
Error: Route.get() requires a callback function but got a [object Undefined]
    at Route.<computed> [as get] (D:\Tirta Hakim Pambudhi\Tirta Hakim P XI SIJA 2\NodeJs\Clean Code Projects\Projects\node_modules\express\lib\router\route.js:211:15)
    at proto.<computed> [as get] (D:\Tirta Hakim Pambudhi\Tirta Hakim P XI SIJA 2\NodeJs\Clean Code Projects\Projects\node_modules\express\lib\router\index.js:521:19)
    at Object.<anonymous> (D:\Tirta Hakim Pambudhi\Tirta Hakim P XI SIJA 2\NodeJs\Clean Code Projects\Projects\src\routes\seller.routes.js:46:7)
    at Module._compile (node:internal/modules/cjs/loader:1241:14)
    at Module._extensions..js (node:internal/modules/cjs/loader:1295:10)
    at Module.load (node:internal/modules/cjs/loader:1091:32)
    at Module._load (node:internal/modules/cjs/loader:938:12)
    at Module.require (node:internal/modules/cjs/loader:1115:19)
    at require (node:internal/modules/helpers:130:18)
    at Object.<anonymous> (D:\Tirta Hakim Pambudhi\Tirta Hakim P XI SIJA 2\NodeJs\Clean Code Projects\Projects\src\app.js:9:22)
[2023-10-02 02:23:54.713 PM] error: 	uncaughtException: Route.get() requires a callback function but got a [object Undefined]
Error: Route.get() requires a callback function but got a [object Undefined]
    at Route.<computed> [as get] (D:\Tirta Hakim Pambudhi\Tirta Hakim P XI SIJA 2\NodeJs\Clean Code Projects\Projects\node_modules\express\lib\router\route.js:211:15)
    at proto.<computed> [as get] (D:\Tirta Hakim Pambudhi\Tirta Hakim P XI SIJA 2\NodeJs\Clean Code Projects\Projects\node_modules\express\lib\router\index.js:521:19)
    at Object.<anonymous> (D:\Tirta Hakim Pambudhi\Tirta Hakim P XI SIJA 2\NodeJs\Clean Code Projects\Projects\src\routes\seller.routes.js:46:7)
    at Module._compile (node:internal/modules/cjs/loader:1241:14)
    at Module._extensions..js (node:internal/modules/cjs/loader:1295:10)
    at Module.load (node:internal/modules/cjs/loader:1091:32)
    at Module._load (node:internal/modules/cjs/loader:938:12)
    at Module.require (node:internal/modules/cjs/loader:1115:19)
    at require (node:internal/modules/helpers:130:18)
    at Object.<anonymous> (D:\Tirta Hakim Pambudhi\Tirta Hakim P XI SIJA 2\NodeJs\Clean Code Projects\Projects\src\app.js:9:22)
[2023-10-02 02:24:00.994 PM] error: 	uncaughtException: Unexpected token ')'
D:\Tirta Hakim Pambudhi\Tirta Hakim P XI SIJA 2\NodeJs\Clean Code Projects\Projects\src\routes\seller.routes.js:46
route.get("/seller/dashboard/data-cars/:id", Dashboard.)
                                                       ^

SyntaxError: Unexpected token ')'
    at internalCompileFunction (node:internal/vm:73:18)
    at wrapSafe (node:internal/modules/cjs/loader:1153:20)
    at Module._compile (node:internal/modules/cjs/loader:1205:27)
    at Module._extensions..js (node:internal/modules/cjs/loader:1295:10)
    at Module.load (node:internal/modules/cjs/loader:1091:32)
    at Module._load (node:internal/modules/cjs/loader:938:12)
    at Module.require (node:internal/modules/cjs/loader:1115:19)
    at require (node:internal/modules/helpers:130:18)
    at Object.<anonymous> (D:\Tirta Hakim Pambudhi\Tirta Hakim P XI SIJA 2\NodeJs\Clean Code Projects\Projects\src\app.js:9:22)
    at Module._compile (node:internal/modules/cjs/loader:1241:14)
[2023-10-02 02:24:03.033 PM] error: 	uncaughtException: Unexpected token ')'
D:\Tirta Hakim Pambudhi\Tirta Hakim P XI SIJA 2\NodeJs\Clean Code Projects\Projects\src\routes\seller.routes.js:46
route.get("/seller/dashboard/data-cars/:id", Dashboard.)
                                                       ^

SyntaxError: Unexpected token ')'
    at internalCompileFunction (node:internal/vm:73:18)
    at wrapSafe (node:internal/modules/cjs/loader:1153:20)
    at Module._compile (node:internal/modules/cjs/loader:1205:27)
    at Module._extensions..js (node:internal/modules/cjs/loader:1295:10)
    at Module.load (node:internal/modules/cjs/loader:1091:32)
    at Module._load (node:internal/modules/cjs/loader:938:12)
    at Module.require (node:internal/modules/cjs/loader:1115:19)
    at require (node:internal/modules/helpers:130:18)
    at Object.<anonymous> (D:\Tirta Hakim Pambudhi\Tirta Hakim P XI SIJA 2\NodeJs\Clean Code Projects\Projects\src\app.js:9:22)
    at Module._compile (node:internal/modules/cjs/loader:1241:14)
[2023-10-02 02:33:56.891 PM] error: 	uncaughtException: Unexpected token 'return'
D:\Tirta Hakim Pambudhi\Tirta Hakim P XI SIJA 2\NodeJs\Clean Code Projects\Projects\src\services\pages\seller.page.service.js:170
      return{result}
      ^^^^^^

SyntaxError: Unexpected token 'return'
    at internalCompileFunction (node:internal/vm:73:18)
    at wrapSafe (node:internal/modules/cjs/loader:1153:20)
    at Module._compile (node:internal/modules/cjs/loader:1205:27)
    at Module._extensions..js (node:internal/modules/cjs/loader:1295:10)
    at Module.load (node:internal/modules/cjs/loader:1091:32)
    at Module._load (node:internal/modules/cjs/loader:938:12)
    at Module.require (node:internal/modules/cjs/loader:1115:19)
    at require (node:internal/modules/helpers:130:18)
    at Object.<anonymous> (D:\Tirta Hakim Pambudhi\Tirta Hakim P XI SIJA 2\NodeJs\Clean Code Projects\Projects\src\controllers\pages\seller.pages.controller.js:6:29)
    at Module._compile (node:internal/modules/cjs/loader:1241:14)
[2023-10-02 02:34:16.872 PM] error: 	uncaughtException: Unexpected token '}'
D:\Tirta Hakim Pambudhi\Tirta Hakim P XI SIJA 2\NodeJs\Clean Code Projects\Projects\src\services\pages\seller.page.service.js:168
      const cars = await this.Cars.findAll({where : })
                                                    ^

SyntaxError: Unexpected token '}'
    at internalCompileFunction (node:internal/vm:73:18)
    at wrapSafe (node:internal/modules/cjs/loader:1153:20)
    at Module._compile (node:internal/modules/cjs/loader:1205:27)
    at Module._extensions..js (node:internal/modules/cjs/loader:1295:10)
    at Module.load (node:internal/modules/cjs/loader:1091:32)
    at Module._load (node:internal/modules/cjs/loader:938:12)
    at Module.require (node:internal/modules/cjs/loader:1115:19)
    at require (node:internal/modules/helpers:130:18)
    at Object.<anonymous> (D:\Tirta Hakim Pambudhi\Tirta Hakim P XI SIJA 2\NodeJs\Clean Code Projects\Projects\src\controllers\pages\seller.pages.controller.js:6:29)
    at Module._compile (node:internal/modules/cjs/loader:1241:14)
[2023-10-02 02:34:42.218 PM] error: 	uncaughtException: Unexpected token '}'
D:\Tirta Hakim Pambudhi\Tirta Hakim P XI SIJA 2\NodeJs\Clean Code Projects\Projects\src\services\pages\seller.page.service.js:168
      const cars = await this.Cars.findAll({where : {sellerId : }})
                                                                ^

SyntaxError: Unexpected token '}'
    at internalCompileFunction (node:internal/vm:73:18)
    at wrapSafe (node:internal/modules/cjs/loader:1153:20)
    at Module._compile (node:internal/modules/cjs/loader:1205:27)
    at Module._extensions..js (node:internal/modules/cjs/loader:1295:10)
    at Module.load (node:internal/modules/cjs/loader:1091:32)
    at Module._load (node:internal/modules/cjs/loader:938:12)
    at Module.require (node:internal/modules/cjs/loader:1115:19)
    at require (node:internal/modules/helpers:130:18)
    at Object.<anonymous> (D:\Tirta Hakim Pambudhi\Tirta Hakim P XI SIJA 2\NodeJs\Clean Code Projects\Projects\src\controllers\pages\seller.pages.controller.js:6:29)
    at Module._compile (node:internal/modules/cjs/loader:1241:14)
[2023-10-03 08:41:58.257 AM] error: 	unhandledRejection: Error: 	Error: SequelizeConnectionRefusedError
Error: Error: 	Error: SequelizeConnectionRefusedError
    at D:\Tirta Hakim Pambudhi\Tirta Hakim P XI SIJA 2\NodeJs\Clean Code Projects\Projects\src\models\models.js:33:11
    at process.processTicksAndRejections (node:internal/process/task_queues:95:5)
[2023-10-03 11:20:53.847 AM] error: 	uncaughtException: PORT is not defined
ReferenceError: PORT is not defined
    at Object.<anonymous> (D:\Tirta Hakim Pambudhi\Tirta Hakim P XI SIJA 2\NodeJs\Clean Code Projects\Projects\index.js:3:12)
    at Module._compile (node:internal/modules/cjs/loader:1241:14)
    at Module._extensions..js (node:internal/modules/cjs/loader:1295:10)
    at Module.load (node:internal/modules/cjs/loader:1091:32)
    at Module._load (node:internal/modules/cjs/loader:938:12)
    at Function.executeUserEntryPoint [as runMain] (node:internal/modules/run_main:83:12)
    at node:internal/main/run_main_module:23:47
[2023-10-03 11:21:27.473 AM] error: 	uncaughtException: PORT is not defined
ReferenceError: PORT is not defined
    at Object.<anonymous> (D:\Tirta Hakim Pambudhi\Tirta Hakim P XI SIJA 2\NodeJs\Clean Code Projects\Projects\index.js:4:12)
    at Module._compile (node:internal/modules/cjs/loader:1241:14)
    at Module._extensions..js (node:internal/modules/cjs/loader:1295:10)
    at Module.load (node:internal/modules/cjs/loader:1091:32)
    at Module._load (node:internal/modules/cjs/loader:938:12)
    at Function.executeUserEntryPoint [as runMain] (node:internal/modules/run_main:83:12)
    at node:internal/main/run_main_module:23:47
[2023-10-03 11:21:31.446 AM] error: 	uncaughtException: env is not defined
ReferenceError: env is not defined
    at Object.<anonymous> (D:\Tirta Hakim Pambudhi\Tirta Hakim P XI SIJA 2\NodeJs\Clean Code Projects\Projects\index.js:3:1)
    at Module._compile (node:internal/modules/cjs/loader:1241:14)
    at Module._extensions..js (node:internal/modules/cjs/loader:1295:10)
    at Module.load (node:internal/modules/cjs/loader:1091:32)
    at Module._load (node:internal/modules/cjs/loader:938:12)
    at Function.executeUserEntryPoint [as runMain] (node:internal/modules/run_main:83:12)
    at node:internal/main/run_main_module:23:47
[2023-10-03 11:21:38.353 AM] error: 	uncaughtException: Cannot access 'PORT' before initialization
ReferenceError: Cannot access 'PORT' before initialization
    at Object.<anonymous> (D:\Tirta Hakim Pambudhi\Tirta Hakim P XI SIJA 2\NodeJs\Clean Code Projects\Projects\index.js:5:12)
    at Module._compile (node:internal/modules/cjs/loader:1241:14)
    at Module._extensions..js (node:internal/modules/cjs/loader:1295:10)
    at Module.load (node:internal/modules/cjs/loader:1091:32)
    at Module._load (node:internal/modules/cjs/loader:938:12)
    at Function.executeUserEntryPoint [as runMain] (node:internal/modules/run_main:83:12)
    at node:internal/main/run_main_module:23:47
[2023-10-03 11:21:45.141 AM] error: 	uncaughtException: logger_console is not defined
ReferenceError: logger_console is not defined
    at Server.<anonymous> (D:\Tirta Hakim Pambudhi\Tirta Hakim P XI SIJA 2\NodeJs\Clean Code Projects\Projects\index.js:5:39)
    at Object.onceWrapper (node:events:628:28)
    at Server.emit (node:events:526:35)
    at emitListeningNT (node:net:1906:10)
    at process.processTicksAndRejections (node:internal/process/task_queues:81:21)
[2023-10-03 11:21:49.377 AM] error: 	uncaughtException: logger_console is not defined
ReferenceError: logger_console is not defined
    at Server.<anonymous> (D:\Tirta Hakim Pambudhi\Tirta Hakim P XI SIJA 2\NodeJs\Clean Code Projects\Projects\index.js:5:39)
    at Object.onceWrapper (node:events:628:28)
    at Server.emit (node:events:526:35)
    at emitListeningNT (node:net:1906:10)
    at process.processTicksAndRejections (node:internal/process/task_queues:81:21)
[2023-10-03 11:22:08.142 AM] error: 	uncaughtException: logger_console is not defined
ReferenceError: logger_console is not defined
    at Server.<anonymous> (D:\Tirta Hakim Pambudhi\Tirta Hakim P XI SIJA 2\NodeJs\Clean Code Projects\Projects\index.js:5:39)
    at Object.onceWrapper (node:events:628:28)
    at Server.emit (node:events:526:35)
    at emitListeningNT (node:net:1906:10)
    at process.processTicksAndRejections (node:internal/process/task_queues:81:21)
[2023-10-03 11:22:23.039 AM] error: 	uncaughtException: logger_console is not defined
ReferenceError: logger_console is not defined
    at Server.<anonymous> (D:\Tirta Hakim Pambudhi\Tirta Hakim P XI SIJA 2\NodeJs\Clean Code Projects\Projects\index.js:5:39)
    at Object.onceWrapper (node:events:628:28)
    at Server.emit (node:events:526:35)
    at emitListeningNT (node:net:1906:10)
    at process.processTicksAndRejections (node:internal/process/task_queues:81:21)
[2023-10-03 01:30:49.877 PM] error: 	uncaughtException: Invalid or unexpected token
D:\Tirta Hakim Pambudhi\Tirta Hakim P XI SIJA 2\NodeJs\Clean Code Projects\Projects\src\controllers\cars.controller.js:25
            res.redirect("/Kelompok-3/seller/add-cars/`)
                         ^^^^^^^^^^^^^^^^^^^^^^^^^^^^^^^

SyntaxError: Invalid or unexpected token
    at internalCompileFunction (node:internal/vm:73:18)
    at wrapSafe (node:internal/modules/cjs/loader:1153:20)
    at Module._compile (node:internal/modules/cjs/loader:1205:27)
    at Module._extensions..js (node:internal/modules/cjs/loader:1295:10)
    at Module.load (node:internal/modules/cjs/loader:1091:32)
    at Module._load (node:internal/modules/cjs/loader:938:12)
    at Module.require (node:internal/modules/cjs/loader:1115:19)
    at require (node:internal/modules/helpers:130:18)
    at Object.<anonymous> (D:\Tirta Hakim Pambudhi\Tirta Hakim P XI SIJA 2\NodeJs\Clean Code Projects\Projects\src\routes\seller.routes.js:8:25)
    at Module._compile (node:internal/modules/cjs/loader:1241:14)
[2023-10-03 01:31:03.750 PM] error: 	uncaughtException: Unexpected token '}'
D:\Tirta Hakim Pambudhi\Tirta Hakim P XI SIJA 2\NodeJs\Clean Code Projects\Projects\src\controllers\cars.controller.js:25
            res.redirect(`/Kelompok-3/seller/add-cars/${}`)
                                                        ^

SyntaxError: Unexpected token '}'
    at internalCompileFunction (node:internal/vm:73:18)
    at wrapSafe (node:internal/modules/cjs/loader:1153:20)
    at Module._compile (node:internal/modules/cjs/loader:1205:27)
    at Module._extensions..js (node:internal/modules/cjs/loader:1295:10)
    at Module.load (node:internal/modules/cjs/loader:1091:32)
    at Module._load (node:internal/modules/cjs/loader:938:12)
    at Module.require (node:internal/modules/cjs/loader:1115:19)
    at require (node:internal/modules/helpers:130:18)
    at Object.<anonymous> (D:\Tirta Hakim Pambudhi\Tirta Hakim P XI SIJA 2\NodeJs\Clean Code Projects\Projects\src\routes\seller.routes.js:8:25)
    at Module._compile (node:internal/modules/cjs/loader:1241:14)
[2023-10-03 01:52:54.155 PM] error: 	unhandledRejection: Cannot set headers after they are sent to the client
Error [ERR_HTTP_HEADERS_SENT]: Cannot set headers after they are sent to the client
    at new NodeError (node:internal/errors:406:5)
    at ServerResponse.setHeader (node:_http_outgoing:652:11)
    at ServerResponse.header (D:\Tirta Hakim Pambudhi\Tirta Hakim P XI SIJA 2\NodeJs\Clean Code Projects\Projects\node_modules\express\lib\response.js:794:10)
    at ServerResponse.location (D:\Tirta Hakim Pambudhi\Tirta Hakim P XI SIJA 2\NodeJs\Clean Code Projects\Projects\node_modules\express\lib\response.js:915:15)
    at ServerResponse.redirect (D:\Tirta Hakim Pambudhi\Tirta Hakim P XI SIJA 2\NodeJs\Clean Code Projects\Projects\node_modules\express\lib\response.js:953:18)
    at create_cars (D:\Tirta Hakim Pambudhi\Tirta Hakim P XI SIJA 2\NodeJs\Clean Code Projects\Projects\src\controllers\cars.controller.js:26:17)
    at process.processTicksAndRejections (node:internal/process/task_queues:95:5)
[2023-10-03 02:14:20.139 PM] error: 	unhandledRejection: Cannot set headers after they are sent to the client
Error [ERR_HTTP_HEADERS_SENT]: Cannot set headers after they are sent to the client
    at new NodeError (node:internal/errors:406:5)
    at ServerResponse.setHeader (node:_http_outgoing:652:11)
    at ServerResponse.header (D:\Tirta Hakim Pambudhi\Tirta Hakim P XI SIJA 2\NodeJs\Clean Code Projects\Projects\node_modules\express\lib\response.js:794:10)
    at ServerResponse.location (D:\Tirta Hakim Pambudhi\Tirta Hakim P XI SIJA 2\NodeJs\Clean Code Projects\Projects\node_modules\express\lib\response.js:915:15)
    at ServerResponse.redirect (D:\Tirta Hakim Pambudhi\Tirta Hakim P XI SIJA 2\NodeJs\Clean Code Projects\Projects\node_modules\express\lib\response.js:953:18)
    at create_cars (D:\Tirta Hakim Pambudhi\Tirta Hakim P XI SIJA 2\NodeJs\Clean Code Projects\Projects\src\controllers\cars.controller.js:26:17)
    at process.processTicksAndRejections (node:internal/process/task_queues:95:5)
[2023-10-03 05:11:48.849 PM] error: 	unhandledRejection: Cannot set headers after they are sent to the client
Error [ERR_HTTP_HEADERS_SENT]: Cannot set headers after they are sent to the client
    at new NodeError (node:internal/errors:393:5)
    at ServerResponse.setHeader (node:_http_outgoing:644:11)
    at ServerResponse.header (D:\Tirta Hakim Pambudhi\Tirta Hakim P XI SIJA 2\NodeJs\Clean Code Projects\Projects\node_modules\express\lib\response.js:794:10)
    at ServerResponse.location (D:\Tirta Hakim Pambudhi\Tirta Hakim P XI SIJA 2\NodeJs\Clean Code Projects\Projects\node_modules\express\lib\response.js:915:15)
    at ServerResponse.redirect (D:\Tirta Hakim Pambudhi\Tirta Hakim P XI SIJA 2\NodeJs\Clean Code Projects\Projects\node_modules\express\lib\response.js:953:18)
    at create_cars (D:\Tirta Hakim Pambudhi\Tirta Hakim P XI SIJA 2\NodeJs\Clean Code Projects\Projects\src\controllers\cars.controller.js:26:17)
    at process.processTicksAndRejections (node:internal/process/task_queues:95:5)
[2023-10-03 05:14:34.748 PM] error: 	uncaughtException: Unexpected token '}'
D:\Tirta Hakim Pambudhi\Tirta Hakim P XI SIJA 2\NodeJs\Clean Code Projects\Projects\src\controllers\cars.controller.js:30
            }})
            ^

SyntaxError: Unexpected token '}'
    at Object.compileFunction (node:vm:360:18)
    at wrapSafe (node:internal/modules/cjs/loader:1088:15)
    at Module._compile (node:internal/modules/cjs/loader:1123:27)
    at Module._extensions..js (node:internal/modules/cjs/loader:1213:10)
    at Module.load (node:internal/modules/cjs/loader:1037:32)
    at Module._load (node:internal/modules/cjs/loader:878:12)
    at Module.require (node:internal/modules/cjs/loader:1061:19)
    at require (node:internal/modules/cjs/helpers:103:18)
    at Object.<anonymous> (D:\Tirta Hakim Pambudhi\Tirta Hakim P XI SIJA 2\NodeJs\Clean Code Projects\Projects\src\routes\seller.routes.js:8:25)
    at Module._compile (node:internal/modules/cjs/loader:1159:14)
[2023-10-03 05:15:36.437 PM] error: 	uncaughtException: Unexpected token '}'
D:\Tirta Hakim Pambudhi\Tirta Hakim P XI SIJA 2\NodeJs\Clean Code Projects\Projects\src\controllers\cars.controller.js:31
            }})
            ^

SyntaxError: Unexpected token '}'
    at Object.compileFunction (node:vm:360:18)
    at wrapSafe (node:internal/modules/cjs/loader:1088:15)
    at Module._compile (node:internal/modules/cjs/loader:1123:27)
    at Module._extensions..js (node:internal/modules/cjs/loader:1213:10)
    at Module.load (node:internal/modules/cjs/loader:1037:32)
    at Module._load (node:internal/modules/cjs/loader:878:12)
    at Module.require (node:internal/modules/cjs/loader:1061:19)
    at require (node:internal/modules/cjs/helpers:103:18)
    at Object.<anonymous> (D:\Tirta Hakim Pambudhi\Tirta Hakim P XI SIJA 2\NodeJs\Clean Code Projects\Projects\src\routes\seller.routes.js:8:25)
    at Module._compile (node:internal/modules/cjs/loader:1159:14)
[2023-10-03 05:15:39.586 PM] error: 	uncaughtException: Unexpected token '}'
D:\Tirta Hakim Pambudhi\Tirta Hakim P XI SIJA 2\NodeJs\Clean Code Projects\Projects\src\controllers\cars.controller.js:31
            }})
            ^

SyntaxError: Unexpected token '}'
    at Object.compileFunction (node:vm:360:18)
    at wrapSafe (node:internal/modules/cjs/loader:1088:15)
    at Module._compile (node:internal/modules/cjs/loader:1123:27)
    at Module._extensions..js (node:internal/modules/cjs/loader:1213:10)
    at Module.load (node:internal/modules/cjs/loader:1037:32)
    at Module._load (node:internal/modules/cjs/loader:878:12)
    at Module.require (node:internal/modules/cjs/loader:1061:19)
    at require (node:internal/modules/cjs/helpers:103:18)
    at Object.<anonymous> (D:\Tirta Hakim Pambudhi\Tirta Hakim P XI SIJA 2\NodeJs\Clean Code Projects\Projects\src\routes\seller.routes.js:8:25)
    at Module._compile (node:internal/modules/cjs/loader:1159:14)
[2023-10-03 05:28:22.439 PM] error: 	uncaughtException: Unexpected token ')'
D:\Tirta Hakim Pambudhi\Tirta Hakim P XI SIJA 2\NodeJs\Clean Code Projects\Projects\src\controllers\cars.controller.js:21
            if()
               ^

SyntaxError: Unexpected token ')'
    at Object.compileFunction (node:vm:360:18)
    at wrapSafe (node:internal/modules/cjs/loader:1088:15)
    at Module._compile (node:internal/modules/cjs/loader:1123:27)
    at Module._extensions..js (node:internal/modules/cjs/loader:1213:10)
    at Module.load (node:internal/modules/cjs/loader:1037:32)
    at Module._load (node:internal/modules/cjs/loader:878:12)
    at Module.require (node:internal/modules/cjs/loader:1061:19)
    at require (node:internal/modules/cjs/helpers:103:18)
    at Object.<anonymous> (D:\Tirta Hakim Pambudhi\Tirta Hakim P XI SIJA 2\NodeJs\Clean Code Projects\Projects\src\routes\seller.routes.js:8:25)
    at Module._compile (node:internal/modules/cjs/loader:1159:14)
[2023-10-03 05:39:35.050 PM] error: 	unhandledRejection: err is not defined
ReferenceError: err is not defined
    at create_cars (D:\Tirta Hakim Pambudhi\Tirta Hakim P XI SIJA 2\NodeJs\Clean Code Projects\Projects\src\controllers\cars.controller.js:25:13)
    at Layer.handle [as handle_request] (D:\Tirta Hakim Pambudhi\Tirta Hakim P XI SIJA 2\NodeJs\Clean Code Projects\Projects\node_modules\express\lib\router\layer.js:95:5)
    at next (D:\Tirta Hakim Pambudhi\Tirta Hakim P XI SIJA 2\NodeJs\Clean Code Projects\Projects\node_modules\express\lib\router\route.js:144:13)
    at done (D:\Tirta Hakim Pambudhi\Tirta Hakim P XI SIJA 2\NodeJs\Clean Code Projects\Projects\node_modules\multer\lib\make-middleware.js:45:7)
    at indicateDone (D:\Tirta Hakim Pambudhi\Tirta Hakim P XI SIJA 2\NodeJs\Clean Code Projects\Projects\node_modules\multer\lib\make-middleware.js:49:68)
    at Multipart.<anonymous> (D:\Tirta Hakim Pambudhi\Tirta Hakim P XI SIJA 2\NodeJs\Clean Code Projects\Projects\node_modules\multer\lib\make-middleware.js:166:7)
    at Multipart.emit (node:events:513:28)
    at emitCloseNT (node:internal/streams/destroy:132:10)
    at process.processTicksAndRejections (node:internal/process/task_queues:81:21)
[2023-10-03 05:40:03.240 PM] error: 	unhandledRejection: err is not defined
ReferenceError: err is not defined
    at create_cars (D:\Tirta Hakim Pambudhi\Tirta Hakim P XI SIJA 2\NodeJs\Clean Code Projects\Projects\src\controllers\cars.controller.js:25:13)
    at Layer.handle [as handle_request] (D:\Tirta Hakim Pambudhi\Tirta Hakim P XI SIJA 2\NodeJs\Clean Code Projects\Projects\node_modules\express\lib\router\layer.js:95:5)
    at next (D:\Tirta Hakim Pambudhi\Tirta Hakim P XI SIJA 2\NodeJs\Clean Code Projects\Projects\node_modules\express\lib\router\route.js:144:13)
    at done (D:\Tirta Hakim Pambudhi\Tirta Hakim P XI SIJA 2\NodeJs\Clean Code Projects\Projects\node_modules\multer\lib\make-middleware.js:45:7)
    at indicateDone (D:\Tirta Hakim Pambudhi\Tirta Hakim P XI SIJA 2\NodeJs\Clean Code Projects\Projects\node_modules\multer\lib\make-middleware.js:49:68)
    at Multipart.<anonymous> (D:\Tirta Hakim Pambudhi\Tirta Hakim P XI SIJA 2\NodeJs\Clean Code Projects\Projects\node_modules\multer\lib\make-middleware.js:166:7)
    at Multipart.emit (node:events:513:28)
    at emitCloseNT (node:internal/streams/destroy:132:10)
    at process.processTicksAndRejections (node:internal/process/task_queues:81:21)
[2023-10-03 05:40:42.269 PM] error: 	unhandledRejection: messages is not defined
ReferenceError: messages is not defined
    at create_cars (D:\Tirta Hakim Pambudhi\Tirta Hakim P XI SIJA 2\NodeJs\Clean Code Projects\Projects\src\controllers\cars.controller.js:27:17)
    at Layer.handle [as handle_request] (D:\Tirta Hakim Pambudhi\Tirta Hakim P XI SIJA 2\NodeJs\Clean Code Projects\Projects\node_modules\express\lib\router\layer.js:95:5)
    at next (D:\Tirta Hakim Pambudhi\Tirta Hakim P XI SIJA 2\NodeJs\Clean Code Projects\Projects\node_modules\express\lib\router\route.js:144:13)
    at done (D:\Tirta Hakim Pambudhi\Tirta Hakim P XI SIJA 2\NodeJs\Clean Code Projects\Projects\node_modules\multer\lib\make-middleware.js:45:7)
    at indicateDone (D:\Tirta Hakim Pambudhi\Tirta Hakim P XI SIJA 2\NodeJs\Clean Code Projects\Projects\node_modules\multer\lib\make-middleware.js:49:68)
    at Multipart.<anonymous> (D:\Tirta Hakim Pambudhi\Tirta Hakim P XI SIJA 2\NodeJs\Clean Code Projects\Projects\node_modules\multer\lib\make-middleware.js:166:7)
    at Multipart.emit (node:events:513:28)
    at emitCloseNT (node:internal/streams/destroy:132:10)
    at process.processTicksAndRejections (node:internal/process/task_queues:81:21)
[2023-10-03 05:41:25.810 PM] error: 	unhandledRejection: messages is not defined
ReferenceError: messages is not defined
    at create_cars (D:\Tirta Hakim Pambudhi\Tirta Hakim P XI SIJA 2\NodeJs\Clean Code Projects\Projects\src\controllers\cars.controller.js:28:17)
    at Layer.handle [as handle_request] (D:\Tirta Hakim Pambudhi\Tirta Hakim P XI SIJA 2\NodeJs\Clean Code Projects\Projects\node_modules\express\lib\router\layer.js:95:5)
    at next (D:\Tirta Hakim Pambudhi\Tirta Hakim P XI SIJA 2\NodeJs\Clean Code Projects\Projects\node_modules\express\lib\router\route.js:144:13)
    at done (D:\Tirta Hakim Pambudhi\Tirta Hakim P XI SIJA 2\NodeJs\Clean Code Projects\Projects\node_modules\multer\lib\make-middleware.js:45:7)
    at indicateDone (D:\Tirta Hakim Pambudhi\Tirta Hakim P XI SIJA 2\NodeJs\Clean Code Projects\Projects\node_modules\multer\lib\make-middleware.js:49:68)
    at Multipart.<anonymous> (D:\Tirta Hakim Pambudhi\Tirta Hakim P XI SIJA 2\NodeJs\Clean Code Projects\Projects\node_modules\multer\lib\make-middleware.js:166:7)
    at Multipart.emit (node:events:513:28)
    at emitCloseNT (node:internal/streams/destroy:132:10)
    at process.processTicksAndRejections (node:internal/process/task_queues:81:21)
[2023-10-03 05:42:47.774 PM] error: 	unhandledRejection: messages is not defined
ReferenceError: messages is not defined
    at create_cars (D:\Tirta Hakim Pambudhi\Tirta Hakim P XI SIJA 2\NodeJs\Clean Code Projects\Projects\src\controllers\cars.controller.js:29:17)
    at Layer.handle [as handle_request] (D:\Tirta Hakim Pambudhi\Tirta Hakim P XI SIJA 2\NodeJs\Clean Code Projects\Projects\node_modules\express\lib\router\layer.js:95:5)
    at next (D:\Tirta Hakim Pambudhi\Tirta Hakim P XI SIJA 2\NodeJs\Clean Code Projects\Projects\node_modules\express\lib\router\route.js:144:13)
    at done (D:\Tirta Hakim Pambudhi\Tirta Hakim P XI SIJA 2\NodeJs\Clean Code Projects\Projects\node_modules\multer\lib\make-middleware.js:45:7)
    at indicateDone (D:\Tirta Hakim Pambudhi\Tirta Hakim P XI SIJA 2\NodeJs\Clean Code Projects\Projects\node_modules\multer\lib\make-middleware.js:49:68)
    at Multipart.<anonymous> (D:\Tirta Hakim Pambudhi\Tirta Hakim P XI SIJA 2\NodeJs\Clean Code Projects\Projects\node_modules\multer\lib\make-middleware.js:166:7)
    at Multipart.emit (node:events:513:28)
    at emitCloseNT (node:internal/streams/destroy:132:10)
    at process.processTicksAndRejections (node:internal/process/task_queues:81:21)
[2023-10-03 05:43:25.751 PM] error: 	unhandledRejection: err is not defined
ReferenceError: err is not defined
    at create_cars (D:\Tirta Hakim Pambudhi\Tirta Hakim P XI SIJA 2\NodeJs\Clean Code Projects\Projects\src\controllers\cars.controller.js:29:33)
    at Layer.handle [as handle_request] (D:\Tirta Hakim Pambudhi\Tirta Hakim P XI SIJA 2\NodeJs\Clean Code Projects\Projects\node_modules\express\lib\router\layer.js:95:5)
    at next (D:\Tirta Hakim Pambudhi\Tirta Hakim P XI SIJA 2\NodeJs\Clean Code Projects\Projects\node_modules\express\lib\router\route.js:144:13)
    at done (D:\Tirta Hakim Pambudhi\Tirta Hakim P XI SIJA 2\NodeJs\Clean Code Projects\Projects\node_modules\multer\lib\make-middleware.js:45:7)
    at indicateDone (D:\Tirta Hakim Pambudhi\Tirta Hakim P XI SIJA 2\NodeJs\Clean Code Projects\Projects\node_modules\multer\lib\make-middleware.js:49:68)
    at Multipart.<anonymous> (D:\Tirta Hakim Pambudhi\Tirta Hakim P XI SIJA 2\NodeJs\Clean Code Projects\Projects\node_modules\multer\lib\make-middleware.js:166:7)
    at Multipart.emit (node:events:513:28)
    at emitCloseNT (node:internal/streams/destroy:132:10)
    at process.processTicksAndRejections (node:internal/process/task_queues:81:21)
[2023-10-03 06:01:14.854 PM] error: 	unhandledRejection: Cannot set headers after they are sent to the client
Error [ERR_HTTP_HEADERS_SENT]: Cannot set headers after they are sent to the client
    at new NodeError (node:internal/errors:393:5)
    at ServerResponse.setHeader (node:_http_outgoing:644:11)
    at ServerResponse.header (D:\Tirta Hakim Pambudhi\Tirta Hakim P XI SIJA 2\NodeJs\Clean Code Projects\Projects\node_modules\express\lib\response.js:794:10)
    at ServerResponse.location (D:\Tirta Hakim Pambudhi\Tirta Hakim P XI SIJA 2\NodeJs\Clean Code Projects\Projects\node_modules\express\lib\response.js:915:15)
    at ServerResponse.redirect (D:\Tirta Hakim Pambudhi\Tirta Hakim P XI SIJA 2\NodeJs\Clean Code Projects\Projects\node_modules\express\lib\response.js:953:18)
    at register (D:\Tirta Hakim Pambudhi\Tirta Hakim P XI SIJA 2\NodeJs\Clean Code Projects\Projects\src\controllers\seller.controller.js:25:17)
    at process.processTicksAndRejections (node:internal/process/task_queues:95:5)
[2023-10-03 06:15:57.912 PM] error: 	unhandledRejection: Cannot set headers after they are sent to the client
Error [ERR_HTTP_HEADERS_SENT]: Cannot set headers after they are sent to the client
    at new NodeError (node:internal/errors:393:5)
    at ServerResponse.setHeader (node:_http_outgoing:644:11)
    at ServerResponse.header (D:\Tirta Hakim Pambudhi\Tirta Hakim P XI SIJA 2\NodeJs\Clean Code Projects\Projects\node_modules\express\lib\response.js:794:10)
    at ServerResponse.location (D:\Tirta Hakim Pambudhi\Tirta Hakim P XI SIJA 2\NodeJs\Clean Code Projects\Projects\node_modules\express\lib\response.js:915:15)
    at ServerResponse.redirect (D:\Tirta Hakim Pambudhi\Tirta Hakim P XI SIJA 2\NodeJs\Clean Code Projects\Projects\node_modules\express\lib\response.js:953:18)
    at register (D:\Tirta Hakim Pambudhi\Tirta Hakim P XI SIJA 2\NodeJs\Clean Code Projects\Projects\src\controllers\seller.controller.js:25:17)
    at process.processTicksAndRejections (node:internal/process/task_queues:95:5)
[2023-10-03 06:24:30.406 PM] error: 	uncaughtException: Unexpected token 'throw'
D:\Tirta Hakim Pambudhi\Tirta Hakim P XI SIJA 2\NodeJs\Clean Code Projects\Projects\src\validations\validations.js:9
       const error = throw new Response_Error(400,result.error.message)
                     ^^^^^

SyntaxError: Unexpected token 'throw'
    at Object.compileFunction (node:vm:360:18)
    at wrapSafe (node:internal/modules/cjs/loader:1088:15)
    at Module._compile (node:internal/modules/cjs/loader:1123:27)
    at Module._extensions..js (node:internal/modules/cjs/loader:1213:10)
    at Module.load (node:internal/modules/cjs/loader:1037:32)
    at Module._load (node:internal/modules/cjs/loader:878:12)
    at Module.require (node:internal/modules/cjs/loader:1061:19)
    at require (node:internal/modules/cjs/helpers:103:18)
    at Object.<anonymous> (D:\Tirta Hakim Pambudhi\Tirta Hakim P XI SIJA 2\NodeJs\Clean Code Projects\Projects\src\services\seller.services.js:3:21)
    at Module._compile (node:internal/modules/cjs/loader:1159:14)
[2023-10-03 07:25:36.873 PM] error: 	uncaughtException: listen EADDRINUSE: address already in use :::3000
Error: listen EADDRINUSE: address already in use :::3000
    at Server.setupListenHandle [as _listen2] (node:net:1469:16)
    at listenInCluster (node:net:1517:12)
    at Server.listen (node:net:1605:7)
    at Function.listen (D:\Tirta Hakim Pambudhi\Tirta Hakim P XI SIJA 2\NodeJs\Clean Code Projects\Projects\node_modules\express\lib\application.js:635:24)
    at Object.<anonymous> (D:\Tirta Hakim Pambudhi\Tirta Hakim P XI SIJA 2\NodeJs\Clean Code Projects\Projects\index.js:6:5)
    at Module._compile (node:internal/modules/cjs/loader:1159:14)
    at Module._extensions..js (node:internal/modules/cjs/loader:1213:10)
    at Module.load (node:internal/modules/cjs/loader:1037:32)
    at Module._load (node:internal/modules/cjs/loader:878:12)
    at Object.<anonymous> (D:\Tirta Hakim Pambudhi\Tirta Hakim P XI SIJA 2\NodeJs\Clean Code Projects\Projects\node_modules\pm2\lib\ProcessContainerFork.js:33:23)
[2023-10-03 07:25:39.850 PM] error: 	uncaughtException: listen EADDRINUSE: address already in use :::3000
Error: listen EADDRINUSE: address already in use :::3000
    at Server.setupListenHandle [as _listen2] (node:net:1469:16)
    at listenInCluster (node:net:1517:12)
    at Server.listen (node:net:1605:7)
    at Function.listen (D:\Tirta Hakim Pambudhi\Tirta Hakim P XI SIJA 2\NodeJs\Clean Code Projects\Projects\node_modules\express\lib\application.js:635:24)
    at Object.<anonymous> (D:\Tirta Hakim Pambudhi\Tirta Hakim P XI SIJA 2\NodeJs\Clean Code Projects\Projects\index.js:6:5)
    at Module._compile (node:internal/modules/cjs/loader:1159:14)
    at Module._extensions..js (node:internal/modules/cjs/loader:1213:10)
    at Module.load (node:internal/modules/cjs/loader:1037:32)
    at Module._load (node:internal/modules/cjs/loader:878:12)
    at Object.<anonymous> (D:\Tirta Hakim Pambudhi\Tirta Hakim P XI SIJA 2\NodeJs\Clean Code Projects\Projects\node_modules\pm2\lib\ProcessContainerFork.js:33:23)
[2023-10-03 07:25:43.171 PM] error: 	uncaughtException: listen EADDRINUSE: address already in use :::3000
Error: listen EADDRINUSE: address already in use :::3000
    at Server.setupListenHandle [as _listen2] (node:net:1469:16)
    at listenInCluster (node:net:1517:12)
    at Server.listen (node:net:1605:7)
    at Function.listen (D:\Tirta Hakim Pambudhi\Tirta Hakim P XI SIJA 2\NodeJs\Clean Code Projects\Projects\node_modules\express\lib\application.js:635:24)
    at Object.<anonymous> (D:\Tirta Hakim Pambudhi\Tirta Hakim P XI SIJA 2\NodeJs\Clean Code Projects\Projects\index.js:6:5)
    at Module._compile (node:internal/modules/cjs/loader:1159:14)
    at Module._extensions..js (node:internal/modules/cjs/loader:1213:10)
    at Module.load (node:internal/modules/cjs/loader:1037:32)
    at Module._load (node:internal/modules/cjs/loader:878:12)
    at Object.<anonymous> (D:\Tirta Hakim Pambudhi\Tirta Hakim P XI SIJA 2\NodeJs\Clean Code Projects\Projects\node_modules\pm2\lib\ProcessContainerFork.js:33:23)
[2023-10-03 07:25:46.245 PM] error: 	uncaughtException: listen EADDRINUSE: address already in use :::3000
Error: listen EADDRINUSE: address already in use :::3000
    at Server.setupListenHandle [as _listen2] (node:net:1469:16)
    at listenInCluster (node:net:1517:12)
    at Server.listen (node:net:1605:7)
    at Function.listen (D:\Tirta Hakim Pambudhi\Tirta Hakim P XI SIJA 2\NodeJs\Clean Code Projects\Projects\node_modules\express\lib\application.js:635:24)
    at Object.<anonymous> (D:\Tirta Hakim Pambudhi\Tirta Hakim P XI SIJA 2\NodeJs\Clean Code Projects\Projects\index.js:6:5)
    at Module._compile (node:internal/modules/cjs/loader:1159:14)
    at Module._extensions..js (node:internal/modules/cjs/loader:1213:10)
    at Module.load (node:internal/modules/cjs/loader:1037:32)
    at Module._load (node:internal/modules/cjs/loader:878:12)
    at Object.<anonymous> (D:\Tirta Hakim Pambudhi\Tirta Hakim P XI SIJA 2\NodeJs\Clean Code Projects\Projects\node_modules\pm2\lib\ProcessContainerFork.js:33:23)
[2023-10-03 07:25:49.404 PM] error: 	uncaughtException: listen EADDRINUSE: address already in use :::3000
Error: listen EADDRINUSE: address already in use :::3000
    at Server.setupListenHandle [as _listen2] (node:net:1469:16)
    at listenInCluster (node:net:1517:12)
    at Server.listen (node:net:1605:7)
    at Function.listen (D:\Tirta Hakim Pambudhi\Tirta Hakim P XI SIJA 2\NodeJs\Clean Code Projects\Projects\node_modules\express\lib\application.js:635:24)
    at Object.<anonymous> (D:\Tirta Hakim Pambudhi\Tirta Hakim P XI SIJA 2\NodeJs\Clean Code Projects\Projects\index.js:6:5)
    at Module._compile (node:internal/modules/cjs/loader:1159:14)
    at Module._extensions..js (node:internal/modules/cjs/loader:1213:10)
    at Module.load (node:internal/modules/cjs/loader:1037:32)
    at Module._load (node:internal/modules/cjs/loader:878:12)
    at Object.<anonymous> (D:\Tirta Hakim Pambudhi\Tirta Hakim P XI SIJA 2\NodeJs\Clean Code Projects\Projects\node_modules\pm2\lib\ProcessContainerFork.js:33:23)
[2023-10-03 07:25:52.912 PM] error: 	uncaughtException: listen EADDRINUSE: address already in use :::3000
Error: listen EADDRINUSE: address already in use :::3000
    at Server.setupListenHandle [as _listen2] (node:net:1469:16)
    at listenInCluster (node:net:1517:12)
    at Server.listen (node:net:1605:7)
    at Function.listen (D:\Tirta Hakim Pambudhi\Tirta Hakim P XI SIJA 2\NodeJs\Clean Code Projects\Projects\node_modules\express\lib\application.js:635:24)
    at Object.<anonymous> (D:\Tirta Hakim Pambudhi\Tirta Hakim P XI SIJA 2\NodeJs\Clean Code Projects\Projects\index.js:6:5)
    at Module._compile (node:internal/modules/cjs/loader:1159:14)
    at Module._extensions..js (node:internal/modules/cjs/loader:1213:10)
    at Module.load (node:internal/modules/cjs/loader:1037:32)
    at Module._load (node:internal/modules/cjs/loader:878:12)
    at Object.<anonymous> (D:\Tirta Hakim Pambudhi\Tirta Hakim P XI SIJA 2\NodeJs\Clean Code Projects\Projects\node_modules\pm2\lib\ProcessContainerFork.js:33:23)
[2023-10-03 07:25:56.297 PM] error: 	uncaughtException: listen EADDRINUSE: address already in use :::3000
Error: listen EADDRINUSE: address already in use :::3000
    at Server.setupListenHandle [as _listen2] (node:net:1469:16)
    at listenInCluster (node:net:1517:12)
    at Server.listen (node:net:1605:7)
    at Function.listen (D:\Tirta Hakim Pambudhi\Tirta Hakim P XI SIJA 2\NodeJs\Clean Code Projects\Projects\node_modules\express\lib\application.js:635:24)
    at Object.<anonymous> (D:\Tirta Hakim Pambudhi\Tirta Hakim P XI SIJA 2\NodeJs\Clean Code Projects\Projects\index.js:6:5)
    at Module._compile (node:internal/modules/cjs/loader:1159:14)
    at Module._extensions..js (node:internal/modules/cjs/loader:1213:10)
    at Module.load (node:internal/modules/cjs/loader:1037:32)
    at Module._load (node:internal/modules/cjs/loader:878:12)
    at Object.<anonymous> (D:\Tirta Hakim Pambudhi\Tirta Hakim P XI SIJA 2\NodeJs\Clean Code Projects\Projects\node_modules\pm2\lib\ProcessContainerFork.js:33:23)
[2023-10-03 07:25:59.390 PM] error: 	uncaughtException: listen EADDRINUSE: address already in use :::3000
Error: listen EADDRINUSE: address already in use :::3000
    at Server.setupListenHandle [as _listen2] (node:net:1469:16)
    at listenInCluster (node:net:1517:12)
    at Server.listen (node:net:1605:7)
    at Function.listen (D:\Tirta Hakim Pambudhi\Tirta Hakim P XI SIJA 2\NodeJs\Clean Code Projects\Projects\node_modules\express\lib\application.js:635:24)
    at Object.<anonymous> (D:\Tirta Hakim Pambudhi\Tirta Hakim P XI SIJA 2\NodeJs\Clean Code Projects\Projects\index.js:6:5)
    at Module._compile (node:internal/modules/cjs/loader:1159:14)
    at Module._extensions..js (node:internal/modules/cjs/loader:1213:10)
    at Module.load (node:internal/modules/cjs/loader:1037:32)
    at Module._load (node:internal/modules/cjs/loader:878:12)
    at Object.<anonymous> (D:\Tirta Hakim Pambudhi\Tirta Hakim P XI SIJA 2\NodeJs\Clean Code Projects\Projects\node_modules\pm2\lib\ProcessContainerFork.js:33:23)
[2023-10-03 07:26:02.919 PM] error: 	uncaughtException: listen EADDRINUSE: address already in use :::3000
Error: listen EADDRINUSE: address already in use :::3000
    at Server.setupListenHandle [as _listen2] (node:net:1469:16)
    at listenInCluster (node:net:1517:12)
    at Server.listen (node:net:1605:7)
    at Function.listen (D:\Tirta Hakim Pambudhi\Tirta Hakim P XI SIJA 2\NodeJs\Clean Code Projects\Projects\node_modules\express\lib\application.js:635:24)
    at Object.<anonymous> (D:\Tirta Hakim Pambudhi\Tirta Hakim P XI SIJA 2\NodeJs\Clean Code Projects\Projects\index.js:6:5)
    at Module._compile (node:internal/modules/cjs/loader:1159:14)
    at Module._extensions..js (node:internal/modules/cjs/loader:1213:10)
    at Module.load (node:internal/modules/cjs/loader:1037:32)
    at Module._load (node:internal/modules/cjs/loader:878:12)
    at Object.<anonymous> (D:\Tirta Hakim Pambudhi\Tirta Hakim P XI SIJA 2\NodeJs\Clean Code Projects\Projects\node_modules\pm2\lib\ProcessContainerFork.js:33:23)
[2023-10-03 07:26:06.104 PM] error: 	uncaughtException: listen EADDRINUSE: address already in use :::3000
Error: listen EADDRINUSE: address already in use :::3000
    at Server.setupListenHandle [as _listen2] (node:net:1469:16)
    at listenInCluster (node:net:1517:12)
    at Server.listen (node:net:1605:7)
    at Function.listen (D:\Tirta Hakim Pambudhi\Tirta Hakim P XI SIJA 2\NodeJs\Clean Code Projects\Projects\node_modules\express\lib\application.js:635:24)
    at Object.<anonymous> (D:\Tirta Hakim Pambudhi\Tirta Hakim P XI SIJA 2\NodeJs\Clean Code Projects\Projects\index.js:6:5)
    at Module._compile (node:internal/modules/cjs/loader:1159:14)
    at Module._extensions..js (node:internal/modules/cjs/loader:1213:10)
    at Module.load (node:internal/modules/cjs/loader:1037:32)
    at Module._load (node:internal/modules/cjs/loader:878:12)
    at Object.<anonymous> (D:\Tirta Hakim Pambudhi\Tirta Hakim P XI SIJA 2\NodeJs\Clean Code Projects\Projects\node_modules\pm2\lib\ProcessContainerFork.js:33:23)
[2023-10-03 07:26:09.211 PM] error: 	uncaughtException: listen EADDRINUSE: address already in use :::3000
Error: listen EADDRINUSE: address already in use :::3000
    at Server.setupListenHandle [as _listen2] (node:net:1469:16)
    at listenInCluster (node:net:1517:12)
    at Server.listen (node:net:1605:7)
    at Function.listen (D:\Tirta Hakim Pambudhi\Tirta Hakim P XI SIJA 2\NodeJs\Clean Code Projects\Projects\node_modules\express\lib\application.js:635:24)
    at Object.<anonymous> (D:\Tirta Hakim Pambudhi\Tirta Hakim P XI SIJA 2\NodeJs\Clean Code Projects\Projects\index.js:6:5)
    at Module._compile (node:internal/modules/cjs/loader:1159:14)
    at Module._extensions..js (node:internal/modules/cjs/loader:1213:10)
    at Module.load (node:internal/modules/cjs/loader:1037:32)
    at Module._load (node:internal/modules/cjs/loader:878:12)
    at Object.<anonymous> (D:\Tirta Hakim Pambudhi\Tirta Hakim P XI SIJA 2\NodeJs\Clean Code Projects\Projects\node_modules\pm2\lib\ProcessContainerFork.js:33:23)
[2023-10-03 07:26:13.194 PM] error: 	uncaughtException: listen EADDRINUSE: address already in use :::3000
Error: listen EADDRINUSE: address already in use :::3000
    at Server.setupListenHandle [as _listen2] (node:net:1469:16)
    at listenInCluster (node:net:1517:12)
    at Server.listen (node:net:1605:7)
    at Function.listen (D:\Tirta Hakim Pambudhi\Tirta Hakim P XI SIJA 2\NodeJs\Clean Code Projects\Projects\node_modules\express\lib\application.js:635:24)
    at Object.<anonymous> (D:\Tirta Hakim Pambudhi\Tirta Hakim P XI SIJA 2\NodeJs\Clean Code Projects\Projects\index.js:6:5)
    at Module._compile (node:internal/modules/cjs/loader:1159:14)
    at Module._extensions..js (node:internal/modules/cjs/loader:1213:10)
    at Module.load (node:internal/modules/cjs/loader:1037:32)
    at Module._load (node:internal/modules/cjs/loader:878:12)
    at Object.<anonymous> (D:\Tirta Hakim Pambudhi\Tirta Hakim P XI SIJA 2\NodeJs\Clean Code Projects\Projects\node_modules\pm2\lib\ProcessContainerFork.js:33:23)
[2023-10-03 07:26:18.818 PM] error: 	uncaughtException: listen EADDRINUSE: address already in use :::3000
Error: listen EADDRINUSE: address already in use :::3000
    at Server.setupListenHandle [as _listen2] (node:net:1469:16)
    at listenInCluster (node:net:1517:12)
    at Server.listen (node:net:1605:7)
    at Function.listen (D:\Tirta Hakim Pambudhi\Tirta Hakim P XI SIJA 2\NodeJs\Clean Code Projects\Projects\node_modules\express\lib\application.js:635:24)
    at Object.<anonymous> (D:\Tirta Hakim Pambudhi\Tirta Hakim P XI SIJA 2\NodeJs\Clean Code Projects\Projects\index.js:6:5)
    at Module._compile (node:internal/modules/cjs/loader:1159:14)
    at Module._extensions..js (node:internal/modules/cjs/loader:1213:10)
    at Module.load (node:internal/modules/cjs/loader:1037:32)
    at Module._load (node:internal/modules/cjs/loader:878:12)
    at Object.<anonymous> (D:\Tirta Hakim Pambudhi\Tirta Hakim P XI SIJA 2\NodeJs\Clean Code Projects\Projects\node_modules\pm2\lib\ProcessContainerFork.js:33:23)
[2023-10-03 07:26:22.086 PM] error: 	uncaughtException: listen EADDRINUSE: address already in use :::3000
Error: listen EADDRINUSE: address already in use :::3000
    at Server.setupListenHandle [as _listen2] (node:net:1469:16)
    at listenInCluster (node:net:1517:12)
    at Server.listen (node:net:1605:7)
    at Function.listen (D:\Tirta Hakim Pambudhi\Tirta Hakim P XI SIJA 2\NodeJs\Clean Code Projects\Projects\node_modules\express\lib\application.js:635:24)
    at Object.<anonymous> (D:\Tirta Hakim Pambudhi\Tirta Hakim P XI SIJA 2\NodeJs\Clean Code Projects\Projects\index.js:6:5)
    at Module._compile (node:internal/modules/cjs/loader:1159:14)
    at Module._extensions..js (node:internal/modules/cjs/loader:1213:10)
    at Module.load (node:internal/modules/cjs/loader:1037:32)
    at Module._load (node:internal/modules/cjs/loader:878:12)
    at Object.<anonymous> (D:\Tirta Hakim Pambudhi\Tirta Hakim P XI SIJA 2\NodeJs\Clean Code Projects\Projects\node_modules\pm2\lib\ProcessContainerFork.js:33:23)
[2023-10-03 07:26:25.671 PM] error: 	uncaughtException: listen EADDRINUSE: address already in use :::3000
Error: listen EADDRINUSE: address already in use :::3000
    at Server.setupListenHandle [as _listen2] (node:net:1469:16)
    at listenInCluster (node:net:1517:12)
    at Server.listen (node:net:1605:7)
    at Function.listen (D:\Tirta Hakim Pambudhi\Tirta Hakim P XI SIJA 2\NodeJs\Clean Code Projects\Projects\node_modules\express\lib\application.js:635:24)
    at Object.<anonymous> (D:\Tirta Hakim Pambudhi\Tirta Hakim P XI SIJA 2\NodeJs\Clean Code Projects\Projects\index.js:6:5)
    at Module._compile (node:internal/modules/cjs/loader:1159:14)
    at Module._extensions..js (node:internal/modules/cjs/loader:1213:10)
    at Module.load (node:internal/modules/cjs/loader:1037:32)
    at Module._load (node:internal/modules/cjs/loader:878:12)
    at Object.<anonymous> (D:\Tirta Hakim Pambudhi\Tirta Hakim P XI SIJA 2\NodeJs\Clean Code Projects\Projects\node_modules\pm2\lib\ProcessContainerFork.js:33:23)
[2023-10-03 07:26:29.278 PM] error: 	uncaughtException: listen EADDRINUSE: address already in use :::3000
Error: listen EADDRINUSE: address already in use :::3000
    at Server.setupListenHandle [as _listen2] (node:net:1469:16)
    at listenInCluster (node:net:1517:12)
    at Server.listen (node:net:1605:7)
    at Function.listen (D:\Tirta Hakim Pambudhi\Tirta Hakim P XI SIJA 2\NodeJs\Clean Code Projects\Projects\node_modules\express\lib\application.js:635:24)
    at Object.<anonymous> (D:\Tirta Hakim Pambudhi\Tirta Hakim P XI SIJA 2\NodeJs\Clean Code Projects\Projects\index.js:6:5)
    at Module._compile (node:internal/modules/cjs/loader:1159:14)
    at Module._extensions..js (node:internal/modules/cjs/loader:1213:10)
    at Module.load (node:internal/modules/cjs/loader:1037:32)
    at Module._load (node:internal/modules/cjs/loader:878:12)
    at Object.<anonymous> (D:\Tirta Hakim Pambudhi\Tirta Hakim P XI SIJA 2\NodeJs\Clean Code Projects\Projects\node_modules\pm2\lib\ProcessContainerFork.js:33:23)
[2023-10-03 07:26:32.571 PM] error: 	uncaughtException: listen EADDRINUSE: address already in use :::3000
Error: listen EADDRINUSE: address already in use :::3000
    at Server.setupListenHandle [as _listen2] (node:net:1469:16)
    at listenInCluster (node:net:1517:12)
    at Server.listen (node:net:1605:7)
    at Function.listen (D:\Tirta Hakim Pambudhi\Tirta Hakim P XI SIJA 2\NodeJs\Clean Code Projects\Projects\node_modules\express\lib\application.js:635:24)
    at Object.<anonymous> (D:\Tirta Hakim Pambudhi\Tirta Hakim P XI SIJA 2\NodeJs\Clean Code Projects\Projects\index.js:6:5)
    at Module._compile (node:internal/modules/cjs/loader:1159:14)
    at Module._extensions..js (node:internal/modules/cjs/loader:1213:10)
    at Module.load (node:internal/modules/cjs/loader:1037:32)
    at Module._load (node:internal/modules/cjs/loader:878:12)
    at Object.<anonymous> (D:\Tirta Hakim Pambudhi\Tirta Hakim P XI SIJA 2\NodeJs\Clean Code Projects\Projects\node_modules\pm2\lib\ProcessContainerFork.js:33:23)
[2023-10-03 07:26:35.718 PM] error: 	uncaughtException: listen EADDRINUSE: address already in use :::3000
Error: listen EADDRINUSE: address already in use :::3000
    at Server.setupListenHandle [as _listen2] (node:net:1469:16)
    at listenInCluster (node:net:1517:12)
    at Server.listen (node:net:1605:7)
    at Function.listen (D:\Tirta Hakim Pambudhi\Tirta Hakim P XI SIJA 2\NodeJs\Clean Code Projects\Projects\node_modules\express\lib\application.js:635:24)
    at Object.<anonymous> (D:\Tirta Hakim Pambudhi\Tirta Hakim P XI SIJA 2\NodeJs\Clean Code Projects\Projects\index.js:6:5)
    at Module._compile (node:internal/modules/cjs/loader:1159:14)
    at Module._extensions..js (node:internal/modules/cjs/loader:1213:10)
    at Module.load (node:internal/modules/cjs/loader:1037:32)
    at Module._load (node:internal/modules/cjs/loader:878:12)
    at Object.<anonymous> (D:\Tirta Hakim Pambudhi\Tirta Hakim P XI SIJA 2\NodeJs\Clean Code Projects\Projects\node_modules\pm2\lib\ProcessContainerFork.js:33:23)
[2023-10-03 07:26:39.738 PM] error: 	uncaughtException: listen EADDRINUSE: address already in use :::3000
Error: listen EADDRINUSE: address already in use :::3000
    at Server.setupListenHandle [as _listen2] (node:net:1469:16)
    at listenInCluster (node:net:1517:12)
    at Server.listen (node:net:1605:7)
    at Function.listen (D:\Tirta Hakim Pambudhi\Tirta Hakim P XI SIJA 2\NodeJs\Clean Code Projects\Projects\node_modules\express\lib\application.js:635:24)
    at Object.<anonymous> (D:\Tirta Hakim Pambudhi\Tirta Hakim P XI SIJA 2\NodeJs\Clean Code Projects\Projects\index.js:6:5)
    at Module._compile (node:internal/modules/cjs/loader:1159:14)
    at Module._extensions..js (node:internal/modules/cjs/loader:1213:10)
    at Module.load (node:internal/modules/cjs/loader:1037:32)
    at Module._load (node:internal/modules/cjs/loader:878:12)
    at Object.<anonymous> (D:\Tirta Hakim Pambudhi\Tirta Hakim P XI SIJA 2\NodeJs\Clean Code Projects\Projects\node_modules\pm2\lib\ProcessContainerFork.js:33:23)
[2023-10-03 07:36:29.944 PM] error: 	uncaughtException: Unexpected token '('
D:\Tirta Hakim Pambudhi\Tirta Hakim P XI SIJA 2\NodeJs\Clean Code Projects\Projects\src\controllers\pages\seller.dashboard.pages.controller.js:22
            res.(code).render("seller/dashboard/dashboard.ejs",{layout :"seller/dashboard/Partials/main.ejs",result,data,title:"Dashboard"})
                ^

SyntaxError: Unexpected token '('
    at Object.compileFunction (node:vm:360:18)
    at wrapSafe (node:internal/modules/cjs/loader:1088:15)
    at Module._compile (node:internal/modules/cjs/loader:1123:27)
    at Module._extensions..js (node:internal/modules/cjs/loader:1213:10)
    at Module.load (node:internal/modules/cjs/loader:1037:32)
    at Module._load (node:internal/modules/cjs/loader:878:12)
    at Module.require (node:internal/modules/cjs/loader:1061:19)
    at require (node:internal/modules/cjs/helpers:103:18)
    at Object.<anonymous> (D:\Tirta Hakim Pambudhi\Tirta Hakim P XI SIJA 2\NodeJs\Clean Code Projects\Projects\src\routes\seller.routes.js:9:19)
    at Module._compile (node:internal/modules/cjs/loader:1159:14)
[2023-10-03 10:49:12.382 PM] error: 	uncaughtException: Identifier 'result' has already been declared
D:\Tirta Hakim Pambudhi\Tirta Hakim P XI SIJA 2\NodeJs\Clean Code Projects\Projects\src\services\pages\seller.page.service.js:172
      const result
            ^

SyntaxError: Identifier 'result' has already been declared
    at Object.compileFunction (node:vm:360:18)
    at wrapSafe (node:internal/modules/cjs/loader:1088:15)
    at Module._compile (node:internal/modules/cjs/loader:1123:27)
    at Module._extensions..js (node:internal/modules/cjs/loader:1213:10)
    at Module.load (node:internal/modules/cjs/loader:1037:32)
    at Module._load (node:internal/modules/cjs/loader:878:12)
    at Module.require (node:internal/modules/cjs/loader:1061:19)
    at require (node:internal/modules/cjs/helpers:103:18)
    at Object.<anonymous> (D:\Tirta Hakim Pambudhi\Tirta Hakim P XI SIJA 2\NodeJs\Clean Code Projects\Projects\src\controllers\pages\seller.pages.controller.js:6:29)
    at Module._compile (node:internal/modules/cjs/loader:1159:14)
[2023-10-03 10:52:41.030 PM] error: 	uncaughtException: missing ) after argument list
D:\Tirta Hakim Pambudhi\Tirta Hakim P XI SIJA 2\NodeJs\Clean Code Projects\Projects\src\services\pages\seller.page.service.js:172
      const result_paging = await this.Cars.findAll({where : {sellerId : id_params}},limit : envConfig.data_per_page,off)
                                                                                     ^^^^^

SyntaxError: missing ) after argument list
    at Object.compileFunction (node:vm:360:18)
    at wrapSafe (node:internal/modules/cjs/loader:1088:15)
    at Module._compile (node:internal/modules/cjs/loader:1123:27)
    at Module._extensions..js (node:internal/modules/cjs/loader:1213:10)
    at Module.load (node:internal/modules/cjs/loader:1037:32)
    at Module._load (node:internal/modules/cjs/loader:878:12)
    at Module.require (node:internal/modules/cjs/loader:1061:19)
    at require (node:internal/modules/cjs/helpers:103:18)
    at Object.<anonymous> (D:\Tirta Hakim Pambudhi\Tirta Hakim P XI SIJA 2\NodeJs\Clean Code Projects\Projects\src\controllers\pages\seller.pages.controller.js:6:29)
    at Module._compile (node:internal/modules/cjs/loader:1159:14)
[2023-10-03 10:52:49.645 PM] error: 	uncaughtException: missing ) after argument list
D:\Tirta Hakim Pambudhi\Tirta Hakim P XI SIJA 2\NodeJs\Clean Code Projects\Projects\src\services\pages\seller.page.service.js:172
      const result_paging = await this.Cars.findAll({where : {sellerId : id_params}},limit : envConfig.data_per_page,offset)
                                                                                     ^^^^^

SyntaxError: missing ) after argument list
    at Object.compileFunction (node:vm:360:18)
    at wrapSafe (node:internal/modules/cjs/loader:1088:15)
    at Module._compile (node:internal/modules/cjs/loader:1123:27)
    at Module._extensions..js (node:internal/modules/cjs/loader:1213:10)
    at Module.load (node:internal/modules/cjs/loader:1037:32)
    at Module._load (node:internal/modules/cjs/loader:878:12)
    at Module.require (node:internal/modules/cjs/loader:1061:19)
    at require (node:internal/modules/cjs/helpers:103:18)
    at Object.<anonymous> (D:\Tirta Hakim Pambudhi\Tirta Hakim P XI SIJA 2\NodeJs\Clean Code Projects\Projects\src\controllers\pages\seller.pages.controller.js:6:29)
    at Module._compile (node:internal/modules/cjs/loader:1159:14)
[2023-10-03 10:52:55.858 PM] error: 	uncaughtException: missing ) after argument list
D:\Tirta Hakim Pambudhi\Tirta Hakim P XI SIJA 2\NodeJs\Clean Code Projects\Projects\src\services\pages\seller.page.service.js:172
      const result_paging = await this.Cars.findAll({where : {sellerId : id_params}},limit : envConfig.data_per_page,offset)
                                                                                     ^^^^^

SyntaxError: missing ) after argument list
    at Object.compileFunction (node:vm:360:18)
    at wrapSafe (node:internal/modules/cjs/loader:1088:15)
    at Module._compile (node:internal/modules/cjs/loader:1123:27)
    at Module._extensions..js (node:internal/modules/cjs/loader:1213:10)
    at Module.load (node:internal/modules/cjs/loader:1037:32)
    at Module._load (node:internal/modules/cjs/loader:878:12)
    at Module.require (node:internal/modules/cjs/loader:1061:19)
    at require (node:internal/modules/cjs/helpers:103:18)
    at Object.<anonymous> (D:\Tirta Hakim Pambudhi\Tirta Hakim P XI SIJA 2\NodeJs\Clean Code Projects\Projects\src\controllers\pages\seller.pages.controller.js:6:29)
    at Module._compile (node:internal/modules/cjs/loader:1159:14)
[2023-10-03 10:53:02.653 PM] error: 	uncaughtException: missing ) after argument list
D:\Tirta Hakim Pambudhi\Tirta Hakim P XI SIJA 2\NodeJs\Clean Code Projects\Projects\src\services\pages\seller.page.service.js:172
      const result_paging = await this.Cars.findAll({where : {sellerId : id_params}},limit : envConfig.data_per_page,offset)
                                                                                     ^^^^^

SyntaxError: missing ) after argument list
    at Object.compileFunction (node:vm:360:18)
    at wrapSafe (node:internal/modules/cjs/loader:1088:15)
    at Module._compile (node:internal/modules/cjs/loader:1123:27)
    at Module._extensions..js (node:internal/modules/cjs/loader:1213:10)
    at Module.load (node:internal/modules/cjs/loader:1037:32)
    at Module._load (node:internal/modules/cjs/loader:878:12)
    at Module.require (node:internal/modules/cjs/loader:1061:19)
    at require (node:internal/modules/cjs/helpers:103:18)
    at Object.<anonymous> (D:\Tirta Hakim Pambudhi\Tirta Hakim P XI SIJA 2\NodeJs\Clean Code Projects\Projects\src\controllers\pages\seller.pages.controller.js:6:29)
    at Module._compile (node:internal/modules/cjs/loader:1159:14)
[2023-10-03 10:53:25.983 PM] error: 	uncaughtException: missing ) after argument list
D:\Tirta Hakim Pambudhi\Tirta Hakim P XI SIJA 2\NodeJs\Clean Code Projects\Projects\src\services\pages\seller.page.service.js:172
      const result_paging = await this.Cars.findAll({where : {sellerId : id_params}},limit : envConfig.data_per_page,offset)
                                                                                     ^^^^^

SyntaxError: missing ) after argument list
    at Object.compileFunction (node:vm:360:18)
    at wrapSafe (node:internal/modules/cjs/loader:1088:15)
    at Module._compile (node:internal/modules/cjs/loader:1123:27)
    at Module._extensions..js (node:internal/modules/cjs/loader:1213:10)
    at Module.load (node:internal/modules/cjs/loader:1037:32)
    at Module._load (node:internal/modules/cjs/loader:878:12)
    at Module.require (node:internal/modules/cjs/loader:1061:19)
    at require (node:internal/modules/cjs/helpers:103:18)
    at Object.<anonymous> (D:\Tirta Hakim Pambudhi\Tirta Hakim P XI SIJA 2\NodeJs\Clean Code Projects\Projects\src\controllers\pages\seller.pages.controller.js:6:29)
    at Module._compile (node:internal/modules/cjs/loader:1159:14)
[2023-10-03 10:54:59.747 PM] error: 	uncaughtException: Missing initializer in const declaration
D:\Tirta Hakim Pambudhi\Tirta Hakim P XI SIJA 2\NodeJs\Clean Code Projects\Projects\src\controllers\pages\seller.dashboard.pages.controller.js:33
            const page
                  ^^^^

SyntaxError: Missing initializer in const declaration
    at Object.compileFunction (node:vm:360:18)
    at wrapSafe (node:internal/modules/cjs/loader:1088:15)
    at Module._compile (node:internal/modules/cjs/loader:1123:27)
    at Module._extensions..js (node:internal/modules/cjs/loader:1213:10)
    at Module.load (node:internal/modules/cjs/loader:1037:32)
    at Module._load (node:internal/modules/cjs/loader:878:12)
    at Module.require (node:internal/modules/cjs/loader:1061:19)
    at require (node:internal/modules/cjs/helpers:103:18)
    at Object.<anonymous> (D:\Tirta Hakim Pambudhi\Tirta Hakim P XI SIJA 2\NodeJs\Clean Code Projects\Projects\src\routes\seller.routes.js:9:19)
    at Module._compile (node:internal/modules/cjs/loader:1159:14)
[2024-02-08 05:28:09.725 PM] error: 	uncaughtException: Unexpected token '.'
/media/tirtahakim/HDD External1/Tirta Hakim Pambudhi/Tirta Hakim P XI SIJA 2/NodeJs/Clean Code Projects/Otw Putty/src/services/pages/seller.page.service.js:63
              include : {this.}
                             ^

SyntaxError: Unexpected token '.'
    at internalCompileFunction (node:internal/vm:77:18)
    at wrapSafe (node:internal/modules/cjs/loader:1290:20)
    at Module._compile (node:internal/modules/cjs/loader:1342:27)
    at Module._extensions..js (node:internal/modules/cjs/loader:1437:10)
    at Module.load (node:internal/modules/cjs/loader:1212:32)
    at Module._load (node:internal/modules/cjs/loader:1028:12)
    at Module.require (node:internal/modules/cjs/loader:1237:19)
    at require (node:internal/modules/helpers:176:18)
    at Object.<anonymous> (/media/tirtahakim/HDD External1/Tirta Hakim Pambudhi/Tirta Hakim P XI SIJA 2/NodeJs/Clean Code Projects/Otw Putty/src/controllers/pages/seller.pages.controller.js:6:29)
    at Module._compile (node:internal/modules/cjs/loader:1378:14)
[2024-02-08 08:42:15.361 PM] error: 	uncaughtException: Unexpected identifier 'result'
/media/tirtahakim/HDD External1/Tirta Hakim Pambudhi/Tirta Hakim P XI SIJA 2/NodeJs/Clean Code Projects/Otw Putty/src/controllers/pages/seller.dashboard.pages.controller.js:103
            const result = await service.profile_page(id_params)
                  ^^^^^^

SyntaxError: Unexpected identifier 'result'
    at internalCompileFunction (node:internal/vm:77:18)
    at wrapSafe (node:internal/modules/cjs/loader:1[2024-02-08 08:49:29.819 PM] error: 	uncaughtException: id is not defined
ReferenceError: id is not defined
    at Object.<anonymous> (/media/tirtahakim/HDD External1/Tirta Hakim Pambudhi/Tirta Hakim P XI SIJA 2/NodeJs/Clean Code Projects/Otw Putty/src/models/db/db.cars.models.js:74:9)
    at Module._compile (node:internal/modules/cjs/loader:1378:14)
    at Module._extensions..js (node:internal/modules/cjs/loader:1437:10)
    at Module.load (node:internal/modules/cjs/loader:1212:32)
    at Module._load (node:internal/modules/cjs/loader:1028:12)
    at Module.require (node:internal/modules/cjs/loader:1237:19)
    at require (node:internal/modules/helpers:176:18)
    at Object.<anonymous> (/media/tirtahakim/HDD External1/Tirta Hakim Pambudhi/Tirta Hakim P XI SIJA 2/NodeJs/Clean Code Projects/Otw Putty/src/models/models.js:2:14)
    at Module._compile (node:internal/modules/cjs/loader:1378:14)
    at Module._extensions..js (node:internal/modules/cjs/loader:1437:10)
[2024-02-08 08:49:41.421 PM] error: 	uncaughtException: id is not defined
ReferenceError: id is not defined
    at Object.<anonymous> (/media/tirtahakim/HDD External1/Tirta Hakim Pambudhi/Tirta Hakim P XI SIJA 2/NodeJs/Clean Code Projects/Otw Putty/src/models/db/db.cars.models.js:74:9)
    at Module._compile (node:internal/modules/cjs/loader:1378:14)
    at Module._extensions..js (node:internal/modules/cjs/loader:1437:10)
    at Module.load (node:internal/modules/cjs/loader:1212:32)
    at Module._load (node:internal/modules/cjs/loader:1028:12)
    at Module.require (node:internal/modules/cjs/loader:1237:19)
    at require (node:internal/modules/helpers:176:18)
    at Object.<anonymous> (/media/tirtahakim/HDD External1/Tirta Hakim Pambudhi/Tirta Hakim P XI SIJA 2/NodeJs/Clean Code Projects/Otw Putty/src/models/models.js:2:14)
    at Module._compile (node:internal/modules/cjs/loader:1378:14)
    at Module._extensions..js (node:internal/modules/cjs/loader:1437:10)
[2024-02-08 08:52:14.661 PM] error: 	uncaughtException: Unexpected token '}'
/media/tirtahakim/HDD External1/Tirta Hakim Pambudhi/Tirta Hakim P XI SIJA 2/NodeJs/Clean Code Projects/Otw Putty/src/services/pages/seller.page.service.js:56
        } catch (error) {
        ^

SyntaxError: Unexpected token '}'
    at internalCompileFunction (node:internal/vm:77:18)
    at wrapSafe (node:internal/modules/cjs/loader:1290:20)
    at Module._compile (node:internal/modules/cjs/loader:1342:27)
    at Module._extensions..js (node:internal/modules/cjs/loader:1437:10)
    at Module.load (node:internal/modules/cjs/loader:1212:32)
    at Module._load (node:internal/modules/cjs/loader:1028:12)
    at Module.require (node:internal/modules/cjs/loader:1237:19)
    at require (node:internal/modules/helpers:176:18)
    at Object.<anonymous> (/media/tirtahakim/HDD External1/Tirta Hakim Pambudhi/Tirta Hakim P XI SIJA 2/NodeJs/Clean Code Projects/Otw Putty/src/controllers/pages/seller.pages.controller.js:6:29)
    at Module._compile (node:internal/modules/cjs/loader:1378:14)
[2024-02-08 08:53:37.610 PM] error: 	uncaughtException: Unexpected token 'throw'
/media/tirtahakim/HDD External1/Tirta Hakim Pambudhi/Tirta Hakim P XI SIJA 2/NodeJs/Clean Code Projects/Otw Putty/src/services/pages/seller.page.service.js:55
          return (carsExist !=  null || carsExist != undefined) ?carsExist :throw new errorResponse(404, "Seller Not Found");
                                                                            ^^^^^

SyntaxError: Unexpected token 'throw'
    at internalCompileFunction (node:internal/vm:77:18)
    at wrapSafe (node:internal/modules/cjs/loader:1290:20)
    at Module._compile (node:internal/modules/cjs/loader:1342:27)
    at Module._extensions..js (node:internal/modules/cjs/loader:1437:10)
    at Module.load (node:internal/modules/cjs/loader:1212:32)
    at Module._load (node:internal/modules/cjs/loader:1028:12)
    at Module.require (node:internal/modules/cjs/loader:1237:19)
    at require (node:internal/modules/helpers:176:18)
    at Object.<anonymous> (/media/tirtahakim/HDD External1/Tirta Hakim Pambudhi/Tirta Hakim P XI SIJA 2/NodeJs/Clean Code Projects/Otw Putty/src/controllers/pages/seller.pages.controller.js:6:29)
    at Module._compile (node:internal/modules/cjs/loader:1378:14)
